Log file open, 04/21/20 13:31:07
LogWindows: Failed to load 'aqProf.dll' (GetLastError=126)
LogWindows: File 'aqProf.dll' does not exist
LogWindows: Failed to load 'VtuneApi.dll' (GetLastError=126)
LogWindows: File 'VtuneApi.dll' does not exist
LogWindows: Failed to load 'VtuneApi32e.dll' (GetLastError=126)
LogWindows: File 'VtuneApi32e.dll' does not exist
LogConsoleResponse: Display: Failed to find resolution value strings in scalability ini. Falling back to default.
LogInit: Display: Running engine for game: PhinalPhantasy
LogPlatformFile: Not using cached read wrapper
LogTaskGraph: Started task graph with 5 named threads and 11 total threads with 3 sets of task threads.
LogStats: Stats thread started at 0.081044
LogD3D11RHI: Loaded GFSDK_Aftermath_Lib.x64.dll
LogICUInternationalization: ICU TimeZone Detection - Raw Offset: -5:00, Platform Override: ''
LogPluginManager: Mounting plugin Paper2D
LogPluginManager: Mounting plugin AISupport
LogPluginManager: Mounting plugin LightPropagationVolume
LogPluginManager: Mounting plugin ActorLayerUtilities
LogPluginManager: Mounting plugin AnimationSharing
LogPluginManager: Mounting plugin CLionSourceCodeAccess
LogPluginManager: Mounting plugin CodeLiteSourceCodeAccess
LogPluginManager: Mounting plugin GitSourceControl
LogPluginManager: Mounting plugin KDevelopSourceCodeAccess
LogPluginManager: Mounting plugin NullSourceCodeAccess
LogPluginManager: Mounting plugin PerforceSourceControl
LogPluginManager: Mounting plugin SubversionSourceControl
LogPluginManager: Mounting plugin UObjectPlugin
LogPluginManager: Mounting plugin VisualStudioCodeSourceCodeAccess
LogPluginManager: Mounting plugin VisualStudioSourceCodeAccess
LogPluginManager: Mounting plugin XCodeSourceCodeAccess
LogPluginManager: Mounting plugin AssetManagerEditor
LogPluginManager: Mounting plugin CryptoKeys
LogPluginManager: Mounting plugin CurveEditorTools
LogPluginManager: Mounting plugin DataValidation
LogPluginManager: Mounting plugin FacialAnimation
LogPluginManager: Mounting plugin GameplayTagsEditor
LogPluginManager: Mounting plugin MacGraphicsSwitching
LogPluginManager: Mounting plugin MaterialAnalyzer
LogPluginManager: Mounting plugin MobileLauncherProfileWizard
LogPluginManager: Mounting plugin PluginBrowser
LogPluginManager: Mounting plugin SpeedTreeImporter
LogPluginManager: Mounting plugin DatasmithContent
LogPluginManager: Mounting plugin VariantManagerContent
LogPluginManager: Mounting plugin AlembicImporter
LogPluginManager: Mounting plugin AutomationUtils
LogPluginManager: Mounting plugin BackChannel
LogPluginManager: Mounting plugin CharacterAI
LogPluginManager: Mounting plugin GeometryCache
LogPluginManager: Mounting plugin HTML5Networking
LogPluginManager: Mounting plugin PlatformCrypto
LogPluginManager: Mounting plugin ProxyLODPlugin
LogPluginManager: Mounting plugin SkeletalReduction
LogPluginManager: Mounting plugin MagicLeap
LogPluginManager: Mounting plugin MagicLeapMedia
LogPluginManager: Mounting plugin AndroidMedia
LogPluginManager: Mounting plugin AvfMedia
LogPluginManager: Mounting plugin ImgMedia
LogPluginManager: Mounting plugin MediaCompositing
LogPluginManager: Mounting plugin MediaPlayerEditor
LogPluginManager: Mounting plugin WebMMedia
LogPluginManager: Mounting plugin WmfMedia
LogPluginManager: Mounting plugin TcpMessaging
LogPluginManager: Mounting plugin UdpMessaging
LogPluginManager: Mounting plugin ActorSequence
LogPluginManager: Mounting plugin LevelSequenceEditor
LogPluginManager: Mounting plugin MatineeToLevelSequence
LogPluginManager: Mounting plugin NetcodeUnitTest
LogPluginManager: Mounting plugin NUTUnrealEngine4
LogPluginManager: Mounting plugin OnlineSubsystemGooglePlay
LogPluginManager: Mounting plugin OnlineSubsystemIOS
LogPluginManager: Mounting plugin OnlineSubsystem
LogPluginManager: Mounting plugin OnlineSubsystemNull
LogPluginManager: Mounting plugin OnlineSubsystemUtils
LogPluginManager: Mounting plugin LauncherChunkInstaller
LogPluginManager: Mounting plugin AndroidDeviceProfileSelector
LogPluginManager: Mounting plugin AndroidMoviePlayer
LogPluginManager: Mounting plugin AndroidPermission
LogPluginManager: Mounting plugin AppleImageUtils
LogPluginManager: Mounting plugin AppleMoviePlayer
LogPluginManager: Mounting plugin ArchVisCharacter
LogPluginManager: Mounting plugin AudioCapture
LogPluginManager: Mounting plugin CableComponent
LogPluginManager: Mounting plugin CustomMeshComponent
LogPluginManager: Mounting plugin EditableMesh
LogPluginManager: Mounting plugin ExampleDeviceProfileSelector
LogPluginManager: Mounting plugin GoogleCloudMessaging
LogPluginManager: Mounting plugin IOSDeviceProfileSelector
LogPluginManager: Mounting plugin LinuxDeviceProfileSelector
LogPluginManager: Mounting plugin LocationServicesBPLibrary
LogPluginManager: Mounting plugin MobilePatchingUtils
LogPluginManager: Mounting plugin OculusVR
LogPluginManager: Mounting plugin PhysXVehicles
LogPluginManager: Mounting plugin ProceduralMeshComponent
LogPluginManager: Mounting plugin RuntimePhysXCooking
LogPluginManager: Mounting plugin SignificanceManager
LogPluginManager: Mounting plugin SteamVR
LogPluginManager: Mounting plugin WebMMoviePlayer
LogPluginManager: Mounting plugin WindowsMoviePlayer
LogPluginManager: Mounting plugin ScreenshotTools
LogInit: Using libcurl 7.55.1-DEV
LogInit:  - built for x86_64-pc-win32
LogInit:  - supports SSL with OpenSSL/1.1.1
LogInit:  - supports HTTP deflate (compression) using libz 1.2.8
LogInit:  - other features:
LogInit:      CURL_VERSION_SSL
LogInit:      CURL_VERSION_LIBZ
LogInit:      CURL_VERSION_IPV6
LogInit:      CURL_VERSION_ASYNCHDNS
LogInit:      CURL_VERSION_LARGEFILE
LogInit:      CURL_VERSION_IDN
LogInit:  CurlRequestOptions (configurable via config and command line):
LogInit:  - bVerifyPeer = true  - Libcurl will verify peer certificate
LogInit:  - bUseHttpProxy = false  - Libcurl will NOT use HTTP proxy
LogInit:  - bDontReuseConnections = false  - Libcurl will reuse connections
LogInit:  - MaxHostConnections = 16  - Libcurl will limit the number of connections to a host
LogInit:  - LocalHostAddr = Default
LogInit:  - BufferSize = 65536
LogOnline: OSS: Creating online subsystem instance for: NULL
LogInit: WinSock: version 1.1 (2.2), MaxSocks=32767, MaxUdp=65467
LogInit: Build: ++UE4+Release-4.23-CL-9631420
LogInit: Engine Version: 4.23.1-9631420+++UE4+Release-4.23
LogInit: Compatible Engine Version: 4.23.0-8386587+++UE4+Release-4.23
LogInit: Net CL: 8386587
LogInit: OS: Windows 10 (Release 1903) (), CPU: Intel(R) Core(TM) i7-7500U CPU @ 2.70GHz, GPU: Intel(R) HD Graphics 620
LogInit: Compiled (64-bit): Oct 18 2019 02:07:44
LogInit: Compiled with Visual C++: 19.16.27030.01
LogInit: Build Configuration: Development
LogInit: Branch Name: ++UE4+Release-4.23
LogInit: Command Line: 
LogInit: Base Directory: G:/UE_4.23/Engine/Binaries/Win64/
LogInit: Installed Engine Build: 1
LogDevObjectVersion: Number of dev versions registered: 23
LogDevObjectVersion:   Dev-Blueprints (B0D832E4-1F89-4F0D-ACCF-7EB736FD4AA2): 10
LogDevObjectVersion:   Dev-Build (E1C64328-A22C-4D53-A36C-8E866417BD8C): 0
LogDevObjectVersion:   Dev-Core (375EC13C-06E4-48FB-B500-84F0262A717E): 3
LogDevObjectVersion:   Dev-Editor (E4B068ED-F494-42E9-A231-DA0B2E46BB41): 34
LogDevObjectVersion:   Dev-Framework (CFFC743F-43B0-4480-9391-14DF171D2073): 35
LogDevObjectVersion:   Dev-Mobile (B02B49B5-BB20-44E9-A304-32B752E40360): 2
LogDevObjectVersion:   Dev-Networking (A4E4105C-59A1-49B5-A7C5-40C4547EDFEE): 0
LogDevObjectVersion:   Dev-Online (39C831C9-5AE6-47DC-9A44-9C173E1C8E7C): 0
LogDevObjectVersion:   Dev-Physics (78F01B33-EBEA-4F98-B9B4-84EACCB95AA2): 0
LogDevObjectVersion:   Dev-Platform (6631380F-2D4D-43E0-8009-CF276956A95A): 0
LogDevObjectVersion:   Dev-Rendering (12F88B9F-8875-4AFC-A67C-D90C383ABD29): 31
LogDevObjectVersion:   Dev-Sequencer (7B5AE74C-D270-4C10-A958-57980B212A5A): 11
LogDevObjectVersion:   Dev-VR (D7296918-1DD6-4BDD-9DE2-64A83CC13884): 2
LogDevObjectVersion:   Dev-LoadTimes (C2A15278-BFE7-4AFE-6C17-90FF531DF755): 1
LogDevObjectVersion:   Private-Geometry (6EACA3D4-40EC-4CC1-B786-8BED09428FC5): 3
LogDevObjectVersion:   Dev-AnimPhys (29E575DD-E0A3-4627-9D10-D276232CDCEA): 17
LogDevObjectVersion:   Dev-Anim (AF43A65D-7FD3-4947-9873-3E8ED9C1BB05): 2
LogDevObjectVersion:   Dev-ReflectionCapture (6B266CEC-1EC7-4B8F-A30B-E4D90942FC07): 1
LogDevObjectVersion:   Dev-Automation (0DF73D61-A23F-47EA-B727-89E90C41499A): 1
LogDevObjectVersion:   FortniteMain (601D1886-AC64-4F84-AA16-D3DE0DEAC7D6): 27
LogDevObjectVersion:   Dev-Enterprise (9DFFBCD6-494F-0158-E221-12823C92A888): 6
LogDevObjectVersion:   Dev-Niagara (F2AED0AC-9AFE-416F-8664-AA7FFA26D6FC): 1
LogDevObjectVersion:   Dev-Destruction (174F1F0B-B4C6-45A5-B13F-2EE8D0FB917D): 9
LogInit: Presizing for max 16777216 objects, including 0 objects not considered by GC, pre-allocating 0 bytes for permanent pool.
LogInit: Object subsystem initialized
LogConfig: Setting CVar [[con.DebugEarlyDefault:1]]
LogConfig: Setting CVar [[r.setres:1280x720]]
[2020.04.21-17.31.08:019][  0]LogConfig: Setting CVar [[r.VSync:0]]
[2020.04.21-17.31.08:019][  0]LogConfig: Setting CVar [[r.RHICmdBypass:0]]
[2020.04.21-17.31.08:019][  0]LogConfig: Applying CVar settings from Section [/Script/Engine.RendererSettings] File [C:/Users/mason/Documents/GitHub/PhinalPhantasyTurnIn/PhinalPhantasy 4.23/Saved/Config/Windows/Engine.ini]
[2020.04.21-17.31.08:019][  0]LogConfig: Setting CVar [[r.GPUCrashDebugging:0]]
[2020.04.21-17.31.08:019][  0]LogConfig: Applying CVar settings from Section [/Script/Engine.RendererOverrideSettings] File [C:/Users/mason/Documents/GitHub/PhinalPhantasyTurnIn/PhinalPhantasy 4.23/Saved/Config/Windows/Engine.ini]
[2020.04.21-17.31.08:019][  0]LogConfig: Applying CVar settings from Section [/Script/Engine.StreamingSettings] File [C:/Users/mason/Documents/GitHub/PhinalPhantasyTurnIn/PhinalPhantasy 4.23/Saved/Config/Windows/Engine.ini]
[2020.04.21-17.31.08:019][  0]LogConfig: Setting CVar [[s.MinBulkDataSizeForAsyncLoading:131072]]
[2020.04.21-17.31.08:019][  0]LogConfig: Setting CVar [[s.AsyncLoadingThreadEnabled:0]]
[2020.04.21-17.31.08:019][  0]LogConfig: Setting CVar [[s.EventDrivenLoaderEnabled:1]]
[2020.04.21-17.31.08:019][  0]LogConfig: Setting CVar [[s.WarnIfTimeLimitExceeded:0]]
[2020.04.21-17.31.08:019][  0]LogConfig: Setting CVar [[s.TimeLimitExceededMultiplier:1.5]]
[2020.04.21-17.31.08:019][  0]LogConfig: Setting CVar [[s.TimeLimitExceededMinTime:0.005]]
[2020.04.21-17.31.08:019][  0]LogConfig: Setting CVar [[s.UseBackgroundLevelStreaming:1]]
[2020.04.21-17.31.08:019][  0]LogConfig: Setting CVar [[s.PriorityAsyncLoadingExtraTime:15.0]]
[2020.04.21-17.31.08:019][  0]LogConfig: Setting CVar [[s.LevelStreamingActorsUpdateTimeLimit:5.0]]
[2020.04.21-17.31.08:019][  0]LogConfig: Setting CVar [[s.PriorityLevelStreamingActorsUpdateExtraTime:5.0]]
[2020.04.21-17.31.08:019][  0]LogConfig: Setting CVar [[s.LevelStreamingComponentsRegistrationGranularity:10]]
[2020.04.21-17.31.08:019][  0]LogConfig: Setting CVar [[s.UnregisterComponentsTimeLimit:1.0]]
[2020.04.21-17.31.08:019][  0]LogConfig: Setting CVar [[s.LevelStreamingComponentsUnregistrationGranularity:5]]
[2020.04.21-17.31.08:019][  0]LogConfig: Applying CVar settings from Section [/Script/Engine.GarbageCollectionSettings] File [C:/Users/mason/Documents/GitHub/PhinalPhantasyTurnIn/PhinalPhantasy 4.23/Saved/Config/Windows/Engine.ini]
[2020.04.21-17.31.08:019][  0]LogConfig: Setting CVar [[gc.MaxObjectsNotConsideredByGC:1]]
[2020.04.21-17.31.08:019][  0]LogConfig: Setting CVar [[gc.SizeOfPermanentObjectPool:0]]
[2020.04.21-17.31.08:019][  0]LogConfig: Setting CVar [[gc.FlushStreamingOnGC:0]]
[2020.04.21-17.31.08:019][  0]LogConfig: Setting CVar [[gc.NumRetriesBeforeForcingGC:10]]
[2020.04.21-17.31.08:019][  0]LogConfig: Setting CVar [[gc.AllowParallelGC:1]]
[2020.04.21-17.31.08:019][  0]LogConfig: Setting CVar [[gc.TimeBetweenPurgingPendingKillObjects:61.1]]
[2020.04.21-17.31.08:019][  0]LogConfig: Setting CVar [[gc.MaxObjectsInEditor:16777216]]
[2020.04.21-17.31.08:019][  0]LogConfig: Setting CVar [[gc.IncrementalBeginDestroyEnabled:1]]
[2020.04.21-17.31.08:019][  0]LogConfig: Setting CVar [[gc.CreateGCClusters:1]]
[2020.04.21-17.31.08:019][  0]LogConfig: Setting CVar [[gc.MinGCClusterSize:5]]
[2020.04.21-17.31.08:019][  0]LogConfig: Setting CVar [[gc.ActorClusteringEnabled:0]]
[2020.04.21-17.31.08:019][  0]LogConfig: Setting CVar [[gc.BlueprintClusteringEnabled:0]]
[2020.04.21-17.31.08:019][  0]LogConfig: Setting CVar [[gc.UseDisregardForGCOnDedicatedServers:0]]
[2020.04.21-17.31.08:019][  0]LogConfig: Applying CVar settings from Section [/Script/Engine.NetworkSettings] File [C:/Users/mason/Documents/GitHub/PhinalPhantasyTurnIn/PhinalPhantasy 4.23/Saved/Config/Windows/Engine.ini]
[2020.04.21-17.31.08:019][  0]LogConfig: Applying CVar settings from Section [/Script/UnrealEd.CookerSettings] File [C:/Users/mason/Documents/GitHub/PhinalPhantasyTurnIn/PhinalPhantasy 4.23/Saved/Config/Windows/Engine.ini]
[2020.04.21-17.31.08:022][  0]LogConfig: Applying CVar settings from Section [ViewDistanceQuality@3] File [C:/Users/mason/Documents/GitHub/PhinalPhantasyTurnIn/PhinalPhantasy 4.23/Saved/Config/Windows/Scalability.ini]
[2020.04.21-17.31.08:022][  0]LogConfig: Setting CVar [[r.SkeletalMeshLODBias:0]]
[2020.04.21-17.31.08:022][  0]LogConfig: Setting CVar [[r.ViewDistanceScale:1.0]]
[2020.04.21-17.31.08:022][  0]LogConfig: Applying CVar settings from Section [AntiAliasingQuality@3] File [C:/Users/mason/Documents/GitHub/PhinalPhantasyTurnIn/PhinalPhantasy 4.23/Saved/Config/Windows/Scalability.ini]
[2020.04.21-17.31.08:022][  0]LogConfig: Setting CVar [[r.PostProcessAAQuality:4]]
[2020.04.21-17.31.08:022][  0]LogConfig: Applying CVar settings from Section [ShadowQuality@3] File [C:/Users/mason/Documents/GitHub/PhinalPhantasyTurnIn/PhinalPhantasy 4.23/Saved/Config/Windows/Scalability.ini]
[2020.04.21-17.31.08:022][  0]LogConfig: Setting CVar [[r.LightFunctionQuality:1]]
[2020.04.21-17.31.08:022][  0]LogConfig: Setting CVar [[r.ShadowQuality:5]]
[2020.04.21-17.31.08:022][  0]LogConfig: Setting CVar [[r.Shadow.CSM.MaxCascades:10]]
[2020.04.21-17.31.08:022][  0]LogConfig: Setting CVar [[r.Shadow.MaxResolution:2048]]
[2020.04.21-17.31.08:022][  0]LogConfig: Setting CVar [[r.Shadow.MaxCSMResolution:2048]]
[2020.04.21-17.31.08:022][  0]LogConfig: Setting CVar [[r.Shadow.RadiusThreshold:0.01]]
[2020.04.21-17.31.08:022][  0]LogConfig: Setting CVar [[r.Shadow.DistanceScale:1.0]]
[2020.04.21-17.31.08:022][  0]LogConfig: Setting CVar [[r.Shadow.CSM.TransitionScale:1.0]]
[2020.04.21-17.31.08:022][  0]LogConfig: Setting CVar [[r.Shadow.PreShadowResolutionFactor:1.0]]
[2020.04.21-17.31.08:022][  0]LogConfig: Setting CVar [[r.DistanceFieldShadowing:1]]
[2020.04.21-17.31.08:022][  0]LogConfig: Setting CVar [[r.DistanceFieldAO:1]]
[2020.04.21-17.31.08:022][  0]LogConfig: Setting CVar [[r.AOQuality:2]]
[2020.04.21-17.31.08:022][  0]LogConfig: Setting CVar [[r.VolumetricFog:1]]
[2020.04.21-17.31.08:022][  0]LogConfig: Setting CVar [[r.VolumetricFog.GridPixelSize:8]]
[2020.04.21-17.31.08:022][  0]LogConfig: Setting CVar [[r.VolumetricFog.GridSizeZ:128]]
[2020.04.21-17.31.08:022][  0]LogConfig: Setting CVar [[r.VolumetricFog.HistoryMissSupersampleCount:4]]
[2020.04.21-17.31.08:022][  0]LogConfig: Setting CVar [[r.LightMaxDrawDistanceScale:1]]
[2020.04.21-17.31.08:022][  0]LogConfig: Setting CVar [[r.CapsuleShadows:1]]
[2020.04.21-17.31.08:022][  0]LogConfig: Applying CVar settings from Section [PostProcessQuality@3] File [C:/Users/mason/Documents/GitHub/PhinalPhantasyTurnIn/PhinalPhantasy 4.23/Saved/Config/Windows/Scalability.ini]
[2020.04.21-17.31.08:022][  0]LogConfig: Setting CVar [[r.MotionBlurQuality:4]]
[2020.04.21-17.31.08:022][  0]LogConfig: Setting CVar [[r.AmbientOcclusionMipLevelFactor:0.4]]
[2020.04.21-17.31.08:022][  0]LogConfig: Setting CVar [[r.AmbientOcclusionMaxQuality:100]]
[2020.04.21-17.31.08:022][  0]LogConfig: Setting CVar [[r.AmbientOcclusionLevels:-1]]
[2020.04.21-17.31.08:022][  0]LogConfig: Setting CVar [[r.AmbientOcclusionRadiusScale:1.0]]
[2020.04.21-17.31.08:022][  0]LogConfig: Setting CVar [[r.DepthOfFieldQuality:2]]
[2020.04.21-17.31.08:022][  0]LogConfig: Setting CVar [[r.RenderTargetPoolMin:400]]
[2020.04.21-17.31.08:022][  0]LogConfig: Setting CVar [[r.LensFlareQuality:2]]
[2020.04.21-17.31.08:022][  0]LogConfig: Setting CVar [[r.SceneColorFringeQuality:1]]
[2020.04.21-17.31.08:022][  0]LogConfig: Setting CVar [[r.EyeAdaptationQuality:2]]
[2020.04.21-17.31.08:022][  0]LogConfig: Setting CVar [[r.BloomQuality:5]]
[2020.04.21-17.31.08:022][  0]LogConfig: Setting CVar [[r.FastBlurThreshold:100]]
[2020.04.21-17.31.08:022][  0]LogConfig: Setting CVar [[r.Upscale.Quality:3]]
[2020.04.21-17.31.08:022][  0]LogConfig: Setting CVar [[r.Tonemapper.GrainQuantization:1]]
[2020.04.21-17.31.08:022][  0]LogConfig: Setting CVar [[r.LightShaftQuality:1]]
[2020.04.21-17.31.08:022][  0]LogConfig: Setting CVar [[r.Filter.SizeScale:1]]
[2020.04.21-17.31.08:022][  0]LogConfig: Setting CVar [[r.Tonemapper.Quality:5]]
[2020.04.21-17.31.08:022][  0]LogConfig: Setting CVar [[r.DOF.Gather.AccumulatorQuality:1        ; higher gathering accumulator quality]]
[2020.04.21-17.31.08:022][  0]LogConfig: Setting CVar [[r.DOF.Gather.PostfilterMethod:1          ; Median3x3 postfilering method]]
[2020.04.21-17.31.08:022][  0]LogConfig: Setting CVar [[r.DOF.Gather.EnableBokehSettings:0       ; no bokeh simulation when gathering]]
[2020.04.21-17.31.08:022][  0]LogConfig: Setting CVar [[r.DOF.Gather.RingCount:4                 ; medium number of samples when gathering]]
[2020.04.21-17.31.08:022][  0]LogConfig: Setting CVar [[r.DOF.Scatter.ForegroundCompositing:1    ; additive foreground scattering]]
[2020.04.21-17.31.08:022][  0]LogConfig: Setting CVar [[r.DOF.Scatter.BackgroundCompositing:2    ; additive background scattering]]
[2020.04.21-17.31.08:022][  0]LogConfig: Setting CVar [[r.DOF.Scatter.EnableBokehSettings:1      ; bokeh simulation when scattering]]
[2020.04.21-17.31.08:022][  0]LogConfig: Setting CVar [[r.DOF.Scatter.MaxSpriteRatio:0.1         ; only a maximum of 10% of scattered bokeh]]
[2020.04.21-17.31.08:022][  0]LogConfig: Setting CVar [[r.DOF.Recombine.Quality:1                ; cheap slight out of focus]]
[2020.04.21-17.31.08:022][  0]LogConfig: Setting CVar [[r.DOF.Recombine.EnableBokehSettings:0    ; no bokeh simulation on slight out of focus]]
[2020.04.21-17.31.08:022][  0]LogConfig: Setting CVar [[r.DOF.TemporalAAQuality:1                ; more stable temporal accumulation]]
[2020.04.21-17.31.08:022][  0]LogConfig: Setting CVar [[r.DOF.Kernel.MaxForegroundRadius:0.025]]
[2020.04.21-17.31.08:022][  0]LogConfig: Setting CVar [[r.DOF.Kernel.MaxBackgroundRadius:0.025]]
[2020.04.21-17.31.08:022][  0]LogConfig: Applying CVar settings from Section [TextureQuality@3] File [C:/Users/mason/Documents/GitHub/PhinalPhantasyTurnIn/PhinalPhantasy 4.23/Saved/Config/Windows/Scalability.ini]
[2020.04.21-17.31.08:022][  0]LogConfig: Setting CVar [[r.Streaming.MipBias:0]]
[2020.04.21-17.31.08:022][  0]LogConfig: Setting CVar [[r.Streaming.AmortizeCPUToGPUCopy:0]]
[2020.04.21-17.31.08:022][  0]LogConfig: Setting CVar [[r.Streaming.MaxNumTexturesToStreamPerFrame:0]]
[2020.04.21-17.31.08:022][  0]LogConfig: Setting CVar [[r.Streaming.Boost:1]]
[2020.04.21-17.31.08:022][  0]LogConfig: Setting CVar [[r.MaxAnisotropy:8]]
[2020.04.21-17.31.08:022][  0]LogConfig: Setting CVar [[r.Streaming.LimitPoolSizeToVRAM:0]]
[2020.04.21-17.31.08:022][  0]LogConfig: Setting CVar [[r.Streaming.PoolSize:1000]]
[2020.04.21-17.31.08:022][  0]LogConfig: Setting CVar [[r.Streaming.MaxEffectiveScreenSize:0]]
[2020.04.21-17.31.08:023][  0]LogConfig: Applying CVar settings from Section [EffectsQuality@3] File [C:/Users/mason/Documents/GitHub/PhinalPhantasyTurnIn/PhinalPhantasy 4.23/Saved/Config/Windows/Scalability.ini]
[2020.04.21-17.31.08:023][  0]LogConfig: Setting CVar [[r.TranslucencyLightingVolumeDim:64]]
[2020.04.21-17.31.08:023][  0]LogConfig: Setting CVar [[r.RefractionQuality:2]]
[2020.04.21-17.31.08:023][  0]LogConfig: Setting CVar [[r.SSR.Quality:3]]
[2020.04.21-17.31.08:023][  0]LogConfig: Setting CVar [[r.SceneColorFormat:4]]
[2020.04.21-17.31.08:023][  0]LogConfig: Setting CVar [[r.DetailMode:2]]
[2020.04.21-17.31.08:023][  0]LogConfig: Setting CVar [[r.TranslucencyVolumeBlur:1]]
[2020.04.21-17.31.08:023][  0]LogConfig: Setting CVar [[r.MaterialQualityLevel:1 ; High quality]]
[2020.04.21-17.31.08:023][  0]LogConfig: Setting CVar [[r.SSS.Scale:1]]
[2020.04.21-17.31.08:023][  0]LogConfig: Setting CVar [[r.SSS.SampleSet:2]]
[2020.04.21-17.31.08:023][  0]LogConfig: Setting CVar [[r.SSS.Quality:1]]
[2020.04.21-17.31.08:023][  0]LogConfig: Setting CVar [[r.SSS.HalfRes:1]]
[2020.04.21-17.31.08:023][  0]LogConfig: Setting CVar [[r.EmitterSpawnRateScale:1.0]]
[2020.04.21-17.31.08:023][  0]LogConfig: Setting CVar [[r.ParticleLightQuality:2]]
[2020.04.21-17.31.08:023][  0]LogConfig: Applying CVar settings from Section [FoliageQuality@3] File [C:/Users/mason/Documents/GitHub/PhinalPhantasyTurnIn/PhinalPhantasy 4.23/Saved/Config/Windows/Scalability.ini]
[2020.04.21-17.31.08:023][  0]LogConfig: Setting CVar [[foliage.DensityScale:1.0]]
[2020.04.21-17.31.08:023][  0]LogConfig: Setting CVar [[grass.DensityScale:1.0]]
[2020.04.21-17.31.08:023][  0]LogInit: Selected Device Profile: [Windows]
[2020.04.21-17.31.08:023][  0]LogInit: Applying CVar settings loaded from the selected device profile: [Windows]
[2020.04.21-17.31.08:025][  0]LogHAL: Display: Platform has ~ 16 GB [17046343680 / 17179869184 / 16], which maps to Larger [LargestMinGB=32, LargerMinGB=12, DefaultMinGB=8, SmallerMinGB=6, SmallestMinGB=0)
[2020.04.21-17.31.08:025][  0]LogInit: Going up to parent DeviceProfile []
[2020.04.21-17.31.08:025][  0]LogConfig: Applying CVar settings from Section [ViewDistanceQuality@3] File [C:/Users/mason/Documents/GitHub/PhinalPhantasyTurnIn/PhinalPhantasy 4.23/Saved/Config/Windows/Scalability.ini]
[2020.04.21-17.31.08:025][  0]LogConfig: Setting CVar [[r.SkeletalMeshLODBias:0]]
[2020.04.21-17.31.08:025][  0]LogConfig: Setting CVar [[r.ViewDistanceScale:1.0]]
[2020.04.21-17.31.08:025][  0]LogConfig: Applying CVar settings from Section [AntiAliasingQuality@3] File [C:/Users/mason/Documents/GitHub/PhinalPhantasyTurnIn/PhinalPhantasy 4.23/Saved/Config/Windows/Scalability.ini]
[2020.04.21-17.31.08:025][  0]LogConfig: Setting CVar [[r.PostProcessAAQuality:4]]
[2020.04.21-17.31.08:025][  0]LogConfig: Applying CVar settings from Section [ShadowQuality@3] File [C:/Users/mason/Documents/GitHub/PhinalPhantasyTurnIn/PhinalPhantasy 4.23/Saved/Config/Windows/Scalability.ini]
[2020.04.21-17.31.08:026][  0]LogConfig: Setting CVar [[r.LightFunctionQuality:1]]
[2020.04.21-17.31.08:026][  0]LogConfig: Setting CVar [[r.ShadowQuality:5]]
[2020.04.21-17.31.08:026][  0]LogConfig: Setting CVar [[r.Shadow.CSM.MaxCascades:10]]
[2020.04.21-17.31.08:026][  0]LogConfig: Setting CVar [[r.Shadow.MaxResolution:2048]]
[2020.04.21-17.31.08:026][  0]LogConfig: Setting CVar [[r.Shadow.MaxCSMResolution:2048]]
[2020.04.21-17.31.08:026][  0]LogConfig: Setting CVar [[r.Shadow.RadiusThreshold:0.01]]
[2020.04.21-17.31.08:026][  0]LogConfig: Setting CVar [[r.Shadow.DistanceScale:1.0]]
[2020.04.21-17.31.08:026][  0]LogConfig: Setting CVar [[r.Shadow.CSM.TransitionScale:1.0]]
[2020.04.21-17.31.08:026][  0]LogConfig: Setting CVar [[r.Shadow.PreShadowResolutionFactor:1.0]]
[2020.04.21-17.31.08:026][  0]LogConfig: Setting CVar [[r.DistanceFieldShadowing:1]]
[2020.04.21-17.31.08:026][  0]LogConfig: Setting CVar [[r.DistanceFieldAO:1]]
[2020.04.21-17.31.08:026][  0]LogConfig: Setting CVar [[r.AOQuality:2]]
[2020.04.21-17.31.08:026][  0]LogConfig: Setting CVar [[r.VolumetricFog:1]]
[2020.04.21-17.31.08:026][  0]LogConfig: Setting CVar [[r.VolumetricFog.GridPixelSize:8]]
[2020.04.21-17.31.08:026][  0]LogConfig: Setting CVar [[r.VolumetricFog.GridSizeZ:128]]
[2020.04.21-17.31.08:026][  0]LogConfig: Setting CVar [[r.VolumetricFog.HistoryMissSupersampleCount:4]]
[2020.04.21-17.31.08:026][  0]LogConfig: Setting CVar [[r.LightMaxDrawDistanceScale:1]]
[2020.04.21-17.31.08:026][  0]LogConfig: Setting CVar [[r.CapsuleShadows:1]]
[2020.04.21-17.31.08:026][  0]LogConfig: Applying CVar settings from Section [PostProcessQuality@3] File [C:/Users/mason/Documents/GitHub/PhinalPhantasyTurnIn/PhinalPhantasy 4.23/Saved/Config/Windows/Scalability.ini]
[2020.04.21-17.31.08:026][  0]LogConfig: Setting CVar [[r.MotionBlurQuality:4]]
[2020.04.21-17.31.08:026][  0]LogConfig: Setting CVar [[r.AmbientOcclusionMipLevelFactor:0.4]]
[2020.04.21-17.31.08:026][  0]LogConfig: Setting CVar [[r.AmbientOcclusionMaxQuality:100]]
[2020.04.21-17.31.08:026][  0]LogConfig: Setting CVar [[r.AmbientOcclusionLevels:-1]]
[2020.04.21-17.31.08:026][  0]LogConfig: Setting CVar [[r.AmbientOcclusionRadiusScale:1.0]]
[2020.04.21-17.31.08:026][  0]LogConfig: Setting CVar [[r.DepthOfFieldQuality:2]]
[2020.04.21-17.31.08:026][  0]LogConfig: Setting CVar [[r.RenderTargetPoolMin:400]]
[2020.04.21-17.31.08:026][  0]LogConfig: Setting CVar [[r.LensFlareQuality:2]]
[2020.04.21-17.31.08:026][  0]LogConfig: Setting CVar [[r.SceneColorFringeQuality:1]]
[2020.04.21-17.31.08:026][  0]LogConfig: Setting CVar [[r.EyeAdaptationQuality:2]]
[2020.04.21-17.31.08:026][  0]LogConfig: Setting CVar [[r.BloomQuality:5]]
[2020.04.21-17.31.08:026][  0]LogConfig: Setting CVar [[r.FastBlurThreshold:100]]
[2020.04.21-17.31.08:026][  0]LogConfig: Setting CVar [[r.Upscale.Quality:3]]
[2020.04.21-17.31.08:026][  0]LogConfig: Setting CVar [[r.Tonemapper.GrainQuantization:1]]
[2020.04.21-17.31.08:026][  0]LogConfig: Setting CVar [[r.LightShaftQuality:1]]
[2020.04.21-17.31.08:026][  0]LogConfig: Setting CVar [[r.Filter.SizeScale:1]]
[2020.04.21-17.31.08:026][  0]LogConfig: Setting CVar [[r.Tonemapper.Quality:5]]
[2020.04.21-17.31.08:026][  0]LogConfig: Setting CVar [[r.DOF.Gather.AccumulatorQuality:1        ; higher gathering accumulator quality]]
[2020.04.21-17.31.08:026][  0]LogConfig: Setting CVar [[r.DOF.Gather.PostfilterMethod:1          ; Median3x3 postfilering method]]
[2020.04.21-17.31.08:026][  0]LogConfig: Setting CVar [[r.DOF.Gather.EnableBokehSettings:0       ; no bokeh simulation when gathering]]
[2020.04.21-17.31.08:026][  0]LogConfig: Setting CVar [[r.DOF.Gather.RingCount:4                 ; medium number of samples when gathering]]
[2020.04.21-17.31.08:026][  0]LogConfig: Setting CVar [[r.DOF.Scatter.ForegroundCompositing:1    ; additive foreground scattering]]
[2020.04.21-17.31.08:026][  0]LogConfig: Setting CVar [[r.DOF.Scatter.BackgroundCompositing:2    ; additive background scattering]]
[2020.04.21-17.31.08:026][  0]LogConfig: Setting CVar [[r.DOF.Scatter.EnableBokehSettings:1      ; bokeh simulation when scattering]]
[2020.04.21-17.31.08:026][  0]LogConfig: Setting CVar [[r.DOF.Scatter.MaxSpriteRatio:0.1         ; only a maximum of 10% of scattered bokeh]]
[2020.04.21-17.31.08:026][  0]LogConfig: Setting CVar [[r.DOF.Recombine.Quality:1                ; cheap slight out of focus]]
[2020.04.21-17.31.08:026][  0]LogConfig: Setting CVar [[r.DOF.Recombine.EnableBokehSettings:0    ; no bokeh simulation on slight out of focus]]
[2020.04.21-17.31.08:026][  0]LogConfig: Setting CVar [[r.DOF.TemporalAAQuality:1                ; more stable temporal accumulation]]
[2020.04.21-17.31.08:026][  0]LogConfig: Setting CVar [[r.DOF.Kernel.MaxForegroundRadius:0.025]]
[2020.04.21-17.31.08:026][  0]LogConfig: Setting CVar [[r.DOF.Kernel.MaxBackgroundRadius:0.025]]
[2020.04.21-17.31.08:026][  0]LogConfig: Applying CVar settings from Section [TextureQuality@3] File [C:/Users/mason/Documents/GitHub/PhinalPhantasyTurnIn/PhinalPhantasy 4.23/Saved/Config/Windows/Scalability.ini]
[2020.04.21-17.31.08:026][  0]LogConfig: Setting CVar [[r.Streaming.MipBias:0]]
[2020.04.21-17.31.08:026][  0]LogConfig: Setting CVar [[r.Streaming.AmortizeCPUToGPUCopy:0]]
[2020.04.21-17.31.08:026][  0]LogConfig: Setting CVar [[r.Streaming.MaxNumTexturesToStreamPerFrame:0]]
[2020.04.21-17.31.08:026][  0]LogConfig: Setting CVar [[r.Streaming.Boost:1]]
[2020.04.21-17.31.08:026][  0]LogConfig: Setting CVar [[r.MaxAnisotropy:8]]
[2020.04.21-17.31.08:026][  0]LogConfig: Setting CVar [[r.Streaming.LimitPoolSizeToVRAM:0]]
[2020.04.21-17.31.08:026][  0]LogConfig: Setting CVar [[r.Streaming.PoolSize:1000]]
[2020.04.21-17.31.08:026][  0]LogConfig: Setting CVar [[r.Streaming.MaxEffectiveScreenSize:0]]
[2020.04.21-17.31.08:026][  0]LogConfig: Applying CVar settings from Section [EffectsQuality@3] File [C:/Users/mason/Documents/GitHub/PhinalPhantasyTurnIn/PhinalPhantasy 4.23/Saved/Config/Windows/Scalability.ini]
[2020.04.21-17.31.08:026][  0]LogConfig: Setting CVar [[r.TranslucencyLightingVolumeDim:64]]
[2020.04.21-17.31.08:026][  0]LogConfig: Setting CVar [[r.RefractionQuality:2]]
[2020.04.21-17.31.08:026][  0]LogConfig: Setting CVar [[r.SSR.Quality:3]]
[2020.04.21-17.31.08:026][  0]LogConfig: Setting CVar [[r.SceneColorFormat:4]]
[2020.04.21-17.31.08:026][  0]LogConfig: Setting CVar [[r.DetailMode:2]]
[2020.04.21-17.31.08:026][  0]LogConfig: Setting CVar [[r.TranslucencyVolumeBlur:1]]
[2020.04.21-17.31.08:026][  0]LogConfig: Setting CVar [[r.MaterialQualityLevel:1 ; High quality]]
[2020.04.21-17.31.08:026][  0]LogConfig: Setting CVar [[r.SSS.Scale:1]]
[2020.04.21-17.31.08:026][  0]LogConfig: Setting CVar [[r.SSS.SampleSet:2]]
[2020.04.21-17.31.08:026][  0]LogConfig: Setting CVar [[r.SSS.Quality:1]]
[2020.04.21-17.31.08:026][  0]LogConfig: Setting CVar [[r.SSS.HalfRes:1]]
[2020.04.21-17.31.08:026][  0]LogConfig: Setting CVar [[r.EmitterSpawnRateScale:1.0]]
[2020.04.21-17.31.08:026][  0]LogConfig: Setting CVar [[r.ParticleLightQuality:2]]
[2020.04.21-17.31.08:026][  0]LogConfig: Applying CVar settings from Section [FoliageQuality@3] File [C:/Users/mason/Documents/GitHub/PhinalPhantasyTurnIn/PhinalPhantasy 4.23/Saved/Config/Windows/Scalability.ini]
[2020.04.21-17.31.08:026][  0]LogConfig: Setting CVar [[foliage.DensityScale:1.0]]
[2020.04.21-17.31.08:026][  0]LogConfig: Setting CVar [[grass.DensityScale:1.0]]
[2020.04.21-17.31.08:027][  0]LogConfig: Applying CVar settings from Section [Startup] File [../../../Engine/Config/ConsoleVariables.ini]
[2020.04.21-17.31.08:027][  0]LogConfig: Setting CVar [[net.UseAdaptiveNetUpdateFrequency:0]]
[2020.04.21-17.31.08:027][  0]LogConfig: Setting CVar [[p.chaos.AllowCreatePhysxBodies:1]]
[2020.04.21-17.31.08:027][  0]LogConfig: Applying CVar settings from Section [ConsoleVariables] File [C:/Users/mason/Documents/GitHub/PhinalPhantasyTurnIn/PhinalPhantasy 4.23/Saved/Config/Windows/Engine.ini]
[2020.04.21-17.31.08:027][  0]LogInit: Computer: DESKTOP-5VPBJCF
[2020.04.21-17.31.08:027][  0]LogInit: User: mason
[2020.04.21-17.31.08:027][  0]LogInit: CPU Page size=4096, Cores=2
[2020.04.21-17.31.08:027][  0]LogInit: High frequency timer resolution =10.000000 MHz
[2020.04.21-17.31.08:027][  0]LogMemory: Memory total: Physical=15.9GB (16GB approx)
[2020.04.21-17.31.08:027][  0]LogMemory: Platform Memory Stats for Windows
[2020.04.21-17.31.08:027][  0]LogMemory: Process Physical Memory: 100.37 MB used, 100.37 MB peak
[2020.04.21-17.31.08:027][  0]LogMemory: Process Virtual Memory: 87.96 MB used, 87.96 MB peak
[2020.04.21-17.31.08:027][  0]LogMemory: Physical Memory: 6763.68 MB used,  9492.98 MB free, 16256.66 MB total
[2020.04.21-17.31.08:027][  0]LogMemory: Virtual Memory: 4639.61 MB used,  134213088.00 MB free, 134217728.00 MB total
[2020.04.21-17.31.08:030][  0]LogWindows: WindowsPlatformFeatures enabled
[2020.04.21-17.31.08:049][  0]LogInit: Using OS detected language (en-US).
[2020.04.21-17.31.08:049][  0]LogInit: Using OS detected locale (en-US).
[2020.04.21-17.31.08:050][  0]LogTextLocalizationManager: No specific localization for 'en-US' exists, so the 'en' localization will be used.
[2020.04.21-17.31.08:240][  0]LogInit: Setting process to per monitor DPI aware
[2020.04.21-17.31.08:273][  0]LogSlate: New Slate User Created.  User Index 0, Is Virtual User: 0
[2020.04.21-17.31.08:273][  0]LogSlate: Slate User Registered.  User Index 0, Is Virtual User: 0
[2020.04.21-17.31.08:483][  0]LogHMD: Failed to initialize OpenVR with code 110
[2020.04.21-17.31.08:483][  0]LogD3D11RHI: D3D11 adapters:
[2020.04.21-17.31.08:523][  0]LogD3D11RHI:    0. 'Intel(R) HD Graphics 620' (Feature Level 11_0)
[2020.04.21-17.31.08:523][  0]LogD3D11RHI:       128/0/8128 MB DedicatedVideo/DedicatedSystem/SharedSystem, Outputs:1, VendorId:0x8086
[2020.04.21-17.31.08:526][  0]LogD3D11RHI:    1. 'Microsoft Basic Render Driver' (Feature Level 11_0)
[2020.04.21-17.31.08:526][  0]LogD3D11RHI:       0/0/8128 MB DedicatedVideo/DedicatedSystem/SharedSystem, Outputs:0, VendorId:0x1414
[2020.04.21-17.31.08:526][  0]LogD3D11RHI: Chosen D3D11 Adapter: 0
[2020.04.21-17.31.08:532][  0]LogD3D11RHI: Creating new Direct3DDevice
[2020.04.21-17.31.08:532][  0]LogD3D11RHI:     GPU DeviceId: 0x5916 (for the marketing name, search the web for "GPU Device Id")
[2020.04.21-17.31.08:532][  0]LogWindows: EnumDisplayDevices:
[2020.04.21-17.31.08:532][  0]LogWindows:    0. 'Intel(R) HD Graphics 620' (P:1 D:1)
[2020.04.21-17.31.08:533][  0]LogWindows:    1. 'Intel(R) HD Graphics 620' (P:0 D:0)
[2020.04.21-17.31.08:533][  0]LogWindows:    2. 'Intel(R) HD Graphics 620' (P:0 D:0)
[2020.04.21-17.31.08:533][  0]LogWindows: DebugString: FoundDriverCount:3 
[2020.04.21-17.31.08:533][  0]LogD3D11RHI:     Adapter Name: Intel(R) HD Graphics 620
[2020.04.21-17.31.08:533][  0]LogD3D11RHI:   Driver Version: 24.20.100.6025 (internal:24.20.100.6025, unified:24.20.100.6025)
[2020.04.21-17.31.08:533][  0]LogD3D11RHI:      Driver Date: 4-25-2018
[2020.04.21-17.31.08:533][  0]LogRHI: Texture pool is 1523 MB (70% of 2176 MB)
[2020.04.21-17.31.08:570][  0]LogD3D11RHI: Async texture creation enabled
[2020.04.21-17.31.08:575][  0]LogD3D11RHI: GPU Timing Frequency: 12.000048 (Debug: 2 0)
[2020.04.21-17.31.08:951][  0]LogTemp: Display: Module 'AllDesktopTargetPlatform' loaded TargetPlatform 'AllDesktop'
[2020.04.21-17.31.08:960][  0]LogTemp: Display: Module 'MacClientTargetPlatform' loaded TargetPlatform 'MacClient'
[2020.04.21-17.31.08:968][  0]LogTemp: Display: Module 'MacNoEditorTargetPlatform' loaded TargetPlatform 'MacNoEditor'
[2020.04.21-17.31.08:978][  0]LogTemp: Display: Module 'MacServerTargetPlatform' loaded TargetPlatform 'MacServer'
[2020.04.21-17.31.08:987][  0]LogTemp: Display: Module 'MacTargetPlatform' loaded TargetPlatform 'Mac'
[2020.04.21-17.31.08:996][  0]LogTemp: Display: Module 'WindowsClientTargetPlatform' loaded TargetPlatform 'WindowsClient'
[2020.04.21-17.31.09:004][  0]LogTemp: Display: Module 'WindowsNoEditorTargetPlatform' loaded TargetPlatform 'WindowsNoEditor'
[2020.04.21-17.31.09:013][  0]LogTemp: Display: Module 'WindowsServerTargetPlatform' loaded TargetPlatform 'WindowsServer'
[2020.04.21-17.31.09:017][  0]LogTemp: Display: Module 'WindowsTargetPlatform' loaded TargetPlatform 'Windows'
[2020.04.21-17.31.09:051][  0]LogTemp: Display: Module 'AndroidTargetPlatform' loaded TargetPlatform 'Android'
[2020.04.21-17.31.09:051][  0]LogTemp: Display: Module 'AndroidTargetPlatform' loaded TargetPlatform 'Android_ASTC'
[2020.04.21-17.31.09:051][  0]LogTemp: Display: Module 'AndroidTargetPlatform' loaded TargetPlatform 'Android_ATC'
[2020.04.21-17.31.09:051][  0]LogTemp: Display: Module 'AndroidTargetPlatform' loaded TargetPlatform 'Android_DXT'
[2020.04.21-17.31.09:051][  0]LogTemp: Display: Module 'AndroidTargetPlatform' loaded TargetPlatform 'Android_ETC1'
[2020.04.21-17.31.09:051][  0]LogTemp: Display: Module 'AndroidTargetPlatform' loaded TargetPlatform 'Android_ETC1a'
[2020.04.21-17.31.09:051][  0]LogTemp: Display: Module 'AndroidTargetPlatform' loaded TargetPlatform 'Android_ETC2'
[2020.04.21-17.31.09:051][  0]LogTemp: Display: Module 'AndroidTargetPlatform' loaded TargetPlatform 'Android_PVRTC'
[2020.04.21-17.31.09:051][  0]LogTemp: Display: Module 'AndroidTargetPlatform' loaded TargetPlatform 'AndroidClient'
[2020.04.21-17.31.09:051][  0]LogTemp: Display: Module 'AndroidTargetPlatform' loaded TargetPlatform 'Android_ASTCClient'
[2020.04.21-17.31.09:051][  0]LogTemp: Display: Module 'AndroidTargetPlatform' loaded TargetPlatform 'Android_ATCClient'
[2020.04.21-17.31.09:051][  0]LogTemp: Display: Module 'AndroidTargetPlatform' loaded TargetPlatform 'Android_DXTClient'
[2020.04.21-17.31.09:051][  0]LogTemp: Display: Module 'AndroidTargetPlatform' loaded TargetPlatform 'Android_ETC1Client'
[2020.04.21-17.31.09:051][  0]LogTemp: Display: Module 'AndroidTargetPlatform' loaded TargetPlatform 'Android_ETC1aClient'
[2020.04.21-17.31.09:051][  0]LogTemp: Display: Module 'AndroidTargetPlatform' loaded TargetPlatform 'Android_ETC2Client'
[2020.04.21-17.31.09:051][  0]LogTemp: Display: Module 'AndroidTargetPlatform' loaded TargetPlatform 'Android_PVRTCClient'
[2020.04.21-17.31.09:051][  0]LogTemp: Display: Module 'AndroidTargetPlatform' loaded TargetPlatform 'Android_Multi'
[2020.04.21-17.31.09:051][  0]LogTemp: Display: Module 'AndroidTargetPlatform' loaded TargetPlatform 'Android_MultiClient'
[2020.04.21-17.31.09:052][  0]LogTemp: Display: Module 'HTML5TargetPlatform' loaded TargetPlatform 'HTML5'
[2020.04.21-17.31.09:070][  0]LogTemp: Display: Module 'IOSTargetPlatform' loaded TargetPlatform 'IOSClient'
[2020.04.21-17.31.09:070][  0]LogTemp: Display: Module 'IOSTargetPlatform' loaded TargetPlatform 'IOS'
[2020.04.21-17.31.09:083][  0]LogTemp: Display: Module 'TVOSTargetPlatform' loaded TargetPlatform 'TVOSClient'
[2020.04.21-17.31.09:083][  0]LogTemp: Display: Module 'TVOSTargetPlatform' loaded TargetPlatform 'TVOS'
[2020.04.21-17.31.09:090][  0]LogTemp: Display: Module 'LinuxClientTargetPlatform' loaded TargetPlatform 'LinuxClient'
[2020.04.21-17.31.09:097][  0]LogTemp: Display: Module 'LinuxNoEditorTargetPlatform' loaded TargetPlatform 'LinuxNoEditor'
[2020.04.21-17.31.09:104][  0]LogTemp: Display: Module 'LinuxServerTargetPlatform' loaded TargetPlatform 'LinuxServer'
[2020.04.21-17.31.09:111][  0]LogTemp: Display: Module 'LinuxTargetPlatform' loaded TargetPlatform 'Linux'
[2020.04.21-17.31.09:134][  0]LogTemp: Display: Module 'LuminTargetPlatform' loaded TargetPlatform 'Lumin'
[2020.04.21-17.31.09:134][  0]LogTemp: Display: Module 'LuminTargetPlatform' loaded TargetPlatform 'LuminClient'
[2020.04.21-17.31.09:134][  0]LogTargetPlatformManager: Display: Building Assets For Windows
[2020.04.21-17.31.09:143][  0]LogAudioDebug: Display: Lib vorbis DLL was dynamically loaded.
[2020.04.21-17.31.09:196][  0]LogShaderCompilers: Guid format shader working directory is -27 characters bigger than the processId version (C:/Users/mason/Documents/GitHub/PhinalPhantasyTurnIn/PhinalPhantasy 4.23/Intermediate/Shaders/WorkingDirectory/23892/).
[2020.04.21-17.31.09:196][  0]LogShaderCompilers: Cleaned the shader compiler working directory 'C:/Users/mason/AppData/Local/Temp/UnrealShaderWorkingDir/77F2E9754F6944D85C59D1ACEBE2E52B/'.
[2020.04.21-17.31.09:199][  0]LogXGEController: Cannot use XGE Controller as Incredibuild is not installed on this machine.
[2020.04.21-17.31.09:199][  0]LogShaderCompilers: Cannot use XGE Shader Compiler as Incredibuild is not installed on this machine.
[2020.04.21-17.31.09:199][  0]LogShaderCompilers: Display: Using Local Shader Compiler.
[2020.04.21-17.31.09:843][  0]LogDerivedDataCache: Display: Max Cache Size: 512 MB
[2020.04.21-17.31.09:898][  0]LogDerivedDataCache: Loaded boot cache 0.05s 73MB C:/Users/mason/AppData/Local/UnrealEngine/4.23/DerivedDataCache/Boot.ddc.
[2020.04.21-17.31.09:898][  0]LogDerivedDataCache: Display: Loaded Boot cache: C:/Users/mason/AppData/Local/UnrealEngine/4.23/DerivedDataCache/Boot.ddc
[2020.04.21-17.31.09:898][  0]LogDerivedDataCache: FDerivedDataBackendGraph:  Pak pak cache file C:/Users/mason/Documents/GitHub/PhinalPhantasyTurnIn/PhinalPhantasy 4.23/DerivedDataCache/DDC.ddp not found, will not use a pak cache.
[2020.04.21-17.31.09:898][  0]LogDerivedDataCache: Unable to find inner node Pak for hierarchical cache Hierarchy.
[2020.04.21-17.31.09:898][  0]LogDerivedDataCache: FDerivedDataBackendGraph:  CompressedPak pak cache file C:/Users/mason/Documents/GitHub/PhinalPhantasyTurnIn/PhinalPhantasy 4.23/DerivedDataCache/Compressed.ddp not found, will not use a pak cache.
[2020.04.21-17.31.09:898][  0]LogDerivedDataCache: Unable to find inner node CompressedPak for hierarchical cache Hierarchy.
[2020.04.21-17.31.09:912][  0]LogDerivedDataCache: Display: Pak cache opened for reading ../../../Engine/DerivedDataCache/Compressed.ddp.
[2020.04.21-17.31.09:912][  0]LogDerivedDataCache: FDerivedDataBackendGraph:  EnterprisePak pak cache file ../../../Enterprise/DerivedDataCache/Compressed.ddp not found, will not use a pak cache.
[2020.04.21-17.31.09:912][  0]LogDerivedDataCache: Unable to find inner node EnterprisePak for hierarchical cache Hierarchy.
[2020.04.21-17.31.09:914][  0]LogDerivedDataCache: Using Local data cache path C:/Users/mason/AppData/Local/UnrealEngine/Common/DerivedDataCache: Writable
[2020.04.21-17.31.09:914][  0]LogDerivedDataCache: Shared data cache path not found in *engine.ini, will not use an Shared cache.
[2020.04.21-17.31.09:914][  0]LogDerivedDataCache: Unable to find inner node Shared for hierarchical cache Hierarchy.
[2020.04.21-17.31.09:947][  0]LogMaterial: Verifying Global Shaders for PCD3D_SM5
[2020.04.21-17.31.09:949][  0]LogSlate: Using FreeType 2.6.0
[2020.04.21-17.31.09:950][  0]LogSlate: SlateFontServices - WITH_FREETYPE: 1, WITH_HARFBUZZ: 1
[2020.04.21-17.31.10:017][  0]LogAssetRegistry: FAssetRegistry took 0.0024 seconds to start up
[2020.04.21-17.31.10:358][  0]LogInit: Selected Device Profile: [Windows]
[2020.04.21-17.31.10:416][  0]LogMeshReduction: Using QuadricMeshReduction for automatic static mesh reduction
[2020.04.21-17.31.10:416][  0]LogMeshReduction: Using SimplygonMeshReduction for automatic skeletal mesh reduction
[2020.04.21-17.31.10:416][  0]LogMeshReduction: Using ProxyLODMeshReduction for automatic mesh merging
[2020.04.21-17.31.10:416][  0]LogMeshReduction: No distributed automatic mesh merging module available
[2020.04.21-17.31.10:416][  0]LogMeshMerging: No distributed automatic mesh merging module available
[2020.04.21-17.31.10:554][  0]LogNetVersion: PhinalPhantasy 1.0.0, NetCL: 8386587, EngineNetVer: 11, GameNetVer: 0 (Checksum: 2036420585)
[2020.04.21-17.31.11:054][  0]LogPackageLocalizationCache: Processed 12 localized package path(s) for 1 prioritized culture(s) in 0.069844 seconds
[2020.04.21-17.31.11:062][  0]LogUObjectArray: 43444 objects as part of root set at end of initial load.
[2020.04.21-17.31.11:062][  0]LogUObjectAllocator: 7548648 out of 0 bytes used by permanent object pool.
[2020.04.21-17.31.11:062][  0]LogUObjectArray: CloseDisregardForGC: 0/0 objects in disregard for GC pool
[2020.04.21-17.31.12:111][  0]LogTcpMessaging: Initializing TcpMessaging bridge
[2020.04.21-17.31.12:114][  0]LogUdpMessaging: Initializing bridge on interface 0.0.0.0:0 to multicast group 230.0.0.1:6666.
[2020.04.21-17.31.12:182][  0]SourceControl: Source control is disabled
[2020.04.21-17.31.12:182][  0]SourceControl: Source control is disabled
[2020.04.21-17.31.12:184][  0]SourceControl: Source control is disabled
[2020.04.21-17.31.12:185][  0]SourceControl: Source control is disabled
[2020.04.21-17.31.12:293][  0]LogAndroidPermission: UAndroidPermissionCallbackProxy::GetInstance
[2020.04.21-17.31.12:475][  0]LogOcInput: OculusInput pre-init called
[2020.04.21-17.31.12:483][  0]LogWindows: Failed to load 'OVRPlugin.dll' (GetLastError=126)
[2020.04.21-17.31.12:484][  0]LogWindows: File 'OVRPlugin.dll' does not exist
[2020.04.21-17.31.12:570][  0]LogEngine: Initializing Engine...
[2020.04.21-17.31.12:571][  0]LogHMD: Failed to initialize OpenVR with code 110
[2020.04.21-17.31.12:572][  0]LogStats: UGameplayTagsManager::InitializeManager -  0.000 s
[2020.04.21-17.31.12:844][  0]LogInit: Initializing FReadOnlyCVARCache
[2020.04.21-17.31.12:867][  0]LogAIModule: Creating AISystem for world Untitled
[2020.04.21-17.31.12:892][  0]LogInit: XAudio2 using 'Speakers (Logitech USB Headset)' : 2 channels at 48 kHz using 16 bits per sample (channel mask 0x3)
[2020.04.21-17.31.12:932][  0]LogInit: FAudioDevice initialized.
[2020.04.21-17.31.12:932][  0]LogNetVersion: Set ProjectVersion to 1.0.0.0. Version Checksum will be recalculated on next use.
[2020.04.21-17.31.13:009][  0]LogDerivedDataCache: Saved boot cache 0.08s 73MB C:/Users/mason/AppData/Local/UnrealEngine/4.23/DerivedDataCache/Boot.ddc.
[2020.04.21-17.31.13:015][  0]LogInit: Texture streaming: Enabled
[2020.04.21-17.31.13:040][  0]LogEngineSessionManager: EngineSessionManager initialized
[2020.04.21-17.31.13:040][  0]LogEditorSessionSummary: Verbose: Initializing EditorSessionSummaryWriter for editor session tracking
[2020.04.21-17.31.13:044][  0]LogEditorSessionSummary: EditorSessionSummaryWriter initialized
[2020.04.21-17.31.13:144][  0]LogInit: Transaction tracking system initialized
[2020.04.21-17.31.13:193][  0]BlueprintLog: New page: Editor Load
[2020.04.21-17.31.13:311][  0]LocalizationService: Localization service is disabled
[2020.04.21-17.31.13:640][  0]LogCook: Display: Max memory allowance for cook 16384mb min free memory 0mb
[2020.04.21-17.31.13:640][  0]LogCook: Display: Mobile HDR setting 1
[2020.04.21-17.31.13:815][  0]LogFileCache: Scanning file cache for directory 'C:/Users/mason/Documents/GitHub/PhinalPhantasyTurnIn/PhinalPhantasy 4.23/Content/' took 0.02s
[2020.04.21-17.31.13:892][  0]SourceControl: Source control is disabled
[2020.04.21-17.31.13:892][  0]Cmd: MAP LOAD FILE="C:/Users/mason/Documents/GitHub/PhinalPhantasyTurnIn/PhinalPhantasy 4.23/Content/GroupFolders/Mason/PlainsWorldMap.umap" TEMPLATE=0 SHOWPROGRESS=1 FEATURELEVEL=3
[2020.04.21-17.31.13:892][  0]LightingResults: New page: Lighting Build
[2020.04.21-17.31.13:895][  0]LogWorld: UWorld::CleanupWorld for Untitled, bSessionEnded=true, bCleanupResources=true
[2020.04.21-17.31.13:896][  0]MapCheck: New page: Map Check
[2020.04.21-17.31.13:896][  0]LightingResults: New page: Lighting Build
[2020.04.21-17.31.13:920][  0]LogUObjectHash: Compacting FUObjectHashTables data took   1.92ms
[2020.04.21-17.31.15:392][  0]LogMaterial: Display: Missing cached shader map for material eyes_lambert, compiling. 
[2020.04.21-17.31.15:492][  0]LogShaderCompilers: Display: Worker (1/3): shaders left to compile 60
[2020.04.21-17.31.15:492][  0]LogShaderCompilers: Display: Worker (2/3): shaders left to compile 50
[2020.04.21-17.31.15:492][  0]LogShaderCompilers: Display: Worker (3/3): shaders left to compile 40
[2020.04.21-17.31.15:492][  0]LogMaterial: Display: Missing cached shader map for material M_WolfFur, compiling. 
[2020.04.21-17.31.15:605][  0]LogMaterial: Display: Missing cached shader map for material M_Wolf, compiling. 
[2020.04.21-17.31.15:791][  0]LogMaterial: Display: Missing cached shader map for material Peasant_Man_02, compiling. 
[2020.04.21-17.31.15:891][  0]LogAIModule: Creating AISystem for world PlainsWorldMap
[2020.04.21-17.31.15:937][  0]LogMaterial: Display: Material /Game/StarterContent/Props/Materials/M_Bush.M_Bush needed to have new flag set bUsedWithInstancedStaticMeshes !
[2020.04.21-17.31.15:952][  0]LogMaterial: Display: Missing cached shader map for material M_Bush, compiling. 
[2020.04.21-17.31.16:077][  0]MapCheck: Warning: M_Bush Material /Game/StarterContent/Props/Materials/M_Bush.M_Bush was missing the usage flag bUsedWithInstancedStaticMeshes. If the material asset is not re-saved, it may not render correctly when run outside the editor. Fix
[2020.04.21-17.31.16:111][  0]LogEditorServer: Finished looking for orphan Actors (0.000 secs)
[2020.04.21-17.31.16:344][  0]LogUObjectHash: Compacting FUObjectHashTables data took   3.84ms
[2020.04.21-17.31.16:344][  0]Cmd: MAP CHECKDEP NOCLEARLOG
[2020.04.21-17.31.16:345][  0]MapCheck: Map check complete: 0 Error(s), 1 Warning(s), took 0.208ms to complete.
[2020.04.21-17.31.16:350][  0]LogFileHelpers: Loading map 'PlainsWorldMap' took 2.459
[2020.04.21-17.31.16:596][  0]LogSlate: Updating window title bar state: overlay mode, drag disabled, window buttons hidden, title bar hidden
[2020.04.21-17.31.16:611][  0]LogSlate: Updating window title bar state: overlay mode, drag disabled, window buttons hidden, title bar hidden
[2020.04.21-17.31.16:624][  0]LogSlate: Updating window title bar state: overlay mode, drag disabled, window buttons hidden, title bar hidden
[2020.04.21-17.31.16:637][  0]LogSlate: Updating window title bar state: overlay mode, drag disabled, window buttons hidden, title bar hidden
[2020.04.21-17.31.16:649][  0]LogCollectionManager: Loaded 0 collections in 0.003459 seconds
[2020.04.21-17.31.16:669][  0]LogFileCache: Scanning file cache for directory 'C:/Users/mason/Documents/GitHub/PhinalPhantasyTurnIn/PhinalPhantasy 4.23/Saved/Collections/' took 0.00s
[2020.04.21-17.31.16:669][  0]LogFileCache: Scanning file cache for directory 'C:/Users/mason/Documents/GitHub/PhinalPhantasyTurnIn/PhinalPhantasy 4.23/Content/Developers/mason/Collections/' took 0.00s
[2020.04.21-17.31.16:669][  0]LogFileCache: Scanning file cache for directory 'C:/Users/mason/Documents/GitHub/PhinalPhantasyTurnIn/PhinalPhantasy 4.23/Content/Collections/' took 0.00s
[2020.04.21-17.31.16:669][  0]LogCollectionManager: Rebuilt the GUID cache for 0 collections in 0.000002 seconds
[2020.04.21-17.31.16:683][  0]LogContentBrowser: Native class hierarchy populated in 0.0140 seconds. Added 2863 classes and 680 folders.
[2020.04.21-17.31.16:696][  0]LogContentBrowser: Native class hierarchy updated for 'WidgetCarousel' in 0.0003 seconds. Added 0 classes and 0 folders.
[2020.04.21-17.31.17:271][  0]LogContentBrowser: Native class hierarchy updated for 'AddContentDialog' in 0.0003 seconds. Added 0 classes and 0 folders.
[2020.04.21-17.31.17:312][  0]LogContentBrowser: Native class hierarchy updated for 'SceneOutliner' in 0.0003 seconds. Added 1 classes and 2 folders.
[2020.04.21-17.31.17:430][  0]LogContentBrowser: Native class hierarchy updated for 'WorldBrowser' in 0.0003 seconds. Added 2 classes and 3 folders.
[2020.04.21-17.31.17:457][  0]LogSlate: Took 0.000188 seconds to synchronously load lazily loaded font '../../../Engine/Content/Slate/Fonts/Roboto-Regular.ttf' (155K)
[2020.04.21-17.31.17:460][  0]LogSlate: Took 0.000169 seconds to synchronously load lazily loaded font '../../../Engine/Content/Slate/Fonts/Roboto-Bold.ttf' (160K)
[2020.04.21-17.31.17:479][  0]LogSlate: Took 0.011361 seconds to synchronously load lazily loaded font '../../../Engine/Content/Editor/Slate/Fonts/FontAwesome.ttf' (139K)
[2020.04.21-17.31.17:615][  0]LogRenderer: Reallocating scene render targets to support 1044x432 Format 10 NumSamples 1 (Frame:1).
[2020.04.21-17.31.17:869][  0]LogSlate: Took 0.009166 seconds to synchronously load lazily loaded font '../../../Engine/Content/Slate/Fonts/Roboto-Light.ttf' (167K)
[2020.04.21-17.31.17:922][  0]LogContentBrowser: Native class hierarchy updated for 'HierarchicalLODOutliner' in 0.0006 seconds. Added 0 classes and 0 folders.
[2020.04.21-17.31.17:922][  0]LogLoad: (Engine Initialization) Total time: 11.01 seconds
[2020.04.21-17.31.17:922][  0]LogLoad: (Engine Initialization) Total Blueprint compile time: 0.00 seconds
[2020.04.21-17.31.18:219][  0]LoadErrors: Error: /Game/GroupFolders/Ged/InventoryUI/InventorySlot : Failed import for ObjectProperty /Game/GroupFolders/Ged/InventoryUI/HUD.HUD_C:HUD_Canvas Referenced by export Function /Game/GroupFolders/Ged/InventoryUI/InventorySlot.InventorySlot_C:ExecuteUbergraph_InventorySlot
[2020.04.21-17.31.18:219][  0]LoadErrors: Error: /Game/GroupFolders/Ged/InventoryComponet : Failed import for ObjectProperty /Game/GroupFolders/Ged/InventoryUI/HUD.HUD_C:HUD_Canvas Referenced by export Function /Game/GroupFolders/Ged/InventoryComponet.InventoryComponet_C:ToggleInventory
[2020.04.21-17.31.18:250][  0]LogContentStreaming: Texture pool size now 1000 MB
[2020.04.21-17.31.18:254][  0]LogSlate: FSceneViewport::OnFocusLost() reason 5
[2020.04.21-17.31.18:375][  1]LogFileCache: Retrieving MD5 hashes for directory 'C:/Users/mason/Documents/GitHub/PhinalPhantasyTurnIn/PhinalPhantasy 4.23/Content/' took 0.15s
[2020.04.21-17.31.23:261][ 11]LogShaderCompilers: Display: Worker (1/3): shaders left to compile 390
[2020.04.21-17.31.23:264][ 11]LogSlate: Window 'Message Log' being destroyed
[2020.04.21-17.31.23:268][ 11]LogSlate: Window 'Message Log' being destroyed
[2020.04.21-17.31.23:316][ 11]LogSlate: Took 0.000257 seconds to synchronously load lazily loaded font '../../../Engine/Content/Slate/Fonts/Roboto-Light.ttf' (167K)
[2020.04.21-17.31.26:242][ 70]LogSlate: FSceneViewport::OnFocusLost() reason 0
[2020.04.21-17.31.26:975][ 85]LogShaderCompilers: Display: Worker (3/3): shaders left to compile 380
[2020.04.21-17.31.27:421][ 93]LogAssetRegistry: Asset discovery search completed in 17.4039 seconds
[2020.04.21-17.31.27:430][ 93]LogCollectionManager: Rebuilt the object cache for 0 collections in 0.000007 seconds (found 0 objects)
[2020.04.21-17.31.27:430][ 93]LogCollectionManager: Fixed up redirectors for 0 collections in 0.000115 seconds (updated 0 objects)
[2020.04.21-17.31.34:407][178]LogSlate: FSceneViewport::OnFocusLost() reason 0
[2020.04.21-17.31.36:079][213]LogShaderCompilers: Display: Worker (2/3): shaders left to compile 370
[2020.04.21-17.31.47:011][376]LogShaderCompilers: Display: Worker (3/3): shaders left to compile 360
[2020.04.21-17.31.54:835][488]LogShaderCompilers: Display: Worker (1/3): shaders left to compile 350
[2020.04.21-17.32.08:202][721]LogAssetEditorManager: Opening Asset editor for Blueprint /Game/GroupFolders/Gabe/Battle_System/Blueprints/Battle_Ai/Enemy_Manager.Enemy_Manager
[2020.04.21-17.32.16:876][721]LogShaderCompilers: Display: Worker (2/3): shaders left to compile 340
[2020.04.21-17.32.16:876][721]LogShaderCompilers: Display: Worker (3/3): shaders left to compile 330
[2020.04.21-17.32.16:876][721]LogShaderCompilers: Display: Worker (1/3): shaders left to compile 320
[2020.04.21-17.32.16:876][721]LogShaderCompilers: Display: Worker (2/3): shaders left to compile 310
[2020.04.21-17.32.16:876][721]LogShaderCompilers: Display: Worker (1/3): shaders left to compile 300
[2020.04.21-17.32.16:876][721]LogShaderCompilers: Display: Worker (2/3): shaders left to compile 290
[2020.04.21-17.32.17:080][721]LogShaderCompilers: Display: Worker (3/3): shaders left to compile 280
[2020.04.21-17.32.17:396][721]LogContentBrowser: Native class hierarchy updated for 'BlueprintGraph' in 0.0016 seconds. Added 121 classes and 0 folders.
[2020.04.21-17.32.19:516][721]LogSlate: Took 0.012325 seconds to synchronously load lazily loaded font '../../../Engine/Content/Slate/Fonts/Roboto-BoldCondensed.ttf' (158K)
[2020.04.21-17.32.20:062][722]LogEditorSessionSummary: EditorSessionSummary sent report. Type=Shutdown, SessionId={04AF21DA-437E-E149-41D1-4DB0D14D7A49}
[2020.04.21-17.32.20:063][722]LogEditorSessionSummary: EditorSessionSummary sent report. Type=Shutdown, SessionId={89B7559E-4AAA-AF98-AD55-4B9870355C63}
[2020.04.21-17.32.20:100][722]LogSlate: Took 0.011932 seconds to synchronously load lazily loaded font '../../../Engine/Content/Slate/Fonts/Roboto-Italic.ttf' (157K)
[2020.04.21-17.32.26:086][ 50]LogShaderCompilers: Display: Worker (1/3): shaders left to compile 270
[2020.04.21-17.32.29:457][212]LogShaderCompilers: Display: Worker (3/3): shaders left to compile 260
[2020.04.21-17.32.34:555][483]LogShaderCompilers: Display: Worker (2/3): shaders left to compile 250
[2020.04.21-17.32.36:176][567]LogShaderCompilers: Display: Worker (1/3): shaders left to compile 240
[2020.04.21-17.32.41:596][843]LogShaderCompilers: Display: Worker (3/3): shaders left to compile 230
[2020.04.21-17.32.52:743][521]LogShaderCompilers: Display: Worker (1/3): shaders left to compile 220
[2020.04.21-17.32.55:538][654]LogShaderCompilers: Display: Worker (2/3): shaders left to compile 210
[2020.04.21-17.33.00:977][907]LogShaderCompilers: Display: Worker (3/3): shaders left to compile 200
[2020.04.21-17.33.09:696][372]LogShaderCompilers: Display: Worker (1/3): shaders left to compile 190
[2020.04.21-17.33.10:110][383]LogShaderCompilers: Display: Worker (2/3): shaders left to compile 180
[2020.04.21-17.33.11:752][417]LogShaderCompilers: Display: Worker (3/3): shaders left to compile 170
[2020.04.21-17.33.21:730][931]LogShaderCompilers: Display: Worker (2/3): shaders left to compile 160
[2020.04.21-17.33.23:752][  1]LogShaderCompilers: Display: Worker (1/3): shaders left to compile 150
[2020.04.21-17.33.27:902][211]LogShaderCompilers: Display: Worker (3/3): shaders left to compile 140
[2020.04.21-17.33.36:469][558]LogShaderCompilers: Display: Worker (2/3): shaders left to compile 130
[2020.04.21-17.33.38:537][644]LogShaderCompilers: Display: Worker (1/3): shaders left to compile 120
[2020.04.21-17.33.40:515][768]LogShaderCompilers: Display: Worker (3/3): shaders left to compile 110
[2020.04.21-17.33.48:572][115]LogShaderCompilers: Display: Worker (1/3): shaders left to compile 100
[2020.04.21-17.33.49:212][129]LogShaderCompilers: Display: Worker (3/3): shaders left to compile 90
[2020.04.21-17.33.49:926][145]LogShaderCompilers: Display: Worker (2/3): shaders left to compile 80
[2020.04.21-17.33.58:821][549]LogShaderCompilers: Display: Worker (1/3): shaders left to compile 70
[2020.04.21-17.34.01:771][703]LogShaderCompilers: Display: Worker (3/3): shaders left to compile 60
[2020.04.21-17.34.08:789][994]LogShaderCompilers: Display: Worker (2/3): shaders left to compile 50
[2020.04.21-17.34.11:440][103]LogShaderCompilers: Display: Worker (3/3): shaders left to compile 40
[2020.04.21-17.34.17:359][338]LogShaderCompilers: Display: Worker (1/3): shaders left to compile 30
[2020.04.21-17.34.17:861][364]LogShaderCompilers: Display: Worker (2/3): shaders left to compile 20
[2020.04.21-17.34.23:199][614]LogShaderCompilers: Display: Worker (3/3): shaders left to compile 13
[2020.04.21-17.34.28:052][724]LogShaderCompilers: Display: Worker (2/3): shaders left to compile 8
[2020.04.21-17.34.29:336][789]LogShaderCompilers: Display: Worker (1/3): shaders left to compile 5
[2020.04.21-17.34.30:244][840]LogShaderCompilers: Display: Worker (3/3): shaders left to compile 3
[2020.04.21-17.34.32:688][929]LogShaderCompilers: Display: Worker (1/3): shaders left to compile 1
[2020.04.21-17.34.37:126][ 93]BlueprintLog: New page: Compile Enemy_Manager
[2020.04.21-17.34.37:610][ 93]LogUObjectHash: Compacting FUObjectHashTables data took   5.74ms
[2020.04.21-17.34.38:606][129]LogSavePackage: Moving 'C:/Users/mason/Documents/GitHub/PhinalPhantasyTurnIn/PhinalPhantasy 4.23/Saved/Enemy_Manager5B57570F46CFBA57C8A9CBA70873BAD0.tmp' to 'C:/Users/mason/Documents/GitHub/PhinalPhantasyTurnIn/PhinalPhantasy 4.23/Content/GroupFolders/Gabe/Battle_System/Blueprints/Battle_Ai/Enemy_Manager.uasset'
[2020.04.21-17.37.27:354][828]BlueprintLog: New page: Compile Enemy_Manager
[2020.04.21-17.37.27:648][828]LogUObjectHash: Compacting FUObjectHashTables data took   4.30ms
[2020.04.21-17.37.28:478][871]LogSavePackage: Moving 'C:/Users/mason/Documents/GitHub/PhinalPhantasyTurnIn/PhinalPhantasy 4.23/Saved/Enemy_Manager1FCF4C844755E9F05FCB80A13048B2CC.tmp' to 'C:/Users/mason/Documents/GitHub/PhinalPhantasyTurnIn/PhinalPhantasy 4.23/Content/GroupFolders/Gabe/Battle_System/Blueprints/Battle_Ai/Enemy_Manager.uasset'
[2020.04.21-17.37.37:466][302]LogWorld: UWorld::CleanupWorld for World_2, bSessionEnded=true, bCleanupResources=true
[2020.04.21-17.37.55:853][672]LogUObjectHash: Compacting FUObjectHashTables data took  10.77ms
[2020.04.21-17.37.56:071][672]LogSlate: Window 'PhinalPhantasy - Unreal Editor' being destroyed
[2020.04.21-17.37.56:072][672]LogWindowsTextInputMethodSystem: Display: IME system now deactivated.
[2020.04.21-17.37.56:309][673]Cmd: QUIT_EDITOR
[2020.04.21-17.37.56:355][673]LogExit: Preparing to exit.
[2020.04.21-17.37.57:366][673]LogWorld: UWorld::CleanupWorld for World_0, bSessionEnded=true, bCleanupResources=true
[2020.04.21-17.37.57:373][673]LogWorld: UWorld::CleanupWorld for World_1, bSessionEnded=true, bCleanupResources=true
[2020.04.21-17.37.57:415][673]LogDemo: Cleaned up 0 splitscreen connections with owner deletion
[2020.04.21-17.37.57:423][673]LogWorld: UWorld::CleanupWorld for None, bSessionEnded=true, bCleanupResources=true
[2020.04.21-17.37.57:423][673]LogExit: Editor shut down
[2020.04.21-17.37.57:423][673]LogExit: Transaction tracking system shut down
[2020.04.21-17.37.57:757][673]LogExit: Object subsystem successfully closed.
[2020.04.21-17.37.57:777][673]LogShaderCompilers: Display: Shaders left to compile 0
[2020.04.21-17.37.57:794][673]LogModuleManager: Shutting down and abandoning module BlueprintGraph (672)
[2020.04.21-17.37.57:794][673]LogModuleManager: Shutting down and abandoning module HierarchicalLODOutliner (670)
[2020.04.21-17.37.57:794][673]LogModuleManager: Shutting down and abandoning module WorldBrowser (668)
[2020.04.21-17.37.57:794][673]LogModuleManager: Shutting down and abandoning module SceneOutliner (666)
[2020.04.21-17.37.57:794][673]LogModuleManager: Shutting down and abandoning module AddContentDialog (664)
[2020.04.21-17.37.57:794][673]LogModuleManager: Shutting down and abandoning module WidgetCarousel (663)
[2020.04.21-17.37.57:795][673]LogModuleManager: Shutting down and abandoning module EditorWidgets (660)
[2020.04.21-17.37.57:795][673]LogModuleManager: Shutting down and abandoning module CollectionManager (658)
[2020.04.21-17.37.57:796][673]LogModuleManager: Shutting down and abandoning module StatsViewer (656)
[2020.04.21-17.37.57:796][673]LogModuleManager: Shutting down and abandoning module VirtualTexturingEditor (654)
[2020.04.21-17.37.57:796][673]LogModuleManager: Shutting down and abandoning module FoliageEdit (652)
[2020.04.21-17.37.57:796][673]LogModuleManager: Shutting down and abandoning module LandscapeEditor (650)
[2020.04.21-17.37.57:796][673]LogModuleManager: Shutting down and abandoning module MeshPaintMode (648)
[2020.04.21-17.37.57:796][673]LogModuleManager: Shutting down and abandoning module SceneDepthPickerMode (646)
[2020.04.21-17.37.57:796][673]LogModuleManager: Shutting down and abandoning module ActorPickerMode (644)
[2020.04.21-17.37.57:796][673]LogModuleManager: Shutting down and abandoning module GeometryMode (642)
[2020.04.21-17.37.57:796][673]LogModuleManager: Shutting down and abandoning module TextureAlignMode (640)
[2020.04.21-17.37.57:796][673]LogModuleManager: Shutting down and abandoning module BspMode (638)
[2020.04.21-17.37.57:796][673]LogModuleManager: Shutting down and abandoning module PIEPreviewDeviceProfileSelector (636)
[2020.04.21-17.37.57:797][673]LogModuleManager: Shutting down and abandoning module SequenceRecorderSections (634)
[2020.04.21-17.37.57:797][673]LogModuleManager: Shutting down and abandoning module AutomationWorker (632)
[2020.04.21-17.37.57:797][673]LogModuleManager: Shutting down and abandoning module OculusMR (630)
[2020.04.21-17.37.57:797][673]LogModuleManager: Shutting down and abandoning module AudioCaptureEditor (628)
[2020.04.21-17.37.57:797][673]LogModuleManager: Shutting down and abandoning module MatineeToLevelSequence (626)
[2020.04.21-17.37.57:797][673]LogModuleManager: Shutting down and abandoning module LevelSequenceEditor (624)
[2020.04.21-17.37.57:797][673]LogModuleManager: Shutting down and abandoning module PlacementMode (623)
[2020.04.21-17.37.57:797][673]LogModuleManager: Shutting down and abandoning module MaterialEditor (622)
[2020.04.21-17.37.57:797][673]LogModuleManager: Shutting down and abandoning module ActorSequenceEditor (618)
[2020.04.21-17.37.57:797][673]LogModuleManager: Shutting down and abandoning module WmfMediaFactory (616)
[2020.04.21-17.37.57:797][673]LogModuleManager: Shutting down and abandoning module WmfMediaEditor (614)
[2020.04.21-17.37.57:798][673]LogModuleManager: Shutting down and abandoning module WebMMediaFactory (612)
[2020.04.21-17.37.57:798][673]LogModuleManager: Shutting down and abandoning module WebMMediaEditor (610)
[2020.04.21-17.37.57:798][673]LogModuleManager: Shutting down and abandoning module WebMMedia (608)
[2020.04.21-17.37.57:798][673]LogModuleManager: Shutting down and abandoning module MediaPlayerEditor (606)
[2020.04.21-17.37.57:798][673]LogModuleManager: Shutting down and abandoning module MediaCompositingEditor (604)
[2020.04.21-17.37.57:798][673]LogModuleManager: Shutting down and abandoning module SequenceRecorder (603)
[2020.04.21-17.37.57:798][673]LogModuleManager: Shutting down and abandoning module OpenExrWrapper (600)
[2020.04.21-17.37.57:798][673]LogModuleManager: Shutting down and abandoning module ImgMediaFactory (598)
[2020.04.21-17.37.57:798][673]LogModuleManager: Shutting down and abandoning module ImgMediaEditor (596)
[2020.04.21-17.37.57:798][673]LogModuleManager: Shutting down and abandoning module AvfMediaFactory (594)
[2020.04.21-17.37.57:798][673]LogModuleManager: Shutting down and abandoning module AvfMediaEditor (592)
[2020.04.21-17.37.57:798][673]LogModuleManager: Shutting down and abandoning module AndroidMediaFactory (590)
[2020.04.21-17.37.57:798][673]LogModuleManager: Shutting down and abandoning module AndroidMediaEditor (588)
[2020.04.21-17.37.57:798][673]LogModuleManager: Shutting down and abandoning module MagicLeapCameraPreviewFactory (586)
[2020.04.21-17.37.57:798][673]LogModuleManager: Shutting down and abandoning module MagicLeapMediaCodecFactory (584)
[2020.04.21-17.37.57:798][673]LogModuleManager: Shutting down and abandoning module MagicLeapMediaFactory (582)
[2020.04.21-17.37.57:798][673]LogModuleManager: Shutting down and abandoning module MagicLeapMediaEditor (580)
[2020.04.21-17.37.57:798][673]LogModuleManager: Shutting down and abandoning module CharacterAI (578)
[2020.04.21-17.37.57:798][673]LogModuleManager: Shutting down and abandoning module SmartSnapping (576)
[2020.04.21-17.37.57:798][673]LogModuleManager: Shutting down and abandoning module SessionServices (574)
[2020.04.21-17.37.57:798][673]LogModuleManager: Shutting down and abandoning module MeshPaint (572)
[2020.04.21-17.37.57:798][673]LogModuleManager: Shutting down and abandoning module ViewportSnapping (570)
[2020.04.21-17.37.57:798][673]LogModuleManager: Shutting down and abandoning module ViewportInteraction (568)
[2020.04.21-17.37.57:799][673]LogModuleManager: Shutting down and abandoning module ClothPainter (566)
[2020.04.21-17.37.57:799][673]LogModuleManager: Shutting down and abandoning module SkeletalMeshEditor (565)
[2020.04.21-17.37.57:799][673]LogModuleManager: Shutting down and abandoning module LogVisualizer (562)
[2020.04.21-17.37.57:799][673]LogModuleManager: Shutting down and abandoning module IntroTutorials (560)
[2020.04.21-17.37.57:799][673]LogModuleManager: Shutting down and abandoning module GameProjectGeneration (559)
[2020.04.21-17.37.57:799][673]LogModuleManager: Shutting down and abandoning module LuminPlatformEditor (556)
[2020.04.21-17.37.57:799][673]LogModuleManager: Shutting down and abandoning module IOSPlatformEditor (554)
[2020.04.21-17.37.57:799][673]LogModuleManager: Shutting down and abandoning module HTML5PlatformEditor (552)
[2020.04.21-17.37.57:799][673]LogModuleManager: Shutting down and abandoning module AndroidPlatformEditor (550)
[2020.04.21-17.37.57:799][673]LogModuleManager: Shutting down and abandoning module AndroidDeviceDetection (549)
[2020.04.21-17.37.58:641][673]LogModuleManager: Shutting down and abandoning module WindowsPlatformEditor (546)
[2020.04.21-17.37.58:641][673]LogModuleManager: Shutting down and abandoning module LuminRuntimeSettings (544)
[2020.04.21-17.37.58:641][673]LogModuleManager: Shutting down and abandoning module IOSRuntimeSettings (542)
[2020.04.21-17.37.58:641][673]LogModuleManager: Shutting down and abandoning module AndroidRuntimeSettings (540)
[2020.04.21-17.37.58:641][673]LogModuleManager: Shutting down and abandoning module TimeManagementEditor (538)
[2020.04.21-17.37.58:641][673]LogModuleManager: Shutting down and abandoning module InputBindingEditor (536)
[2020.04.21-17.37.58:641][673]LogModuleManager: Shutting down and abandoning module MergeActors (534)
[2020.04.21-17.37.58:641][673]LogModuleManager: Shutting down and abandoning module LocalizationDashboard (532)
[2020.04.21-17.37.58:641][673]LogModuleManager: Shutting down and abandoning module LocalizationService (531)
[2020.04.21-17.37.58:641][673]LogModuleManager: Shutting down and abandoning module HardwareTargeting (528)
[2020.04.21-17.37.58:641][673]LogModuleManager: Shutting down and abandoning module DeviceProfileEditor (526)
[2020.04.21-17.37.58:641][673]LogModuleManager: Shutting down and abandoning module UndoHistory (524)
[2020.04.21-17.37.58:641][673]LogModuleManager: Shutting down and abandoning module XmlParser (522)
[2020.04.21-17.37.58:641][673]LogModuleManager: Shutting down and abandoning module Blutility (520)
[2020.04.21-17.37.58:641][673]LogModuleManager: Shutting down and abandoning module ProjectSettingsViewer (518)
[2020.04.21-17.37.58:641][673]LogModuleManager: Shutting down and abandoning module ProjectTargetPlatformEditor (517)
[2020.04.21-17.37.58:641][673]LogModuleManager: Shutting down and abandoning module EditorSettingsViewer (514)
[2020.04.21-17.37.58:641][673]LogModuleManager: Shutting down and abandoning module SettingsEditor (512)
[2020.04.21-17.37.58:641][673]LogModuleManager: Shutting down and abandoning module ProjectLauncher (510)
[2020.04.21-17.37.58:641][673]LogModuleManager: Shutting down and abandoning module SessionFrontend (508)
[2020.04.21-17.37.58:641][673]LogModuleManager: Shutting down and abandoning module ProfilerClient (506)
[2020.04.21-17.37.58:641][673]LogModuleManager: Shutting down and abandoning module DeviceManager (504)
[2020.04.21-17.37.58:641][673]LogModuleManager: Shutting down and abandoning module TargetDeviceServices (503)
[2020.04.21-17.37.58:686][673]LogModuleManager: Shutting down and abandoning module AutomationController (500)
[2020.04.21-17.37.58:686][673]LogModuleManager: Shutting down and abandoning module AutomationWindow (498)
[2020.04.21-17.37.58:686][673]LogModuleManager: Shutting down and abandoning module Layers (496)
[2020.04.21-17.37.58:686][673]LogModuleManager: Shutting down and abandoning module ComponentVisualizers (494)
[2020.04.21-17.37.58:686][673]LogModuleManager: Shutting down and abandoning module DetailCustomizations (492)
[2020.04.21-17.37.58:686][673]LogModuleManager: Shutting down and abandoning module PackagesDialog (490)
[2020.04.21-17.37.58:686][673]LogModuleManager: Shutting down and abandoning module AnimationBlueprintEditor (488)
[2020.04.21-17.37.58:686][673]LogModuleManager: Shutting down and abandoning module Persona (486)
[2020.04.21-17.37.58:686][673]LogModuleManager: Shutting down and abandoning module AdvancedPreviewScene (485)
[2020.04.21-17.37.58:686][673]LogModuleManager: Shutting down and abandoning module AnimGraph (483)
[2020.04.21-17.37.58:686][673]LogModuleManager: Shutting down and abandoning module Kismet (480)
[2020.04.21-17.37.58:695][673]LogModuleManager: Shutting down and abandoning module KismetWidgets (479)
[2020.04.21-17.37.58:695][673]LogModuleManager: Shutting down and abandoning module GraphEditor (476)
[2020.04.21-17.37.58:695][673]LogModuleManager: Shutting down and abandoning module StructViewer (474)
[2020.04.21-17.37.58:695][673]LogModuleManager: Shutting down and abandoning module ClassViewer (472)
[2020.04.21-17.37.58:695][673]LogModuleManager: Shutting down and abandoning module Toolbox (470)
[2020.04.21-17.37.58:695][673]LogModuleManager: Shutting down and abandoning module ModuleUI (468)
[2020.04.21-17.37.58:695][673]LogModuleManager: Shutting down and abandoning module MovieSceneTools (466)
[2020.04.21-17.37.58:695][673]LogModuleManager: Shutting down and abandoning module OutputLog (464)
[2020.04.21-17.37.58:696][673]LogModuleManager: Shutting down and abandoning module GammaUI (462)
[2020.04.21-17.37.58:696][673]LogModuleManager: Shutting down and abandoning module Documentation (460)
[2020.04.21-17.37.58:696][673]LogModuleManager: Shutting down and abandoning module LiveCoding (458)
[2020.04.21-17.37.58:696][673]LogModuleManager: Shutting down and abandoning module LevelSequence (456)
[2020.04.21-17.37.58:696][673]LogModuleManager: Shutting down and abandoning module MovieSceneTracks (454)
[2020.04.21-17.37.58:696][673]LogModuleManager: Shutting down and abandoning module MovieScene (452)
[2020.04.21-17.37.58:696][673]LogModuleManager: Shutting down and abandoning module StreamingPauseRendering (450)
[2020.04.21-17.37.58:696][673]LogModuleManager: Shutting down and abandoning module LauncherPlatform (448)
[2020.04.21-17.37.58:696][673]LogModuleManager: Shutting down and abandoning module AnalyticsET (446)
[2020.04.21-17.37.58:696][673]LogModuleManager: Shutting down and abandoning module PortalServices (444)
[2020.04.21-17.37.58:696][673]LogModuleManager: Shutting down and abandoning module PortalRpc (442)
[2020.04.21-17.37.58:696][673]LogModuleManager: Shutting down and abandoning module MessagingRpc (440)
[2020.04.21-17.37.58:696][673]LogModuleManager: Shutting down and abandoning module AIModule (438)
[2020.04.21-17.37.58:696][673]LogModuleManager: Shutting down and abandoning module GameplayDebugger (437)
[2020.04.21-17.37.58:696][673]LogModuleManager: Shutting down and abandoning module AITestSuite (435)
[2020.04.21-17.37.58:696][673]LogModuleManager: Shutting down and abandoning module NavigationSystem (433)
[2020.04.21-17.37.58:696][673]LogModuleManager: Shutting down and abandoning module DesktopPlatform (430)
[2020.04.21-17.37.58:696][673]LogModuleManager: Shutting down and abandoning module ImageWriteQueue (428)
[2020.04.21-17.37.58:699][673]LogModuleManager: Shutting down and abandoning module ProfilerService (426)
[2020.04.21-17.37.58:805][673]LogModuleManager: Shutting down and abandoning module TaskGraph (424)
[2020.04.21-17.37.58:805][673]LogModuleManager: Shutting down and abandoning module ScreenshotTools (422)
[2020.04.21-17.37.58:805][673]LogModuleManager: Shutting down and abandoning module SteamVRController (420)
[2020.04.21-17.37.58:805][673]LogModuleManager: Shutting down and abandoning module ProceduralMeshComponentEditor (418)
[2020.04.21-17.37.58:805][673]LogModuleManager: Shutting down and abandoning module ProceduralMeshComponent (416)
[2020.04.21-17.37.58:805][673]LogModuleManager: Shutting down and abandoning module OculusEditor (414)
[2020.04.21-17.37.58:806][673]LogModuleManager: Shutting down and abandoning module OculusInput (412)
[2020.04.21-17.37.58:806][673]LogModuleManager: Shutting down and abandoning module MobilePatchingUtils (410)
[2020.04.21-17.37.58:806][673]LogModuleManager: Shutting down and abandoning module EditableMesh (408)
[2020.04.21-17.37.58:806][673]LogModuleManager: Shutting down and abandoning module CustomMeshComponent (406)
[2020.04.21-17.37.58:806][673]LogModuleManager: Shutting down and abandoning module CableComponent (404)
[2020.04.21-17.37.58:806][673]LogModuleManager: Shutting down and abandoning module AudioCapture (402)
[2020.04.21-17.37.58:806][673]LogModuleManager: Shutting down and abandoning module ArchVisCharacter (400)
[2020.04.21-17.37.58:806][673]LogModuleManager: Shutting down and abandoning module AppleImageUtilsBlueprintSupport (398)
[2020.04.21-17.37.58:806][673]LogModuleManager: Shutting down and abandoning module AppleImageUtils (396)
[2020.04.21-17.37.58:806][673]LogModuleManager: Shutting down and abandoning module AndroidPermission (394)
[2020.04.21-17.37.58:806][673]LogModuleManager: Shutting down and abandoning module NUTUnrealEngine4 (392)
[2020.04.21-17.37.58:806][673]LogModuleManager: Shutting down and abandoning module NetcodeUnitTest (390)
[2020.04.21-17.37.58:806][673]LogModuleManager: Shutting down and abandoning module MediaCompositing (388)
[2020.04.21-17.37.58:806][673]LogModuleManager: Shutting down and abandoning module ImgMedia (386)
[2020.04.21-17.37.58:806][673]LogModuleManager: Shutting down and abandoning module MagicLeapHelperVulkan (384)
[2020.04.21-17.37.58:806][673]LogModuleManager: Shutting down and abandoning module MagicLeapHelperOpenGL (382)
[2020.04.21-17.37.58:806][673]LogModuleManager: Shutting down and abandoning module MagicLeapAudio (380)
[2020.04.21-17.37.58:806][673]LogModuleManager: Shutting down and abandoning module HTML5Networking (378)
[2020.04.21-17.37.58:806][673]LogModuleManager: Shutting down and abandoning module GeometryCacheTracks (376)
[2020.04.21-17.37.58:806][673]LogModuleManager: Shutting down and abandoning module GeometryCacheSequencer (374)
[2020.04.21-17.37.58:806][673]LogModuleManager: Shutting down and abandoning module BackChannel (372)
[2020.04.21-17.37.58:806][673]LogModuleManager: Shutting down and abandoning module AutomationUtilsEditor (370)
[2020.04.21-17.37.58:806][673]LogModuleManager: Shutting down and abandoning module AutomationUtils (368)
[2020.04.21-17.37.58:806][673]LogModuleManager: Shutting down and abandoning module AlembicImporter (366)
[2020.04.21-17.37.58:806][673]LogModuleManager: Shutting down and abandoning module AlembicLibrary (365)
[2020.04.21-17.37.58:806][673]LogModuleManager: Shutting down and abandoning module GeometryCache (364)
[2020.04.21-17.37.58:806][673]LogModuleManager: Shutting down and abandoning module GeometryCacheEd (363)
[2020.04.21-17.37.58:806][673]LogModuleManager: Shutting down and abandoning module VariantManagerContent (358)
[2020.04.21-17.37.58:806][673]LogModuleManager: Shutting down and abandoning module DatasmithContentEditor (356)
[2020.04.21-17.37.58:806][673]LogModuleManager: Shutting down and abandoning module SpeedTreeImporter (354)
[2020.04.21-17.37.58:806][673]LogModuleManager: Shutting down and abandoning module PluginBrowser (352)
[2020.04.21-17.37.58:806][673]LogModuleManager: Shutting down and abandoning module MobileLauncherProfileWizard (350)
[2020.04.21-17.37.58:806][673]LogModuleManager: Shutting down and abandoning module MaterialAnalyzer (348)
[2020.04.21-17.37.58:806][673]LogModuleManager: Shutting down and abandoning module CurveEditorTools (346)
[2020.04.21-17.37.58:806][673]LogModuleManager: Shutting down and abandoning module CurveEditor (345)
[2020.04.21-17.37.58:806][673]LogModuleManager: Shutting down and abandoning module CryptoKeysOpenSSL (342)
[2020.04.21-17.37.58:806][673]LogModuleManager: Shutting down and abandoning module CryptoKeys (340)
[2020.04.21-17.37.58:806][673]LogModuleManager: Shutting down and abandoning module VisualStudioSourceCodeAccess (338)
[2020.04.21-17.37.58:806][673]LogModuleManager: Shutting down and abandoning module VisualStudioCodeSourceCodeAccess (336)
[2020.04.21-17.37.58:806][673]LogModuleManager: Shutting down and abandoning module UObjectPlugin (334)
[2020.04.21-17.37.58:806][673]LogModuleManager: Shutting down and abandoning module SubversionSourceControl (332)
[2020.04.21-17.37.58:806][673]LogModuleManager: Shutting down and abandoning module PerforceSourceControl (330)
[2020.04.21-17.37.58:806][673]LogModuleManager: Shutting down and abandoning module GitSourceControl (328)
[2020.04.21-17.37.58:806][673]LogModuleManager: Shutting down and abandoning module SourceControl (327)
[2020.04.21-17.37.58:806][673]LogModuleManager: Shutting down and abandoning module CLionSourceCodeAccess (324)
[2020.04.21-17.37.58:806][673]LogModuleManager: Shutting down and abandoning module AnimationSharingEd (322)
[2020.04.21-17.37.58:807][673]LogModuleManager: Shutting down and abandoning module ActorLayerUtilitiesEditor (320)
[2020.04.21-17.37.58:807][673]LogModuleManager: Shutting down and abandoning module ActorLayerUtilities (318)
[2020.04.21-17.37.58:807][673]LogModuleManager: Shutting down and abandoning module LightPropagationVolumeEditor (316)
[2020.04.21-17.37.58:807][673]LogModuleManager: Shutting down and abandoning module PaperTiledImporter (314)
[2020.04.21-17.37.58:807][673]LogModuleManager: Shutting down and abandoning module PaperSpriteSheetImporter (312)
[2020.04.21-17.37.58:807][673]LogModuleManager: Shutting down and abandoning module Paper2DEditor (310)
[2020.04.21-17.37.58:807][673]LogModuleManager: Shutting down and abandoning module SignificanceManager (308)
[2020.04.21-17.37.58:807][673]LogModuleManager: Shutting down and abandoning module RuntimePhysXCooking (306)
[2020.04.21-17.37.58:807][673]LogModuleManager: Shutting down and abandoning module PhysXVehiclesEditor (304)
[2020.04.21-17.37.58:807][673]LogModuleManager: Shutting down and abandoning module LocationServicesBPLibrary (300)
[2020.04.21-17.37.58:807][673]LogModuleManager: Shutting down and abandoning module ActorSequence (298)
[2020.04.21-17.37.58:807][673]LogModuleManager: Shutting down and abandoning module UdpMessaging (296)
[2020.04.21-17.37.58:908][673]LogModuleManager: Shutting down and abandoning module TcpMessaging (294)
[2020.04.21-17.37.59:009][673]LogModuleManager: Shutting down and abandoning module MagicLeapIdentity (292)
[2020.04.21-17.37.59:009][673]LogModuleManager: Shutting down and abandoning module MagicLeapSecureStorage (290)
[2020.04.21-17.37.59:009][673]LogModuleManager: Shutting down and abandoning module MagicLeapHandTracking (288)
[2020.04.21-17.37.59:009][673]LogModuleManager: Shutting down and abandoning module MagicLeapEyeTracker (286)
[2020.04.21-17.37.59:009][673]LogModuleManager: Shutting down and abandoning module MagicLeapController (284)
[2020.04.21-17.37.59:009][673]LogSlate: Slate User Destroyed.  User Index 0, Is Virtual User: 0
[2020.04.21-17.37.59:009][673]LogModuleManager: Shutting down and abandoning module MagicLeapAR (282)
[2020.04.21-17.37.59:009][673]LogModuleManager: Shutting down and abandoning module AugmentedReality (281)
[2020.04.21-17.37.59:009][673]LogModuleManager: Shutting down and abandoning module GameplayTagsEditor (278)
[2020.04.21-17.37.59:009][673]LogModuleManager: Shutting down and abandoning module FacialAnimationEditor (276)
[2020.04.21-17.37.59:009][673]LogModuleManager: Shutting down and abandoning module FacialAnimation (274)
[2020.04.21-17.37.59:009][673]LogModuleManager: Shutting down and abandoning module DataValidation (272)
[2020.04.21-17.37.59:009][673]LogModuleManager: Shutting down and abandoning module AssetManagerEditor (270)
[2020.04.21-17.37.59:009][673]LogModuleManager: Shutting down and abandoning module LevelEditor (269)
[2020.04.21-17.37.59:010][673]LogModuleManager: Shutting down and abandoning module PixelInspectorModule (268)
[2020.04.21-17.37.59:010][673]LogModuleManager: Shutting down and abandoning module CommonMenuExtensions (266)
[2020.04.21-17.37.59:010][673]LogModuleManager: Shutting down and abandoning module MainFrame (264)
[2020.04.21-17.37.59:010][673]LogModuleManager: Shutting down and abandoning module HotReload (263)
[2020.04.21-17.37.59:011][673]LogModuleManager: Shutting down and abandoning module ContentBrowser (259)
[2020.04.21-17.37.59:011][673]LogModuleManager: Shutting down and abandoning module TreeMap (257)
[2020.04.21-17.37.59:012][673]LogModuleManager: Shutting down and abandoning module AnimationSharing (254)
[2020.04.21-17.37.59:012][673]LogModuleManager: Shutting down and abandoning module LightPropagationVolumeRuntime (252)
[2020.04.21-17.37.59:012][673]LogModuleManager: Shutting down and abandoning module Paper2D (250)
[2020.04.21-17.37.59:012][673]LogModuleManager: Shutting down and abandoning module WindowsMoviePlayer (248)
[2020.04.21-17.37.59:014][673]LogModuleManager: Shutting down and abandoning module WebMMoviePlayer (246)
[2020.04.21-17.37.59:015][673]LogModuleManager: Shutting down and abandoning module NetworkReplayStreaming (244)
[2020.04.21-17.37.59:015][673]LogModuleManager: Shutting down and abandoning module PacketHandler (242)
[2020.04.21-17.37.59:015][673]LogModuleManager: Shutting down and abandoning module ClothingSystemEditor (240)
[2020.04.21-17.37.59:015][673]LogModuleManager: Shutting down and abandoning module ClothingSystemRuntime (238)
[2020.04.21-17.37.59:015][673]LogModuleManager: Shutting down and abandoning module MediaAssets (236)
[2020.04.21-17.37.59:015][673]LogModuleManager: Shutting down and abandoning module Overlay (234)
[2020.04.21-17.37.59:015][673]LogModuleManager: Shutting down and abandoning module OverlayEditor (233)
[2020.04.21-17.37.59:015][673]LogModuleManager: Shutting down and abandoning module VREditor (230)
[2020.04.21-17.37.59:015][673]LogModuleManager: Shutting down and abandoning module StringTableEditor (228)
[2020.04.21-17.37.59:015][673]LogModuleManager: Shutting down and abandoning module GameplayTasksEditor (226)
[2020.04.21-17.37.59:015][673]LogModuleManager: Shutting down and abandoning module BehaviorTreeEditor (224)
[2020.04.21-17.37.59:015][673]LogModuleManager: Shutting down and abandoning module FunctionalTesting (222)
[2020.04.21-17.37.59:015][673]LogModuleManager: Shutting down and abandoning module CollisionAnalyzer (220)
[2020.04.21-17.37.59:015][673]LogModuleManager: Shutting down and abandoning module WorkspaceMenuStructure (219)
[2020.04.21-17.37.59:015][673]LogModuleManager: Shutting down and abandoning module UMG (216)
[2020.04.21-17.37.59:015][673]LogModuleManager: Shutting down and abandoning module UMGEditor (215)
[2020.04.21-17.37.59:015][673]LogModuleManager: Shutting down and abandoning module Sequencer (214)
[2020.04.21-17.37.59:015][673]LogModuleManager: Shutting down and abandoning module MessageLog (211)
[2020.04.21-17.37.59:015][673]LogModuleManager: Shutting down and abandoning module SlateReflector (206)
[2020.04.21-17.37.59:015][673]LogModuleManager: Shutting down and abandoning module Slate (204)
[2020.04.21-17.37.59:015][673]LogModuleManager: Shutting down and abandoning module LandscapeEditorUtilities (202)
[2020.04.21-17.37.59:015][673]LogModuleManager: Shutting down and abandoning module EditorStyle (200)
[2020.04.21-17.37.59:016][673]LogModuleManager: Shutting down and abandoning module UnrealEd (198)
[2020.04.21-17.37.59:016][673]LogModuleManager: Shutting down and abandoning module MRMesh (196)
[2020.04.21-17.37.59:016][673]LogModuleManager: Shutting down and abandoning module SourceCodeAccess (194)
[2020.04.21-17.37.59:016][673]LogModuleManager: Shutting down and abandoning module HeadMountedDisplay (192)
[2020.04.21-17.37.59:016][673]LogModuleManager: Shutting down and abandoning module XAudio2 (190)
[2020.04.21-17.37.59:016][673]LogModuleManager: Shutting down and abandoning module Networking (188)
[2020.04.21-17.37.59:016][673]LogModuleManager: Shutting down and abandoning module Core (186)
[2020.04.21-17.37.59:016][673]LogModuleManager: Shutting down and abandoning module KismetCompiler (184)
[2020.04.21-17.37.59:016][673]LogModuleManager: Shutting down and abandoning module MeshUtilities (182)
[2020.04.21-17.37.59:016][673]LogModuleManager: Shutting down and abandoning module MeshMergeUtilities (181)
[2020.04.21-17.37.59:016][673]LogModuleManager: Shutting down and abandoning module MeshReductionInterface (180)
[2020.04.21-17.37.59:016][673]LogModuleManager: Shutting down and abandoning module SkeletalMeshReduction (179)
[2020.04.21-17.37.59:016][673]LogModuleManager: Shutting down and abandoning module ProxyLODMeshReduction (177)
[2020.04.21-17.37.59:016][673]LogModuleManager: Shutting down and abandoning module QuadricMeshReduction (175)
[2020.04.21-17.37.59:016][673]LogModuleManager: Shutting down and abandoning module MaterialBaking (171)
[2020.04.21-17.37.59:016][673]LogModuleManager: Shutting down and abandoning module NullInstallBundleManager (166)
[2020.04.21-17.37.59:016][673]LogModuleManager: Shutting down and abandoning module DerivedDataCache (164)
[2020.04.21-17.37.59:083][673]LogDerivedDataCache: Shutdown
[2020.04.21-17.37.59:083][673]LogModuleManager: Shutting down and abandoning module XGEController (162)
[2020.04.21-17.37.59:083][673]LogModuleManager: Shutting down and abandoning module TargetPlatform (160)
[2020.04.21-17.37.59:083][673]LogModuleManager: Shutting down and abandoning module VulkanShaderFormat (159)
[2020.04.21-17.37.59:083][673]LogModuleManager: Shutting down and abandoning module ShaderFormatVectorVM (157)
[2020.04.21-17.37.59:083][673]LogModuleManager: Shutting down and abandoning module ShaderFormatOpenGL (155)
[2020.04.21-17.37.59:083][673]LogModuleManager: Shutting down and abandoning module ShaderFormatD3D (153)
[2020.04.21-17.37.59:083][673]LogModuleManager: Shutting down and abandoning module MetalShaderFormat (151)
[2020.04.21-17.37.59:083][673]LogModuleManager: Shutting down and abandoning module TextureFormatUncompressed (149)
[2020.04.21-17.37.59:083][673]LogModuleManager: Shutting down and abandoning module TextureFormatPVR (147)
[2020.04.21-17.37.59:083][673]LogModuleManager: Shutting down and abandoning module TextureFormatDXT (145)
[2020.04.21-17.37.59:083][673]LogModuleManager: Shutting down and abandoning module TextureFormatIntelISPCTexComp (143)
[2020.04.21-17.37.59:084][673]LogModuleManager: Shutting down and abandoning module TextureFormatASTC (141)
[2020.04.21-17.37.59:084][673]LogModuleManager: Shutting down and abandoning module ImageWrapper (140)
[2020.04.21-17.37.59:084][673]LogModuleManager: Shutting down and abandoning module TextureFormatAndroid (137)
[2020.04.21-17.37.59:084][673]LogModuleManager: Shutting down and abandoning module AudioFormatOpus (135)
[2020.04.21-17.37.59:084][673]LogModuleManager: Shutting down and abandoning module AudioFormatOgg (133)
[2020.04.21-17.37.59:084][673]LogModuleManager: Shutting down and abandoning module AudioFormatADPCM (131)
[2020.04.21-17.37.59:084][673]LogModuleManager: Shutting down and abandoning module LuminTargetPlatform (129)
[2020.04.21-17.37.59:084][673]LogModuleManager: Shutting down and abandoning module LinuxTargetPlatform (127)
[2020.04.21-17.37.59:084][673]LogModuleManager: Shutting down and abandoning module LinuxServerTargetPlatform (125)
[2020.04.21-17.37.59:084][673]LogModuleManager: Shutting down and abandoning module LinuxNoEditorTargetPlatform (123)
[2020.04.21-17.37.59:084][673]LogModuleManager: Shutting down and abandoning module LinuxClientTargetPlatform (121)
[2020.04.21-17.37.59:084][673]LogModuleManager: Shutting down and abandoning module TVOSTargetPlatform (119)
[2020.04.21-17.37.59:085][673]LogModuleManager: Shutting down and abandoning module Messaging (117)
[2020.04.21-17.37.59:085][673]LogModuleManager: Shutting down and abandoning module IOSTargetPlatform (115)
[2020.04.21-17.37.59:085][673]LogModuleManager: Shutting down and abandoning module HTML5TargetPlatform (113)
[2020.04.21-17.37.59:085][673]LogModuleManager: Shutting down and abandoning module AndroidTargetPlatform (111)
[2020.04.21-17.37.59:091][673]LogModuleManager: Shutting down and abandoning module WindowsTargetPlatform (109)
[2020.04.21-17.37.59:091][673]LogModuleManager: Shutting down and abandoning module WindowsServerTargetPlatform (107)
[2020.04.21-17.37.59:091][673]LogModuleManager: Shutting down and abandoning module WindowsNoEditorTargetPlatform (105)
[2020.04.21-17.37.59:091][673]LogModuleManager: Shutting down and abandoning module WindowsClientTargetPlatform (103)
[2020.04.21-17.37.59:091][673]LogModuleManager: Shutting down and abandoning module MacTargetPlatform (101)
[2020.04.21-17.37.59:091][673]LogModuleManager: Shutting down and abandoning module MacServerTargetPlatform (99)
[2020.04.21-17.37.59:091][673]LogModuleManager: Shutting down and abandoning module MacNoEditorTargetPlatform (97)
[2020.04.21-17.37.59:091][673]LogModuleManager: Shutting down and abandoning module MacClientTargetPlatform (95)
[2020.04.21-17.37.59:091][673]LogModuleManager: Shutting down and abandoning module AllDesktopTargetPlatform (93)
[2020.04.21-17.37.59:091][673]LogModuleManager: Shutting down and abandoning module InputCore (90)
[2020.04.21-17.37.59:091][673]LogModuleManager: Shutting down and abandoning module Settings (88)
[2020.04.21-17.37.59:091][673]LogModuleManager: Shutting down and abandoning module DirectoryWatcher (86)
[2020.04.21-17.37.59:091][673]LogModuleManager: Shutting down and abandoning module PhysXCooking (84)
[2020.04.21-17.37.59:091][673]LogModuleManager: Shutting down and abandoning module WindowsPlatformFeatures (82)
[2020.04.21-17.37.59:091][673]LogModuleManager: Shutting down and abandoning module GameplayMediaEncoder (81)
[2020.04.21-17.37.59:091][673]LogModuleManager: Shutting down and abandoning module SteamVR (78)
[2020.04.21-17.37.59:091][673]LogHMD: Freeing OpenVRDLLHandle.
[2020.04.21-17.37.59:091][673]LogModuleManager: Shutting down and abandoning module OculusHMD (76)
[2020.04.21-17.37.59:091][673]LogModuleManager: Shutting down and abandoning module ExampleDeviceProfileSelector (74)
[2020.04.21-17.37.59:091][673]LogModuleManager: Shutting down and abandoning module LauncherChunkInstaller (72)
[2020.04.21-17.37.59:091][673]LogModuleManager: Shutting down and abandoning module OnlineBlueprintSupport (70)
[2020.04.21-17.37.59:091][673]LogModuleManager: Shutting down and abandoning module OnlineSubsystem (66)
[2020.04.21-17.37.59:092][673]LogModuleManager: Shutting down and abandoning module XMPP (61)
[2020.04.21-17.37.59:092][673]LogModuleManager: Shutting down and abandoning module WebSockets (60)
[2020.04.21-17.37.59:116][673]LogModuleManager: Shutting down and abandoning module HTTP (57)
[2020.04.21-17.37.59:116][673]LogHttp: Display: Http module shutting down, but needs to wait on 1 outstanding Http requests:
[2020.04.21-17.37.59:116][673]LogHttp: Display: 	verb=[POST] url=[https://datarouter.ol.epicgames.com/datarouter/api/v1/public/data?SessionID=%7BBDFBA870-444B-6664-F1F9-B38B9D2BBE44%7D&AppID=UEEditor.Rocket.Release&AppVersion=4.23.1-9631420%2B%2B%2BUE4%2BRelease-4.23&UserID=20e6631449079e3778e4499abec8a725%7C2c53235631b243b980ace4ed9c946480%7C951dd054-ac37-47d1-ad86-b4ae341b0c02&AppEnvironment=datacollector-binary&UploadType=eteventstream] status=Processing
[2020.04.21-17.37.59:150][673]LogModuleManager: Shutting down and abandoning module SSL (56)
[2020.04.21-17.37.59:151][673]LogModuleManager: Shutting down and abandoning module WmfMedia (52)
[2020.04.21-17.37.59:152][673]LogModuleManager: Shutting down and abandoning module Media (51)
[2020.04.21-17.37.59:153][673]LogModuleManager: Shutting down and abandoning module MagicLeap (48)
[2020.04.21-17.37.59:153][673]LogModuleManager: Shutting down and abandoning module DatasmithContent (46)
[2020.04.21-17.37.59:154][673]LogModuleManager: Shutting down and abandoning module AISupportModule (44)
[2020.04.21-17.37.59:154][673]LogModuleManager: Shutting down and abandoning module PlatformCryptoOpenSSL (42)
[2020.04.21-17.37.59:154][673]LogModuleManager: Shutting down and abandoning module PlatformCrypto (40)
[2020.04.21-17.37.59:154][673]LogModuleManager: Shutting down and abandoning module AnimationModifiers (38)
[2020.04.21-17.37.59:154][673]LogModuleManager: Shutting down and abandoning module PropertyEditor (37)
[2020.04.21-17.37.59:154][673]LogModuleManager: Shutting down and abandoning module AudioEditor (34)
[2020.04.21-17.37.59:154][673]LogModuleManager: Shutting down and abandoning module TextureCompressor (32)
[2020.04.21-17.37.59:154][673]LogModuleManager: Shutting down and abandoning module RenderCore (30)
[2020.04.21-17.37.59:154][673]LogModuleManager: Shutting down and abandoning module Landscape (28)
[2020.04.21-17.37.59:154][673]LogModuleManager: Shutting down and abandoning module SlateRHIRenderer (26)
[2020.04.21-17.37.59:155][673]LogModuleManager: Shutting down and abandoning module OpenGLDrv (24)
[2020.04.21-17.37.59:155][673]LogModuleManager: Shutting down and abandoning module D3D11RHI (22)
[2020.04.21-17.37.59:155][673]LogModuleManager: Shutting down and abandoning module AnimGraphRuntime (20)
[2020.04.21-17.37.59:155][673]LogModuleManager: Shutting down and abandoning module Renderer (18)
[2020.04.21-17.37.59:155][673]LogModuleManager: Shutting down and abandoning module Engine (16)
[2020.04.21-17.37.59:156][673]LogModuleManager: Shutting down and abandoning module CoreUObject (14)
[2020.04.21-17.37.59:156][673]LogModuleManager: Shutting down and abandoning module NetworkFile (12)
[2020.04.21-17.37.59:156][673]LogModuleManager: Shutting down and abandoning module CookedIterativeFile (10)
[2020.04.21-17.37.59:156][673]LogModuleManager: Shutting down and abandoning module StreamingFile (8)
[2020.04.21-17.37.59:156][673]LogModuleManager: Shutting down and abandoning module SandboxFile (6)
[2020.04.21-17.37.59:156][673]LogModuleManager: Shutting down and abandoning module PakFile (4)
[2020.04.21-17.37.59:156][673]LogModuleManager: Shutting down and abandoning module RSA (3)
[2020.04.21-17.37.59:158][673]LogD3D11RHI: Shutdown
[2020.04.21-17.37.59:158][673]LogD3D11RHI: CleanupD3DDevice
[2020.04.21-17.37.59:161][673]LogRendererCore: FGlobalDynamicReadBuffer::Cleanup()
[2020.04.21-17.37.59:161][673]LogRendererCore: FGlobalDynamicReadBuffer::Cleanup()
[2020.04.21-17.37.59:161][673]LogRendererCore: FGlobalDynamicReadBuffer::Cleanup()
[2020.04.21-17.37.59:352][673]LogD3D11RHI: ~FD3D11DynamicRHI
[2020.04.21-17.37.59:355][673]LogExit: Exiting.
[2020.04.21-17.37.59:362][673]Log file closed, 04/21/20 13:37:59
