Log file open, 04/20/20 08:28:53
LogWindows: Failed to load 'aqProf.dll' (GetLastError=126)
LogWindows: File 'aqProf.dll' does not exist
LogWindows: Failed to load 'VtuneApi.dll' (GetLastError=126)
LogWindows: File 'VtuneApi.dll' does not exist
LogWindows: Failed to load 'VtuneApi32e.dll' (GetLastError=126)
LogWindows: File 'VtuneApi32e.dll' does not exist
LogConsoleResponse: Display: Failed to find resolution value strings in scalability ini. Falling back to default.
LogInit: Display: Running engine for game: PhinalPhantasy
LogPlatformFile: Not using cached read wrapper
LogTaskGraph: Started task graph with 5 named threads and 23 total threads with 3 sets of task threads.
LogStats: Stats thread started at 1.726361
LogD3D11RHI: Loaded GFSDK_Aftermath_Lib.x64.dll
LogICUInternationalization: ICU TimeZone Detection - Raw Offset: -5:00, Platform Override: ''
LogPluginManager: Mounting plugin Paper2D
LogPluginManager: Mounting plugin AISupport
LogPluginManager: Mounting plugin LightPropagationVolume
LogPluginManager: Mounting plugin ActorLayerUtilities
LogPluginManager: Mounting plugin AnimationSharing
LogPluginManager: Mounting plugin CLionSourceCodeAccess
LogPluginManager: Mounting plugin CodeLiteSourceCodeAccess
LogPluginManager: Mounting plugin GitSourceControl
LogPluginManager: Mounting plugin KDevelopSourceCodeAccess
LogPluginManager: Mounting plugin NullSourceCodeAccess
LogPluginManager: Mounting plugin PerforceSourceControl
LogPluginManager: Mounting plugin SubversionSourceControl
LogPluginManager: Mounting plugin UObjectPlugin
LogPluginManager: Mounting plugin VisualStudioCodeSourceCodeAccess
LogPluginManager: Mounting plugin VisualStudioSourceCodeAccess
LogPluginManager: Mounting plugin XCodeSourceCodeAccess
LogPluginManager: Mounting plugin AssetManagerEditor
LogPluginManager: Mounting plugin CryptoKeys
LogPluginManager: Mounting plugin CurveEditorTools
LogPluginManager: Mounting plugin DataValidation
LogPluginManager: Mounting plugin FacialAnimation
LogPluginManager: Mounting plugin GameplayTagsEditor
LogPluginManager: Mounting plugin MacGraphicsSwitching
LogPluginManager: Mounting plugin MaterialAnalyzer
LogPluginManager: Mounting plugin MobileLauncherProfileWizard
LogPluginManager: Mounting plugin PluginBrowser
LogPluginManager: Mounting plugin SpeedTreeImporter
LogPluginManager: Mounting plugin DatasmithContent
LogPluginManager: Mounting plugin VariantManagerContent
LogPluginManager: Mounting plugin AlembicImporter
LogPluginManager: Mounting plugin AutomationUtils
LogPluginManager: Mounting plugin BackChannel
LogPluginManager: Mounting plugin CharacterAI
LogPluginManager: Mounting plugin GeometryCache
LogPluginManager: Mounting plugin HTML5Networking
LogPluginManager: Mounting plugin PlatformCrypto
LogPluginManager: Mounting plugin ProxyLODPlugin
LogPluginManager: Mounting plugin SkeletalReduction
LogPluginManager: Mounting plugin MagicLeap
LogPluginManager: Mounting plugin MagicLeapMedia
LogPluginManager: Mounting plugin AndroidMedia
LogPluginManager: Mounting plugin AvfMedia
LogPluginManager: Mounting plugin ImgMedia
LogPluginManager: Mounting plugin MediaCompositing
LogPluginManager: Mounting plugin MediaPlayerEditor
LogPluginManager: Mounting plugin WebMMedia
LogPluginManager: Mounting plugin WmfMedia
LogPluginManager: Mounting plugin TcpMessaging
LogPluginManager: Mounting plugin UdpMessaging
LogPluginManager: Mounting plugin ActorSequence
LogPluginManager: Mounting plugin LevelSequenceEditor
LogPluginManager: Mounting plugin MatineeToLevelSequence
LogPluginManager: Mounting plugin NetcodeUnitTest
LogPluginManager: Mounting plugin NUTUnrealEngine4
LogPluginManager: Mounting plugin OnlineSubsystemGooglePlay
LogPluginManager: Mounting plugin OnlineSubsystemIOS
LogPluginManager: Mounting plugin OnlineSubsystem
LogPluginManager: Mounting plugin OnlineSubsystemNull
LogPluginManager: Mounting plugin OnlineSubsystemUtils
LogPluginManager: Mounting plugin LauncherChunkInstaller
LogPluginManager: Mounting plugin AndroidDeviceProfileSelector
LogPluginManager: Mounting plugin AndroidMoviePlayer
LogPluginManager: Mounting plugin AndroidPermission
LogPluginManager: Mounting plugin AppleImageUtils
LogPluginManager: Mounting plugin AppleMoviePlayer
LogPluginManager: Mounting plugin ArchVisCharacter
LogPluginManager: Mounting plugin AudioCapture
LogPluginManager: Mounting plugin CableComponent
LogPluginManager: Mounting plugin CustomMeshComponent
LogPluginManager: Mounting plugin EditableMesh
LogPluginManager: Mounting plugin ExampleDeviceProfileSelector
LogPluginManager: Mounting plugin GoogleCloudMessaging
LogPluginManager: Mounting plugin IOSDeviceProfileSelector
LogPluginManager: Mounting plugin LinuxDeviceProfileSelector
LogPluginManager: Mounting plugin LocationServicesBPLibrary
LogPluginManager: Mounting plugin MobilePatchingUtils
LogPluginManager: Mounting plugin OculusVR
LogPluginManager: Mounting plugin PhysXVehicles
LogPluginManager: Mounting plugin ProceduralMeshComponent
LogPluginManager: Mounting plugin RuntimePhysXCooking
LogPluginManager: Mounting plugin SignificanceManager
LogPluginManager: Mounting plugin SteamVR
LogPluginManager: Mounting plugin WebMMoviePlayer
LogPluginManager: Mounting plugin WindowsMoviePlayer
LogPluginManager: Mounting plugin ScreenshotTools
LogInit: Using libcurl 7.55.1-DEV
LogInit:  - built for x86_64-pc-win32
LogInit:  - supports SSL with OpenSSL/1.1.1
LogInit:  - supports HTTP deflate (compression) using libz 1.2.8
LogInit:  - other features:
LogInit:      CURL_VERSION_SSL
LogInit:      CURL_VERSION_LIBZ
LogInit:      CURL_VERSION_IPV6
LogInit:      CURL_VERSION_ASYNCHDNS
LogInit:      CURL_VERSION_LARGEFILE
LogInit:      CURL_VERSION_IDN
LogInit:  CurlRequestOptions (configurable via config and command line):
LogInit:  - bVerifyPeer = true  - Libcurl will verify peer certificate
LogInit:  - bUseHttpProxy = false  - Libcurl will NOT use HTTP proxy
LogInit:  - bDontReuseConnections = false  - Libcurl will reuse connections
LogInit:  - MaxHostConnections = 16  - Libcurl will limit the number of connections to a host
LogInit:  - LocalHostAddr = Default
LogInit:  - BufferSize = 65536
LogOnline: OSS: Creating online subsystem instance for: NULL
LogInit: WinSock: version 1.1 (2.2), MaxSocks=32767, MaxUdp=65467
LogInit: Build: ++UE4+Release-4.23-CL-9631420
LogInit: Engine Version: 4.23.1-9631420+++UE4+Release-4.23
LogInit: Compatible Engine Version: 4.23.0-8386587+++UE4+Release-4.23
LogInit: Net CL: 8386587
LogInit: OS: Windows 10 (Release 1809) (), CPU: AMD Ryzen 5 2500U with Radeon Vega Mobile Gfx  , GPU: AMD Radeon(TM) Vega 8 Graphics
LogInit: Compiled (64-bit): Oct 18 2019 02:07:44
LogInit: Compiled with Visual C++: 19.16.27030.01
LogInit: Build Configuration: Development
LogInit: Branch Name: ++UE4+Release-4.23
LogInit: Command Line: 
LogInit: Base Directory: C:/Program Files/Epic Games/UE_4.23/Engine/Binaries/Win64/
LogInit: Installed Engine Build: 1
LogDevObjectVersion: Number of dev versions registered: 23
LogDevObjectVersion:   Dev-Blueprints (B0D832E4-1F89-4F0D-ACCF-7EB736FD4AA2): 10
LogDevObjectVersion:   Dev-Build (E1C64328-A22C-4D53-A36C-8E866417BD8C): 0
LogDevObjectVersion:   Dev-Core (375EC13C-06E4-48FB-B500-84F0262A717E): 3
LogDevObjectVersion:   Dev-Editor (E4B068ED-F494-42E9-A231-DA0B2E46BB41): 34
LogDevObjectVersion:   Dev-Framework (CFFC743F-43B0-4480-9391-14DF171D2073): 35
LogDevObjectVersion:   Dev-Mobile (B02B49B5-BB20-44E9-A304-32B752E40360): 2
LogDevObjectVersion:   Dev-Networking (A4E4105C-59A1-49B5-A7C5-40C4547EDFEE): 0
LogDevObjectVersion:   Dev-Online (39C831C9-5AE6-47DC-9A44-9C173E1C8E7C): 0
LogDevObjectVersion:   Dev-Physics (78F01B33-EBEA-4F98-B9B4-84EACCB95AA2): 0
LogDevObjectVersion:   Dev-Platform (6631380F-2D4D-43E0-8009-CF276956A95A): 0
LogDevObjectVersion:   Dev-Rendering (12F88B9F-8875-4AFC-A67C-D90C383ABD29): 31
LogDevObjectVersion:   Dev-Sequencer (7B5AE74C-D270-4C10-A958-57980B212A5A): 11
LogDevObjectVersion:   Dev-VR (D7296918-1DD6-4BDD-9DE2-64A83CC13884): 2
LogDevObjectVersion:   Dev-LoadTimes (C2A15278-BFE7-4AFE-6C17-90FF531DF755): 1
LogDevObjectVersion:   Private-Geometry (6EACA3D4-40EC-4CC1-B786-8BED09428FC5): 3
LogDevObjectVersion:   Dev-AnimPhys (29E575DD-E0A3-4627-9D10-D276232CDCEA): 17
LogDevObjectVersion:   Dev-Anim (AF43A65D-7FD3-4947-9873-3E8ED9C1BB05): 2
LogDevObjectVersion:   Dev-ReflectionCapture (6B266CEC-1EC7-4B8F-A30B-E4D90942FC07): 1
LogDevObjectVersion:   Dev-Automation (0DF73D61-A23F-47EA-B727-89E90C41499A): 1
LogDevObjectVersion:   FortniteMain (601D1886-AC64-4F84-AA16-D3DE0DEAC7D6): 27
LogDevObjectVersion:   Dev-Enterprise (9DFFBCD6-494F-0158-E221-12823C92A888): 6
LogDevObjectVersion:   Dev-Niagara (F2AED0AC-9AFE-416F-8664-AA7FFA26D6FC): 1
LogDevObjectVersion:   Dev-Destruction (174F1F0B-B4C6-45A5-B13F-2EE8D0FB917D): 9
LogInit: Presizing for max 16777216 objects, including 0 objects not considered by GC, pre-allocating 0 bytes for permanent pool.
LogInit: Object subsystem initialized
LogConfig: Setting CVar [[con.DebugEarlyDefault:1]]
LogConfig: Setting CVar [[r.setres:1280x720]]
[2020.04.20-12.29.01:512][  0]LogConfig: Setting CVar [[r.VSync:0]]
[2020.04.20-12.29.01:512][  0]LogConfig: Setting CVar [[r.RHICmdBypass:0]]
[2020.04.20-12.29.01:512][  0]LogConfig: Applying CVar settings from Section [/Script/Engine.RendererSettings] File [C:/Users/Gabe/Downloads/PhinalPhantasy1.3-master(1)/PhinalPhantasy1.3-master/PhinalPhantasy 4.23/Saved/Config/Windows/Engine.ini]
[2020.04.20-12.29.01:512][  0]LogConfig: Setting CVar [[r.GPUCrashDebugging:0]]
[2020.04.20-12.29.01:512][  0]LogConfig: Applying CVar settings from Section [/Script/Engine.RendererOverrideSettings] File [C:/Users/Gabe/Downloads/PhinalPhantasy1.3-master(1)/PhinalPhantasy1.3-master/PhinalPhantasy 4.23/Saved/Config/Windows/Engine.ini]
[2020.04.20-12.29.01:512][  0]LogConfig: Applying CVar settings from Section [/Script/Engine.StreamingSettings] File [C:/Users/Gabe/Downloads/PhinalPhantasy1.3-master(1)/PhinalPhantasy1.3-master/PhinalPhantasy 4.23/Saved/Config/Windows/Engine.ini]
[2020.04.20-12.29.01:512][  0]LogConfig: Setting CVar [[s.MinBulkDataSizeForAsyncLoading:131072]]
[2020.04.20-12.29.01:512][  0]LogConfig: Setting CVar [[s.AsyncLoadingThreadEnabled:0]]
[2020.04.20-12.29.01:512][  0]LogConfig: Setting CVar [[s.EventDrivenLoaderEnabled:1]]
[2020.04.20-12.29.01:512][  0]LogConfig: Setting CVar [[s.WarnIfTimeLimitExceeded:0]]
[2020.04.20-12.29.01:512][  0]LogConfig: Setting CVar [[s.TimeLimitExceededMultiplier:1.5]]
[2020.04.20-12.29.01:512][  0]LogConfig: Setting CVar [[s.TimeLimitExceededMinTime:0.005]]
[2020.04.20-12.29.01:512][  0]LogConfig: Setting CVar [[s.UseBackgroundLevelStreaming:1]]
[2020.04.20-12.29.01:512][  0]LogConfig: Setting CVar [[s.PriorityAsyncLoadingExtraTime:15.0]]
[2020.04.20-12.29.01:512][  0]LogConfig: Setting CVar [[s.LevelStreamingActorsUpdateTimeLimit:5.0]]
[2020.04.20-12.29.01:512][  0]LogConfig: Setting CVar [[s.PriorityLevelStreamingActorsUpdateExtraTime:5.0]]
[2020.04.20-12.29.01:512][  0]LogConfig: Setting CVar [[s.LevelStreamingComponentsRegistrationGranularity:10]]
[2020.04.20-12.29.01:512][  0]LogConfig: Setting CVar [[s.UnregisterComponentsTimeLimit:1.0]]
[2020.04.20-12.29.01:512][  0]LogConfig: Setting CVar [[s.LevelStreamingComponentsUnregistrationGranularity:5]]
[2020.04.20-12.29.01:512][  0]LogConfig: Applying CVar settings from Section [/Script/Engine.GarbageCollectionSettings] File [C:/Users/Gabe/Downloads/PhinalPhantasy1.3-master(1)/PhinalPhantasy1.3-master/PhinalPhantasy 4.23/Saved/Config/Windows/Engine.ini]
[2020.04.20-12.29.01:513][  0]LogConfig: Setting CVar [[gc.MaxObjectsNotConsideredByGC:1]]
[2020.04.20-12.29.01:513][  0]LogConfig: Setting CVar [[gc.SizeOfPermanentObjectPool:0]]
[2020.04.20-12.29.01:513][  0]LogConfig: Setting CVar [[gc.FlushStreamingOnGC:0]]
[2020.04.20-12.29.01:513][  0]LogConfig: Setting CVar [[gc.NumRetriesBeforeForcingGC:10]]
[2020.04.20-12.29.01:513][  0]LogConfig: Setting CVar [[gc.AllowParallelGC:1]]
[2020.04.20-12.29.01:513][  0]LogConfig: Setting CVar [[gc.TimeBetweenPurgingPendingKillObjects:61.1]]
[2020.04.20-12.29.01:513][  0]LogConfig: Setting CVar [[gc.MaxObjectsInEditor:16777216]]
[2020.04.20-12.29.01:513][  0]LogConfig: Setting CVar [[gc.IncrementalBeginDestroyEnabled:1]]
[2020.04.20-12.29.01:513][  0]LogConfig: Setting CVar [[gc.CreateGCClusters:1]]
[2020.04.20-12.29.01:513][  0]LogConfig: Setting CVar [[gc.MinGCClusterSize:5]]
[2020.04.20-12.29.01:513][  0]LogConfig: Setting CVar [[gc.ActorClusteringEnabled:0]]
[2020.04.20-12.29.01:513][  0]LogConfig: Setting CVar [[gc.BlueprintClusteringEnabled:0]]
[2020.04.20-12.29.01:513][  0]LogConfig: Setting CVar [[gc.UseDisregardForGCOnDedicatedServers:0]]
[2020.04.20-12.29.01:513][  0]LogConfig: Applying CVar settings from Section [/Script/Engine.NetworkSettings] File [C:/Users/Gabe/Downloads/PhinalPhantasy1.3-master(1)/PhinalPhantasy1.3-master/PhinalPhantasy 4.23/Saved/Config/Windows/Engine.ini]
[2020.04.20-12.29.01:513][  0]LogConfig: Applying CVar settings from Section [/Script/UnrealEd.CookerSettings] File [C:/Users/Gabe/Downloads/PhinalPhantasy1.3-master(1)/PhinalPhantasy1.3-master/PhinalPhantasy 4.23/Saved/Config/Windows/Engine.ini]
[2020.04.20-12.29.01:654][  0]LogConfig: Applying CVar settings from Section [ViewDistanceQuality@3] File [C:/Users/Gabe/Downloads/PhinalPhantasy1.3-master(1)/PhinalPhantasy1.3-master/PhinalPhantasy 4.23/Saved/Config/Windows/Scalability.ini]
[2020.04.20-12.29.01:654][  0]LogConfig: Setting CVar [[r.SkeletalMeshLODBias:0]]
[2020.04.20-12.29.01:654][  0]LogConfig: Setting CVar [[r.ViewDistanceScale:1.0]]
[2020.04.20-12.29.01:654][  0]LogConfig: Applying CVar settings from Section [AntiAliasingQuality@3] File [C:/Users/Gabe/Downloads/PhinalPhantasy1.3-master(1)/PhinalPhantasy1.3-master/PhinalPhantasy 4.23/Saved/Config/Windows/Scalability.ini]
[2020.04.20-12.29.01:654][  0]LogConfig: Setting CVar [[r.PostProcessAAQuality:4]]
[2020.04.20-12.29.01:654][  0]LogConfig: Applying CVar settings from Section [ShadowQuality@3] File [C:/Users/Gabe/Downloads/PhinalPhantasy1.3-master(1)/PhinalPhantasy1.3-master/PhinalPhantasy 4.23/Saved/Config/Windows/Scalability.ini]
[2020.04.20-12.29.01:654][  0]LogConfig: Setting CVar [[r.LightFunctionQuality:1]]
[2020.04.20-12.29.01:654][  0]LogConfig: Setting CVar [[r.ShadowQuality:5]]
[2020.04.20-12.29.01:655][  0]LogConfig: Setting CVar [[r.Shadow.CSM.MaxCascades:10]]
[2020.04.20-12.29.01:655][  0]LogConfig: Setting CVar [[r.Shadow.MaxResolution:2048]]
[2020.04.20-12.29.01:655][  0]LogConfig: Setting CVar [[r.Shadow.MaxCSMResolution:2048]]
[2020.04.20-12.29.01:655][  0]LogConfig: Setting CVar [[r.Shadow.RadiusThreshold:0.01]]
[2020.04.20-12.29.01:655][  0]LogConfig: Setting CVar [[r.Shadow.DistanceScale:1.0]]
[2020.04.20-12.29.01:655][  0]LogConfig: Setting CVar [[r.Shadow.CSM.TransitionScale:1.0]]
[2020.04.20-12.29.01:655][  0]LogConfig: Setting CVar [[r.Shadow.PreShadowResolutionFactor:1.0]]
[2020.04.20-12.29.01:655][  0]LogConfig: Setting CVar [[r.DistanceFieldShadowing:1]]
[2020.04.20-12.29.01:655][  0]LogConfig: Setting CVar [[r.DistanceFieldAO:1]]
[2020.04.20-12.29.01:655][  0]LogConfig: Setting CVar [[r.AOQuality:2]]
[2020.04.20-12.29.01:655][  0]LogConfig: Setting CVar [[r.VolumetricFog:1]]
[2020.04.20-12.29.01:655][  0]LogConfig: Setting CVar [[r.VolumetricFog.GridPixelSize:8]]
[2020.04.20-12.29.01:655][  0]LogConfig: Setting CVar [[r.VolumetricFog.GridSizeZ:128]]
[2020.04.20-12.29.01:655][  0]LogConfig: Setting CVar [[r.VolumetricFog.HistoryMissSupersampleCount:4]]
[2020.04.20-12.29.01:655][  0]LogConfig: Setting CVar [[r.LightMaxDrawDistanceScale:1]]
[2020.04.20-12.29.01:655][  0]LogConfig: Setting CVar [[r.CapsuleShadows:1]]
[2020.04.20-12.29.01:655][  0]LogConfig: Applying CVar settings from Section [PostProcessQuality@3] File [C:/Users/Gabe/Downloads/PhinalPhantasy1.3-master(1)/PhinalPhantasy1.3-master/PhinalPhantasy 4.23/Saved/Config/Windows/Scalability.ini]
[2020.04.20-12.29.01:655][  0]LogConfig: Setting CVar [[r.MotionBlurQuality:4]]
[2020.04.20-12.29.01:655][  0]LogConfig: Setting CVar [[r.AmbientOcclusionMipLevelFactor:0.4]]
[2020.04.20-12.29.01:655][  0]LogConfig: Setting CVar [[r.AmbientOcclusionMaxQuality:100]]
[2020.04.20-12.29.01:655][  0]LogConfig: Setting CVar [[r.AmbientOcclusionLevels:-1]]
[2020.04.20-12.29.01:655][  0]LogConfig: Setting CVar [[r.AmbientOcclusionRadiusScale:1.0]]
[2020.04.20-12.29.01:655][  0]LogConfig: Setting CVar [[r.DepthOfFieldQuality:2]]
[2020.04.20-12.29.01:655][  0]LogConfig: Setting CVar [[r.RenderTargetPoolMin:400]]
[2020.04.20-12.29.01:655][  0]LogConfig: Setting CVar [[r.LensFlareQuality:2]]
[2020.04.20-12.29.01:655][  0]LogConfig: Setting CVar [[r.SceneColorFringeQuality:1]]
[2020.04.20-12.29.01:655][  0]LogConfig: Setting CVar [[r.EyeAdaptationQuality:2]]
[2020.04.20-12.29.01:655][  0]LogConfig: Setting CVar [[r.BloomQuality:5]]
[2020.04.20-12.29.01:655][  0]LogConfig: Setting CVar [[r.FastBlurThreshold:100]]
[2020.04.20-12.29.01:655][  0]LogConfig: Setting CVar [[r.Upscale.Quality:3]]
[2020.04.20-12.29.01:655][  0]LogConfig: Setting CVar [[r.Tonemapper.GrainQuantization:1]]
[2020.04.20-12.29.01:655][  0]LogConfig: Setting CVar [[r.LightShaftQuality:1]]
[2020.04.20-12.29.01:655][  0]LogConfig: Setting CVar [[r.Filter.SizeScale:1]]
[2020.04.20-12.29.01:655][  0]LogConfig: Setting CVar [[r.Tonemapper.Quality:5]]
[2020.04.20-12.29.01:656][  0]LogConfig: Setting CVar [[r.DOF.Gather.AccumulatorQuality:1        ; higher gathering accumulator quality]]
[2020.04.20-12.29.01:656][  0]LogConfig: Setting CVar [[r.DOF.Gather.PostfilterMethod:1          ; Median3x3 postfilering method]]
[2020.04.20-12.29.01:656][  0]LogConfig: Setting CVar [[r.DOF.Gather.EnableBokehSettings:0       ; no bokeh simulation when gathering]]
[2020.04.20-12.29.01:656][  0]LogConfig: Setting CVar [[r.DOF.Gather.RingCount:4                 ; medium number of samples when gathering]]
[2020.04.20-12.29.01:656][  0]LogConfig: Setting CVar [[r.DOF.Scatter.ForegroundCompositing:1    ; additive foreground scattering]]
[2020.04.20-12.29.01:656][  0]LogConfig: Setting CVar [[r.DOF.Scatter.BackgroundCompositing:2    ; additive background scattering]]
[2020.04.20-12.29.01:656][  0]LogConfig: Setting CVar [[r.DOF.Scatter.EnableBokehSettings:1      ; bokeh simulation when scattering]]
[2020.04.20-12.29.01:656][  0]LogConfig: Setting CVar [[r.DOF.Scatter.MaxSpriteRatio:0.1         ; only a maximum of 10% of scattered bokeh]]
[2020.04.20-12.29.01:656][  0]LogConfig: Setting CVar [[r.DOF.Recombine.Quality:1                ; cheap slight out of focus]]
[2020.04.20-12.29.01:656][  0]LogConfig: Setting CVar [[r.DOF.Recombine.EnableBokehSettings:0    ; no bokeh simulation on slight out of focus]]
[2020.04.20-12.29.01:656][  0]LogConfig: Setting CVar [[r.DOF.TemporalAAQuality:1                ; more stable temporal accumulation]]
[2020.04.20-12.29.01:656][  0]LogConfig: Setting CVar [[r.DOF.Kernel.MaxForegroundRadius:0.025]]
[2020.04.20-12.29.01:656][  0]LogConfig: Setting CVar [[r.DOF.Kernel.MaxBackgroundRadius:0.025]]
[2020.04.20-12.29.01:656][  0]LogConfig: Applying CVar settings from Section [TextureQuality@3] File [C:/Users/Gabe/Downloads/PhinalPhantasy1.3-master(1)/PhinalPhantasy1.3-master/PhinalPhantasy 4.23/Saved/Config/Windows/Scalability.ini]
[2020.04.20-12.29.01:656][  0]LogConfig: Setting CVar [[r.Streaming.MipBias:0]]
[2020.04.20-12.29.01:656][  0]LogConfig: Setting CVar [[r.Streaming.AmortizeCPUToGPUCopy:0]]
[2020.04.20-12.29.01:656][  0]LogConfig: Setting CVar [[r.Streaming.MaxNumTexturesToStreamPerFrame:0]]
[2020.04.20-12.29.01:656][  0]LogConfig: Setting CVar [[r.Streaming.Boost:1]]
[2020.04.20-12.29.01:656][  0]LogConfig: Setting CVar [[r.MaxAnisotropy:8]]
[2020.04.20-12.29.01:656][  0]LogConfig: Setting CVar [[r.Streaming.LimitPoolSizeToVRAM:0]]
[2020.04.20-12.29.01:656][  0]LogConfig: Setting CVar [[r.Streaming.PoolSize:1000]]
[2020.04.20-12.29.01:656][  0]LogConfig: Setting CVar [[r.Streaming.MaxEffectiveScreenSize:0]]
[2020.04.20-12.29.01:656][  0]LogConfig: Applying CVar settings from Section [EffectsQuality@3] File [C:/Users/Gabe/Downloads/PhinalPhantasy1.3-master(1)/PhinalPhantasy1.3-master/PhinalPhantasy 4.23/Saved/Config/Windows/Scalability.ini]
[2020.04.20-12.29.01:656][  0]LogConfig: Setting CVar [[r.TranslucencyLightingVolumeDim:64]]
[2020.04.20-12.29.01:656][  0]LogConfig: Setting CVar [[r.RefractionQuality:2]]
[2020.04.20-12.29.01:656][  0]LogConfig: Setting CVar [[r.SSR.Quality:3]]
[2020.04.20-12.29.01:656][  0]LogConfig: Setting CVar [[r.SceneColorFormat:4]]
[2020.04.20-12.29.01:656][  0]LogConfig: Setting CVar [[r.DetailMode:2]]
[2020.04.20-12.29.01:656][  0]LogConfig: Setting CVar [[r.TranslucencyVolumeBlur:1]]
[2020.04.20-12.29.01:656][  0]LogConfig: Setting CVar [[r.MaterialQualityLevel:1 ; High quality]]
[2020.04.20-12.29.01:656][  0]LogConfig: Setting CVar [[r.SSS.Scale:1]]
[2020.04.20-12.29.01:656][  0]LogConfig: Setting CVar [[r.SSS.SampleSet:2]]
[2020.04.20-12.29.01:656][  0]LogConfig: Setting CVar [[r.SSS.Quality:1]]
[2020.04.20-12.29.01:656][  0]LogConfig: Setting CVar [[r.SSS.HalfRes:1]]
[2020.04.20-12.29.01:657][  0]LogConfig: Setting CVar [[r.EmitterSpawnRateScale:1.0]]
[2020.04.20-12.29.01:657][  0]LogConfig: Setting CVar [[r.ParticleLightQuality:2]]
[2020.04.20-12.29.01:657][  0]LogConfig: Applying CVar settings from Section [FoliageQuality@3] File [C:/Users/Gabe/Downloads/PhinalPhantasy1.3-master(1)/PhinalPhantasy1.3-master/PhinalPhantasy 4.23/Saved/Config/Windows/Scalability.ini]
[2020.04.20-12.29.01:657][  0]LogConfig: Setting CVar [[foliage.DensityScale:1.0]]
[2020.04.20-12.29.01:657][  0]LogConfig: Setting CVar [[grass.DensityScale:1.0]]
[2020.04.20-12.29.01:672][  0]LogInit: Selected Device Profile: [Windows]
[2020.04.20-12.29.01:672][  0]LogInit: Applying CVar settings loaded from the selected device profile: [Windows]
[2020.04.20-12.29.01:913][  0]LogHAL: Display: Platform has ~ 8 GB [8208543744 / 8589934592 / 8], which maps to Default [LargestMinGB=32, LargerMinGB=12, DefaultMinGB=8, SmallerMinGB=6, SmallestMinGB=0)
[2020.04.20-12.29.01:913][  0]LogInit: Going up to parent DeviceProfile []
[2020.04.20-12.29.01:913][  0]LogConfig: Applying CVar settings from Section [ViewDistanceQuality@3] File [C:/Users/Gabe/Downloads/PhinalPhantasy1.3-master(1)/PhinalPhantasy1.3-master/PhinalPhantasy 4.23/Saved/Config/Windows/Scalability.ini]
[2020.04.20-12.29.01:913][  0]LogConfig: Setting CVar [[r.SkeletalMeshLODBias:0]]
[2020.04.20-12.29.01:913][  0]LogConfig: Setting CVar [[r.ViewDistanceScale:1.0]]
[2020.04.20-12.29.01:913][  0]LogConfig: Applying CVar settings from Section [AntiAliasingQuality@3] File [C:/Users/Gabe/Downloads/PhinalPhantasy1.3-master(1)/PhinalPhantasy1.3-master/PhinalPhantasy 4.23/Saved/Config/Windows/Scalability.ini]
[2020.04.20-12.29.01:913][  0]LogConfig: Setting CVar [[r.PostProcessAAQuality:4]]
[2020.04.20-12.29.01:913][  0]LogConfig: Applying CVar settings from Section [ShadowQuality@3] File [C:/Users/Gabe/Downloads/PhinalPhantasy1.3-master(1)/PhinalPhantasy1.3-master/PhinalPhantasy 4.23/Saved/Config/Windows/Scalability.ini]
[2020.04.20-12.29.01:913][  0]LogConfig: Setting CVar [[r.LightFunctionQuality:1]]
[2020.04.20-12.29.01:914][  0]LogConfig: Setting CVar [[r.ShadowQuality:5]]
[2020.04.20-12.29.01:914][  0]LogConfig: Setting CVar [[r.Shadow.CSM.MaxCascades:10]]
[2020.04.20-12.29.01:914][  0]LogConfig: Setting CVar [[r.Shadow.MaxResolution:2048]]
[2020.04.20-12.29.01:914][  0]LogConfig: Setting CVar [[r.Shadow.MaxCSMResolution:2048]]
[2020.04.20-12.29.01:914][  0]LogConfig: Setting CVar [[r.Shadow.RadiusThreshold:0.01]]
[2020.04.20-12.29.01:914][  0]LogConfig: Setting CVar [[r.Shadow.DistanceScale:1.0]]
[2020.04.20-12.29.01:914][  0]LogConfig: Setting CVar [[r.Shadow.CSM.TransitionScale:1.0]]
[2020.04.20-12.29.01:914][  0]LogConfig: Setting CVar [[r.Shadow.PreShadowResolutionFactor:1.0]]
[2020.04.20-12.29.01:914][  0]LogConfig: Setting CVar [[r.DistanceFieldShadowing:1]]
[2020.04.20-12.29.01:914][  0]LogConfig: Setting CVar [[r.DistanceFieldAO:1]]
[2020.04.20-12.29.01:914][  0]LogConfig: Setting CVar [[r.AOQuality:2]]
[2020.04.20-12.29.01:914][  0]LogConfig: Setting CVar [[r.VolumetricFog:1]]
[2020.04.20-12.29.01:914][  0]LogConfig: Setting CVar [[r.VolumetricFog.GridPixelSize:8]]
[2020.04.20-12.29.01:914][  0]LogConfig: Setting CVar [[r.VolumetricFog.GridSizeZ:128]]
[2020.04.20-12.29.01:914][  0]LogConfig: Setting CVar [[r.VolumetricFog.HistoryMissSupersampleCount:4]]
[2020.04.20-12.29.01:914][  0]LogConfig: Setting CVar [[r.LightMaxDrawDistanceScale:1]]
[2020.04.20-12.29.01:914][  0]LogConfig: Setting CVar [[r.CapsuleShadows:1]]
[2020.04.20-12.29.01:914][  0]LogConfig: Applying CVar settings from Section [PostProcessQuality@3] File [C:/Users/Gabe/Downloads/PhinalPhantasy1.3-master(1)/PhinalPhantasy1.3-master/PhinalPhantasy 4.23/Saved/Config/Windows/Scalability.ini]
[2020.04.20-12.29.01:914][  0]LogConfig: Setting CVar [[r.MotionBlurQuality:4]]
[2020.04.20-12.29.01:914][  0]LogConfig: Setting CVar [[r.AmbientOcclusionMipLevelFactor:0.4]]
[2020.04.20-12.29.01:914][  0]LogConfig: Setting CVar [[r.AmbientOcclusionMaxQuality:100]]
[2020.04.20-12.29.01:914][  0]LogConfig: Setting CVar [[r.AmbientOcclusionLevels:-1]]
[2020.04.20-12.29.01:914][  0]LogConfig: Setting CVar [[r.AmbientOcclusionRadiusScale:1.0]]
[2020.04.20-12.29.01:914][  0]LogConfig: Setting CVar [[r.DepthOfFieldQuality:2]]
[2020.04.20-12.29.01:914][  0]LogConfig: Setting CVar [[r.RenderTargetPoolMin:400]]
[2020.04.20-12.29.01:914][  0]LogConfig: Setting CVar [[r.LensFlareQuality:2]]
[2020.04.20-12.29.01:914][  0]LogConfig: Setting CVar [[r.SceneColorFringeQuality:1]]
[2020.04.20-12.29.01:914][  0]LogConfig: Setting CVar [[r.EyeAdaptationQuality:2]]
[2020.04.20-12.29.01:914][  0]LogConfig: Setting CVar [[r.BloomQuality:5]]
[2020.04.20-12.29.01:914][  0]LogConfig: Setting CVar [[r.FastBlurThreshold:100]]
[2020.04.20-12.29.01:914][  0]LogConfig: Setting CVar [[r.Upscale.Quality:3]]
[2020.04.20-12.29.01:914][  0]LogConfig: Setting CVar [[r.Tonemapper.GrainQuantization:1]]
[2020.04.20-12.29.01:914][  0]LogConfig: Setting CVar [[r.LightShaftQuality:1]]
[2020.04.20-12.29.01:915][  0]LogConfig: Setting CVar [[r.Filter.SizeScale:1]]
[2020.04.20-12.29.01:915][  0]LogConfig: Setting CVar [[r.Tonemapper.Quality:5]]
[2020.04.20-12.29.01:915][  0]LogConfig: Setting CVar [[r.DOF.Gather.AccumulatorQuality:1        ; higher gathering accumulator quality]]
[2020.04.20-12.29.01:915][  0]LogConfig: Setting CVar [[r.DOF.Gather.PostfilterMethod:1          ; Median3x3 postfilering method]]
[2020.04.20-12.29.01:915][  0]LogConfig: Setting CVar [[r.DOF.Gather.EnableBokehSettings:0       ; no bokeh simulation when gathering]]
[2020.04.20-12.29.01:915][  0]LogConfig: Setting CVar [[r.DOF.Gather.RingCount:4                 ; medium number of samples when gathering]]
[2020.04.20-12.29.01:915][  0]LogConfig: Setting CVar [[r.DOF.Scatter.ForegroundCompositing:1    ; additive foreground scattering]]
[2020.04.20-12.29.01:915][  0]LogConfig: Setting CVar [[r.DOF.Scatter.BackgroundCompositing:2    ; additive background scattering]]
[2020.04.20-12.29.01:915][  0]LogConfig: Setting CVar [[r.DOF.Scatter.EnableBokehSettings:1      ; bokeh simulation when scattering]]
[2020.04.20-12.29.01:915][  0]LogConfig: Setting CVar [[r.DOF.Scatter.MaxSpriteRatio:0.1         ; only a maximum of 10% of scattered bokeh]]
[2020.04.20-12.29.01:915][  0]LogConfig: Setting CVar [[r.DOF.Recombine.Quality:1                ; cheap slight out of focus]]
[2020.04.20-12.29.01:915][  0]LogConfig: Setting CVar [[r.DOF.Recombine.EnableBokehSettings:0    ; no bokeh simulation on slight out of focus]]
[2020.04.20-12.29.01:915][  0]LogConfig: Setting CVar [[r.DOF.TemporalAAQuality:1                ; more stable temporal accumulation]]
[2020.04.20-12.29.01:915][  0]LogConfig: Setting CVar [[r.DOF.Kernel.MaxForegroundRadius:0.025]]
[2020.04.20-12.29.01:915][  0]LogConfig: Setting CVar [[r.DOF.Kernel.MaxBackgroundRadius:0.025]]
[2020.04.20-12.29.01:915][  0]LogConfig: Applying CVar settings from Section [TextureQuality@3] File [C:/Users/Gabe/Downloads/PhinalPhantasy1.3-master(1)/PhinalPhantasy1.3-master/PhinalPhantasy 4.23/Saved/Config/Windows/Scalability.ini]
[2020.04.20-12.29.01:915][  0]LogConfig: Setting CVar [[r.Streaming.MipBias:0]]
[2020.04.20-12.29.01:915][  0]LogConfig: Setting CVar [[r.Streaming.AmortizeCPUToGPUCopy:0]]
[2020.04.20-12.29.01:915][  0]LogConfig: Setting CVar [[r.Streaming.MaxNumTexturesToStreamPerFrame:0]]
[2020.04.20-12.29.01:915][  0]LogConfig: Setting CVar [[r.Streaming.Boost:1]]
[2020.04.20-12.29.01:915][  0]LogConfig: Setting CVar [[r.MaxAnisotropy:8]]
[2020.04.20-12.29.01:915][  0]LogConfig: Setting CVar [[r.Streaming.LimitPoolSizeToVRAM:0]]
[2020.04.20-12.29.01:915][  0]LogConfig: Setting CVar [[r.Streaming.PoolSize:1000]]
[2020.04.20-12.29.01:915][  0]LogConfig: Setting CVar [[r.Streaming.MaxEffectiveScreenSize:0]]
[2020.04.20-12.29.01:915][  0]LogConfig: Applying CVar settings from Section [EffectsQuality@3] File [C:/Users/Gabe/Downloads/PhinalPhantasy1.3-master(1)/PhinalPhantasy1.3-master/PhinalPhantasy 4.23/Saved/Config/Windows/Scalability.ini]
[2020.04.20-12.29.01:915][  0]LogConfig: Setting CVar [[r.TranslucencyLightingVolumeDim:64]]
[2020.04.20-12.29.01:915][  0]LogConfig: Setting CVar [[r.RefractionQuality:2]]
[2020.04.20-12.29.01:915][  0]LogConfig: Setting CVar [[r.SSR.Quality:3]]
[2020.04.20-12.29.01:915][  0]LogConfig: Setting CVar [[r.SceneColorFormat:4]]
[2020.04.20-12.29.01:915][  0]LogConfig: Setting CVar [[r.DetailMode:2]]
[2020.04.20-12.29.01:915][  0]LogConfig: Setting CVar [[r.TranslucencyVolumeBlur:1]]
[2020.04.20-12.29.01:915][  0]LogConfig: Setting CVar [[r.MaterialQualityLevel:1 ; High quality]]
[2020.04.20-12.29.01:915][  0]LogConfig: Setting CVar [[r.SSS.Scale:1]]
[2020.04.20-12.29.01:915][  0]LogConfig: Setting CVar [[r.SSS.SampleSet:2]]
[2020.04.20-12.29.01:916][  0]LogConfig: Setting CVar [[r.SSS.Quality:1]]
[2020.04.20-12.29.01:916][  0]LogConfig: Setting CVar [[r.SSS.HalfRes:1]]
[2020.04.20-12.29.01:916][  0]LogConfig: Setting CVar [[r.EmitterSpawnRateScale:1.0]]
[2020.04.20-12.29.01:916][  0]LogConfig: Setting CVar [[r.ParticleLightQuality:2]]
[2020.04.20-12.29.01:916][  0]LogConfig: Applying CVar settings from Section [FoliageQuality@3] File [C:/Users/Gabe/Downloads/PhinalPhantasy1.3-master(1)/PhinalPhantasy1.3-master/PhinalPhantasy 4.23/Saved/Config/Windows/Scalability.ini]
[2020.04.20-12.29.01:916][  0]LogConfig: Setting CVar [[foliage.DensityScale:1.0]]
[2020.04.20-12.29.01:916][  0]LogConfig: Setting CVar [[grass.DensityScale:1.0]]
[2020.04.20-12.29.01:916][  0]LogConfig: Applying CVar settings from Section [Startup] File [../../../Engine/Config/ConsoleVariables.ini]
[2020.04.20-12.29.02:044][  0]LogConfig: Setting CVar [[net.UseAdaptiveNetUpdateFrequency:0]]
[2020.04.20-12.29.02:044][  0]LogConfig: Setting CVar [[p.chaos.AllowCreatePhysxBodies:1]]
[2020.04.20-12.29.02:044][  0]LogConfig: Applying CVar settings from Section [ConsoleVariables] File [C:/Users/Gabe/Downloads/PhinalPhantasy1.3-master(1)/PhinalPhantasy1.3-master/PhinalPhantasy 4.23/Saved/Config/Windows/Engine.ini]
[2020.04.20-12.29.02:211][  0]LogInit: Computer: DESKTOP-7KB2DBE
[2020.04.20-12.29.02:211][  0]LogInit: User: Gabe
[2020.04.20-12.29.02:211][  0]LogInit: CPU Page size=4096, Cores=4
[2020.04.20-12.29.02:211][  0]LogInit: High frequency timer resolution =10.000000 MHz
[2020.04.20-12.29.02:264][  0]LogMemory: Memory total: Physical=7.6GB (8GB approx)
[2020.04.20-12.29.02:265][  0]LogMemory: Platform Memory Stats for Windows
[2020.04.20-12.29.02:265][  0]LogMemory: Process Physical Memory: 101.62 MB used, 101.63 MB peak
[2020.04.20-12.29.02:265][  0]LogMemory: Process Virtual Memory: 99.06 MB used, 99.06 MB peak
[2020.04.20-12.29.02:265][  0]LogMemory: Physical Memory: 6674.29 MB used,  1153.99 MB free, 7828.28 MB total
[2020.04.20-12.29.02:265][  0]LogMemory: Virtual Memory: 4681.39 MB used,  134213048.00 MB free, 134217728.00 MB total
[2020.04.20-12.29.02:409][  0]LogWindows: WindowsPlatformFeatures enabled
[2020.04.20-12.29.04:987][  0]LogInit: Using OS detected language (en-US).
[2020.04.20-12.29.04:987][  0]LogInit: Using OS detected locale (en-US).
[2020.04.20-12.29.05:252][  0]LogTextLocalizationManager: No specific localization for 'en-US' exists, so the 'en' localization will be used.
[2020.04.20-12.29.09:891][  0]LogInit: Setting process to per monitor DPI aware
[2020.04.20-12.29.11:381][  0]LogSlate: New Slate User Created.  User Index 0, Is Virtual User: 0
[2020.04.20-12.29.11:381][  0]LogSlate: Slate User Registered.  User Index 0, Is Virtual User: 0
[2020.04.20-12.29.22:939][  0]LogHMD: Failed to initialize OpenVR with code 110
[2020.04.20-12.29.22:939][  0]LogD3D11RHI: D3D11 adapters:
[2020.04.20-12.29.23:503][  0]LogD3D11RHI:    0. 'AMD Radeon(TM) Vega 8 Graphics' (Feature Level 11_0)
[2020.04.20-12.29.23:503][  0]LogD3D11RHI:       240/0/3914 MB DedicatedVideo/DedicatedSystem/SharedSystem, Outputs:1, VendorId:0x1002
[2020.04.20-12.29.23:640][  0]LogD3D11RHI:    1. 'Microsoft Basic Render Driver' (Feature Level 11_0)
[2020.04.20-12.29.23:640][  0]LogD3D11RHI:       0/0/3914 MB DedicatedVideo/DedicatedSystem/SharedSystem, Outputs:0, VendorId:0x1414
[2020.04.20-12.29.23:640][  0]LogD3D11RHI: Chosen D3D11 Adapter: 0
[2020.04.20-12.29.23:654][  0]LogD3D11RHI: Creating new Direct3DDevice
[2020.04.20-12.29.23:655][  0]LogD3D11RHI:     GPU DeviceId: 0x15dd (for the marketing name, search the web for "GPU Device Id")
[2020.04.20-12.29.23:664][  0]LogWindows: EnumDisplayDevices:
[2020.04.20-12.29.23:664][  0]LogWindows:    0. 'AMD Radeon(TM) Vega 8 Graphics' (P:1 D:1)
[2020.04.20-12.29.23:665][  0]LogWindows:    1. 'AMD Radeon(TM) Vega 8 Graphics' (P:0 D:0)
[2020.04.20-12.29.23:666][  0]LogWindows:    2. 'AMD Radeon(TM) Vega 8 Graphics' (P:0 D:0)
[2020.04.20-12.29.23:667][  0]LogWindows:    3. 'AMD Radeon(TM) Vega 8 Graphics' (P:0 D:0)
[2020.04.20-12.29.23:667][  0]LogWindows: DebugString: FoundDriverCount:4 
[2020.04.20-12.29.23:667][  0]LogD3D11RHI:     Adapter Name: AMD Radeon(TM) Vega 8 Graphics
[2020.04.20-12.29.23:688][  0]LogD3D11RHI:   Driver Version: Adrenalin 17.12 (internal:25.20.14003.2000, unified:25.20.14003.2000)
[2020.04.20-12.29.23:688][  0]LogD3D11RHI:      Driver Date: 10-11-2018
[2020.04.20-12.29.23:688][  0]LogRHI: Texture pool is 168 MB (70% of 240 MB)
[2020.04.20-12.29.24:594][  0]LogD3D11RHI: Async texture creation enabled
[2020.04.20-12.29.24:769][  0]LogD3D11RHI: GPU Timing Frequency: 25.000000 (Debug: 2 1)
[2020.04.20-12.29.27:948][  0]LogTemp: Display: Module 'AllDesktopTargetPlatform' loaded TargetPlatform 'AllDesktop'
[2020.04.20-12.29.28:024][  0]LogTemp: Display: Module 'MacClientTargetPlatform' loaded TargetPlatform 'MacClient'
[2020.04.20-12.29.28:081][  0]LogTemp: Display: Module 'MacNoEditorTargetPlatform' loaded TargetPlatform 'MacNoEditor'
[2020.04.20-12.29.28:121][  0]LogTemp: Display: Module 'MacServerTargetPlatform' loaded TargetPlatform 'MacServer'
[2020.04.20-12.29.28:208][  0]LogTemp: Display: Module 'MacTargetPlatform' loaded TargetPlatform 'Mac'
[2020.04.20-12.29.28:277][  0]LogTemp: Display: Module 'WindowsClientTargetPlatform' loaded TargetPlatform 'WindowsClient'
[2020.04.20-12.29.28:345][  0]LogTemp: Display: Module 'WindowsNoEditorTargetPlatform' loaded TargetPlatform 'WindowsNoEditor'
[2020.04.20-12.29.28:433][  0]LogTemp: Display: Module 'WindowsServerTargetPlatform' loaded TargetPlatform 'WindowsServer'
[2020.04.20-12.29.28:461][  0]LogTemp: Display: Module 'WindowsTargetPlatform' loaded TargetPlatform 'Windows'
[2020.04.20-12.29.28:592][  0]LogTemp: Display: Module 'AndroidTargetPlatform' loaded TargetPlatform 'Android'
[2020.04.20-12.29.28:592][  0]LogTemp: Display: Module 'AndroidTargetPlatform' loaded TargetPlatform 'Android_ASTC'
[2020.04.20-12.29.28:592][  0]LogTemp: Display: Module 'AndroidTargetPlatform' loaded TargetPlatform 'Android_ATC'
[2020.04.20-12.29.28:592][  0]LogTemp: Display: Module 'AndroidTargetPlatform' loaded TargetPlatform 'Android_DXT'
[2020.04.20-12.29.28:592][  0]LogTemp: Display: Module 'AndroidTargetPlatform' loaded TargetPlatform 'Android_ETC1'
[2020.04.20-12.29.28:592][  0]LogTemp: Display: Module 'AndroidTargetPlatform' loaded TargetPlatform 'Android_ETC1a'
[2020.04.20-12.29.28:592][  0]LogTemp: Display: Module 'AndroidTargetPlatform' loaded TargetPlatform 'Android_ETC2'
[2020.04.20-12.29.28:592][  0]LogTemp: Display: Module 'AndroidTargetPlatform' loaded TargetPlatform 'Android_PVRTC'
[2020.04.20-12.29.28:592][  0]LogTemp: Display: Module 'AndroidTargetPlatform' loaded TargetPlatform 'AndroidClient'
[2020.04.20-12.29.28:592][  0]LogTemp: Display: Module 'AndroidTargetPlatform' loaded TargetPlatform 'Android_ASTCClient'
[2020.04.20-12.29.28:592][  0]LogTemp: Display: Module 'AndroidTargetPlatform' loaded TargetPlatform 'Android_ATCClient'
[2020.04.20-12.29.28:592][  0]LogTemp: Display: Module 'AndroidTargetPlatform' loaded TargetPlatform 'Android_DXTClient'
[2020.04.20-12.29.28:592][  0]LogTemp: Display: Module 'AndroidTargetPlatform' loaded TargetPlatform 'Android_ETC1Client'
[2020.04.20-12.29.28:592][  0]LogTemp: Display: Module 'AndroidTargetPlatform' loaded TargetPlatform 'Android_ETC1aClient'
[2020.04.20-12.29.28:592][  0]LogTemp: Display: Module 'AndroidTargetPlatform' loaded TargetPlatform 'Android_ETC2Client'
[2020.04.20-12.29.28:592][  0]LogTemp: Display: Module 'AndroidTargetPlatform' loaded TargetPlatform 'Android_PVRTCClient'
[2020.04.20-12.29.28:592][  0]LogTemp: Display: Module 'AndroidTargetPlatform' loaded TargetPlatform 'Android_Multi'
[2020.04.20-12.29.28:592][  0]LogTemp: Display: Module 'AndroidTargetPlatform' loaded TargetPlatform 'Android_MultiClient'
[2020.04.20-12.29.28:603][  0]LogTemp: Display: Module 'HTML5TargetPlatform' loaded TargetPlatform 'HTML5'
[2020.04.20-12.29.28:800][  0]LogTemp: Display: Module 'IOSTargetPlatform' loaded TargetPlatform 'IOSClient'
[2020.04.20-12.29.28:800][  0]LogTemp: Display: Module 'IOSTargetPlatform' loaded TargetPlatform 'IOS'
[2020.04.20-12.29.28:852][  0]LogTemp: Display: Module 'TVOSTargetPlatform' loaded TargetPlatform 'TVOSClient'
[2020.04.20-12.29.28:852][  0]LogTemp: Display: Module 'TVOSTargetPlatform' loaded TargetPlatform 'TVOS'
[2020.04.20-12.29.28:960][  0]LogTemp: Display: Module 'LinuxClientTargetPlatform' loaded TargetPlatform 'LinuxClient'
[2020.04.20-12.29.29:019][  0]LogTemp: Display: Module 'LinuxNoEditorTargetPlatform' loaded TargetPlatform 'LinuxNoEditor'
[2020.04.20-12.29.29:067][  0]LogTemp: Display: Module 'LinuxServerTargetPlatform' loaded TargetPlatform 'LinuxServer'
[2020.04.20-12.29.29:219][  0]LogTemp: Display: Module 'LinuxTargetPlatform' loaded TargetPlatform 'Linux'
[2020.04.20-12.29.29:262][  0]LogTemp: Display: Module 'LuminTargetPlatform' loaded TargetPlatform 'Lumin'
[2020.04.20-12.29.29:263][  0]LogTemp: Display: Module 'LuminTargetPlatform' loaded TargetPlatform 'LuminClient'
[2020.04.20-12.29.29:263][  0]LogTargetPlatformManager: Display: Building Assets For Windows
[2020.04.20-12.29.29:864][  0]LogAudioDebug: Display: Lib vorbis DLL was dynamically loaded.
[2020.04.20-12.29.31:700][  0]LogShaderCompilers: Guid format shader working directory is -67 characters bigger than the processId version (../../../../../../Users/Gabe/Downloads/PhinalPhantasy1.3-master(1)/PhinalPhantasy1.3-master/PhinalPhantasy 4.23/Intermediate/Shaders/WorkingDirectory/12824/).
[2020.04.20-12.29.31:847][  0]LogShaderCompilers: Cleaned the shader compiler working directory 'C:/Users/Gabe/AppData/Local/Temp/UnrealShaderWorkingDir/958B3812406F4600C1E0DC97FBE86611/'.
[2020.04.20-12.29.31:874][  0]LogXGEController: Cannot use XGE Controller as Incredibuild is not installed on this machine.
[2020.04.20-12.29.31:888][  0]LogShaderCompilers: Cannot use XGE Shader Compiler as Incredibuild is not installed on this machine.
[2020.04.20-12.29.31:888][  0]LogShaderCompilers: Display: Using Local Shader Compiler.
[2020.04.20-12.29.49:576][  0]LogDerivedDataCache: Display: Max Cache Size: 512 MB
[2020.04.20-12.29.50:745][  0]LogDerivedDataCache: Loaded boot cache 1.14s 73MB C:/Users/Gabe/AppData/Local/UnrealEngine/4.23/DerivedDataCache/Boot.ddc.
[2020.04.20-12.29.50:746][  0]LogDerivedDataCache: Display: Loaded Boot cache: C:/Users/Gabe/AppData/Local/UnrealEngine/4.23/DerivedDataCache/Boot.ddc
[2020.04.20-12.29.50:746][  0]LogDerivedDataCache: FDerivedDataBackendGraph:  Pak pak cache file ../../../../../../Users/Gabe/Downloads/PhinalPhantasy1.3-master(1)/PhinalPhantasy1.3-master/PhinalPhantasy 4.23/DerivedDataCache/DDC.ddp not found, will not use a pak cache.
[2020.04.20-12.29.50:746][  0]LogDerivedDataCache: Unable to find inner node Pak for hierarchical cache Hierarchy.
[2020.04.20-12.29.50:746][  0]LogDerivedDataCache: FDerivedDataBackendGraph:  CompressedPak pak cache file ../../../../../../Users/Gabe/Downloads/PhinalPhantasy1.3-master(1)/PhinalPhantasy1.3-master/PhinalPhantasy 4.23/DerivedDataCache/Compressed.ddp not found, will not use a pak cache.
[2020.04.20-12.29.50:746][  0]LogDerivedDataCache: Unable to find inner node CompressedPak for hierarchical cache Hierarchy.
[2020.04.20-12.29.51:127][  0]LogDerivedDataCache: Display: Pak cache opened for reading ../../../Engine/DerivedDataCache/Compressed.ddp.
[2020.04.20-12.29.51:127][  0]LogDerivedDataCache: FDerivedDataBackendGraph:  EnterprisePak pak cache file ../../../Enterprise/DerivedDataCache/Compressed.ddp not found, will not use a pak cache.
[2020.04.20-12.29.51:127][  0]LogDerivedDataCache: Unable to find inner node EnterprisePak for hierarchical cache Hierarchy.
[2020.04.20-12.29.51:194][  0]LogDerivedDataCache: Using Local data cache path C:/Users/Gabe/AppData/Local/UnrealEngine/Common/DerivedDataCache: Writable
[2020.04.20-12.29.51:194][  0]LogDerivedDataCache: Shared data cache path not found in *engine.ini, will not use an Shared cache.
[2020.04.20-12.29.51:194][  0]LogDerivedDataCache: Unable to find inner node Shared for hierarchical cache Hierarchy.
[2020.04.20-12.29.51:318][  0]LogMaterial: Verifying Global Shaders for PCD3D_SM5
[2020.04.20-12.29.51:422][  0]LogSlate: Using FreeType 2.6.0
[2020.04.20-12.29.51:640][  0]LogSlate: SlateFontServices - WITH_FREETYPE: 1, WITH_HARFBUZZ: 1
[2020.04.20-12.29.54:724][  0]LogAssetRegistry: FAssetRegistry took 0.0085 seconds to start up
[2020.04.20-12.30.00:686][  0]LogInit: Selected Device Profile: [Windows]
[2020.04.20-12.30.03:803][  0]LogMeshReduction: Using QuadricMeshReduction for automatic static mesh reduction
[2020.04.20-12.30.03:803][  0]LogMeshReduction: Using SimplygonMeshReduction for automatic skeletal mesh reduction
[2020.04.20-12.30.03:803][  0]LogMeshReduction: Using ProxyLODMeshReduction for automatic mesh merging
[2020.04.20-12.30.03:803][  0]LogMeshReduction: No distributed automatic mesh merging module available
[2020.04.20-12.30.03:804][  0]LogMeshMerging: No distributed automatic mesh merging module available
[2020.04.20-12.30.04:133][  0]LogNetVersion: PhinalPhantasy 1.0.0, NetCL: 8386587, EngineNetVer: 11, GameNetVer: 0 (Checksum: 2036420585)
[2020.04.20-12.30.12:705][  0]LogPackageLocalizationCache: Processed 12 localized package path(s) for 1 prioritized culture(s) in 0.311629 seconds
[2020.04.20-12.30.12:716][  0]LogUObjectArray: 43444 objects as part of root set at end of initial load.
[2020.04.20-12.30.12:716][  0]LogUObjectAllocator: 7548648 out of 0 bytes used by permanent object pool.
[2020.04.20-12.30.12:716][  0]LogUObjectArray: CloseDisregardForGC: 0/0 objects in disregard for GC pool
[2020.04.20-12.30.47:868][  0]LogTcpMessaging: Initializing TcpMessaging bridge
[2020.04.20-12.30.47:893][  0]LogUdpMessaging: Initializing bridge on interface 0.0.0.0:0 to multicast group 230.0.0.1:6666.
[2020.04.20-12.30.49:378][  0]SourceControl: Source control is disabled
[2020.04.20-12.30.49:378][  0]SourceControl: Source control is disabled
[2020.04.20-12.30.49:593][  0]SourceControl: Source control is disabled
[2020.04.20-12.30.49:725][  0]SourceControl: Source control is disabled
[2020.04.20-12.30.49:849][  0]LogVSAccessor: Display: Unable to create Visual Studio setup instance: 80040154
[2020.04.20-12.30.49:850][  0]LogVSAccessor: Display: Unable to create Visual Studio setup instance: 80040154
[2020.04.20-12.30.51:164][  0]LogAndroidPermission: UAndroidPermissionCallbackProxy::GetInstance
[2020.04.20-12.30.52:265][  0]LogOcInput: OculusInput pre-init called
[2020.04.20-12.30.52:343][  0]LogWindows: Failed to load 'OVRPlugin.dll' (GetLastError=126)
[2020.04.20-12.30.52:343][  0]LogWindows: File 'OVRPlugin.dll' does not exist
[2020.04.20-12.30.53:617][  0]LogEngine: Initializing Engine...
[2020.04.20-12.30.53:643][  0]LogHMD: Failed to initialize OpenVR with code 110
[2020.04.20-12.30.53:647][  0]LogStats: UGameplayTagsManager::InitializeManager -  0.001 s
[2020.04.20-12.30.55:034][  0]LogInit: Initializing FReadOnlyCVARCache
[2020.04.20-12.30.55:154][  0]LogAIModule: Creating AISystem for world Untitled
[2020.04.20-12.30.55:189][  0]LogInit: XAudio2 using 'Speakers / Headphones (Realtek Audio)' : 2 channels at 48 kHz using 32 bits per sample (channel mask 0x3)
[2020.04.20-12.30.55:590][  0]LogInit: FAudioDevice initialized.
[2020.04.20-12.30.55:590][  0]LogNetVersion: Set ProjectVersion to 1.0.0.0. Version Checksum will be recalculated on next use.
[2020.04.20-12.30.55:846][  0]LogDerivedDataCache: Saved boot cache 0.26s 73MB C:/Users/Gabe/AppData/Local/UnrealEngine/4.23/DerivedDataCache/Boot.ddc.
[2020.04.20-12.30.55:853][  0]LogInit: Texture streaming: Enabled
[2020.04.20-12.30.56:144][  0]LogEngineSessionManager: EngineSessionManager initialized
[2020.04.20-12.30.56:145][  0]LogEditorSessionSummary: Verbose: Initializing EditorSessionSummaryWriter for editor session tracking
[2020.04.20-12.30.56:160][  0]LogEditorSessionSummary: EditorSessionSummaryWriter initialized
[2020.04.20-12.30.56:505][  0]LogInit: Transaction tracking system initialized
[2020.04.20-12.30.57:204][  0]BlueprintLog: New page: Editor Load
[2020.04.20-12.30.58:261][  0]LocalizationService: Localization service is disabled
[2020.04.20-12.30.59:175][  0]LogVSAccessor: Display: Unable to create Visual Studio setup instance: 80040154
[2020.04.20-12.30.59:176][  0]LogVSAccessor: Display: Unable to create Visual Studio setup instance: 80040154
[2020.04.20-12.31.01:900][  0]LogFileCache: Scanning file cache for directory 'C:/Users/Gabe/Downloads/PhinalPhantasy1.3-master(1)/PhinalPhantasy1.3-master/PhinalPhantasy 4.23/Content/' took 0.02s
[2020.04.20-12.31.01:900][  0]LogCook: Display: Max memory allowance for cook 16384mb min free memory 0mb
[2020.04.20-12.31.01:902][  0]LogCook: Display: Mobile HDR setting 1
[2020.04.20-12.31.05:910][  0]SourceControl: Source control is disabled
[2020.04.20-12.31.05:936][  0]LightingResults: New page: Lighting Build
[2020.04.20-12.31.06:008][  0]LogWorld: UWorld::CleanupWorld for Untitled, bSessionEnded=true, bCleanupResources=true
[2020.04.20-12.31.06:009][  0]MapCheck: New page: Map Check
[2020.04.20-12.31.06:009][  0]LightingResults: New page: Lighting Build
[2020.04.20-12.31.06:063][  0]LogUObjectHash: Compacting FUObjectHashTables data took   2.30ms
[2020.04.20-12.31.16:033][  0]LogAIModule: Creating AISystem for world PlainsWorldMap
[2020.04.20-12.31.16:941][  0]LogMaterial: Display: Material /Game/StarterContent/Props/Materials/M_Bush.M_Bush needed to have new flag set bUsedWithInstancedStaticMeshes !
[2020.04.20-12.31.16:994][  0]LogMaterial: Display: Missing cached shader map for material M_Bush, compiling. 
[2020.04.20-12.31.17:480][  0]MapCheck: Warning: M_Bush Material /Game/StarterContent/Props/Materials/M_Bush.M_Bush was missing the usage flag bUsedWithInstancedStaticMeshes. If the material asset is not re-saved, it may not render correctly when run outside the editor. Fix
[2020.04.20-12.31.17:593][  0]LogShaderCompilers: Display: Worker (1/5): shaders left to compile 115
[2020.04.20-12.31.17:593][  0]LogShaderCompilers: Display: Worker (2/5): shaders left to compile 105
[2020.04.20-12.31.17:593][  0]LogShaderCompilers: Display: Worker (3/5): shaders left to compile 95
[2020.04.20-12.31.17:593][  0]LogShaderCompilers: Display: Worker (4/5): shaders left to compile 85
[2020.04.20-12.31.17:593][  0]LogShaderCompilers: Display: Worker (5/5): shaders left to compile 75
[2020.04.20-12.31.17:594][  0]LogEditorServer: Finished looking for orphan Actors (0.000 secs)
[2020.04.20-12.31.17:643][  0]LogUObjectHash: Compacting FUObjectHashTables data took   3.63ms
[2020.04.20-12.31.17:644][  0]Cmd: MAP CHECKDEP NOCLEARLOG
[2020.04.20-12.31.17:644][  0]MapCheck: Map check complete: 0 Error(s), 1 Warning(s), took 0.201ms to complete.
[2020.04.20-12.31.17:701][  0]LogFileHelpers: Loading map 'PlainsWorldMap' took 11.765
[2020.04.20-12.31.19:272][  0]LogSlate: Updating window title bar state: overlay mode, drag disabled, window buttons hidden, title bar hidden
[2020.04.20-12.31.19:286][  0]LogSlate: Updating window title bar state: overlay mode, drag disabled, window buttons hidden, title bar hidden
[2020.04.20-12.31.19:302][  0]LogSlate: Updating window title bar state: overlay mode, drag disabled, window buttons hidden, title bar hidden
[2020.04.20-12.31.19:318][  0]LogSlate: Updating window title bar state: overlay mode, drag disabled, window buttons hidden, title bar hidden
[2020.04.20-12.31.19:521][  0]LogCollectionManager: Loaded 0 collections in 0.005035 seconds
[2020.04.20-12.31.19:614][  0]LogFileCache: Scanning file cache for directory 'C:/Users/Gabe/Downloads/PhinalPhantasy1.3-master(1)/PhinalPhantasy1.3-master/PhinalPhantasy 4.23/Saved/Collections/' took 0.00s
[2020.04.20-12.31.19:614][  0]LogFileCache: Scanning file cache for directory 'C:/Users/Gabe/Downloads/PhinalPhantasy1.3-master(1)/PhinalPhantasy1.3-master/PhinalPhantasy 4.23/Content/Developers/Gabe/Collections/' took 0.00s
[2020.04.20-12.31.19:614][  0]LogFileCache: Scanning file cache for directory 'C:/Users/Gabe/Downloads/PhinalPhantasy1.3-master(1)/PhinalPhantasy1.3-master/PhinalPhantasy 4.23/Content/Collections/' took 0.00s
[2020.04.20-12.31.19:614][  0]LogCollectionManager: Rebuilt the GUID cache for 0 collections in 0.000003 seconds
[2020.04.20-12.31.19:649][  0]LogContentBrowser: Native class hierarchy populated in 0.0342 seconds. Added 2863 classes and 680 folders.
[2020.04.20-12.31.19:796][  0]LogContentBrowser: Native class hierarchy updated for 'WidgetCarousel' in 0.0005 seconds. Added 0 classes and 0 folders.
[2020.04.20-12.31.22:832][  0]LogShaderCompilers: Display: Worker (3/5): shaders left to compile 65
[2020.04.20-12.31.22:832][  0]LogShaderCompilers: Display: Worker (1/5): shaders left to compile 55
[2020.04.20-12.31.22:832][  0]LogShaderCompilers: Display: Worker (2/5): shaders left to compile 45
[2020.04.20-12.31.22:832][  0]LogContentBrowser: Native class hierarchy updated for 'AddContentDialog' in 0.0004 seconds. Added 0 classes and 0 folders.
[2020.04.20-12.31.23:357][  0]LogContentBrowser: Native class hierarchy updated for 'SceneOutliner' in 0.0005 seconds. Added 1 classes and 2 folders.
[2020.04.20-12.31.23:478][  0]LogSlate: Took 0.053508 seconds to synchronously load lazily loaded font '../../../Engine/Content/Slate/Fonts/Roboto-Regular.ttf' (155K)
[2020.04.20-12.31.23:533][  0]LogSlate: Took 0.048888 seconds to synchronously load lazily loaded font '../../../Engine/Content/Slate/Fonts/Roboto-Bold.ttf' (160K)
[2020.04.20-12.31.23:560][  0]LogSlate: Took 0.019375 seconds to synchronously load lazily loaded font '../../../Engine/Content/Editor/Slate/Fonts/FontAwesome.ttf' (139K)
[2020.04.20-12.31.24:036][  0]LogRenderer: Reallocating scene render targets to support 848x324 Format 10 NumSamples 1 (Frame:1).
[2020.04.20-12.31.24:523][  0]LogSlate: Took 0.027943 seconds to synchronously load lazily loaded font '../../../Engine/Content/Slate/Fonts/Roboto-Light.ttf' (167K)
[2020.04.20-12.31.24:963][  0]LogShaderCompilers: Display: Worker (4/5): shaders left to compile 35
[2020.04.20-12.31.25:004][  0]LogContentBrowser: Native class hierarchy updated for 'HierarchicalLODOutliner' in 0.0003 seconds. Added 0 classes and 0 folders.
[2020.04.20-12.31.25:004][  0]LogLoad: (Engine Initialization) Total time: 228.16 seconds
[2020.04.20-12.31.25:004][  0]LogLoad: (Engine Initialization) Total Blueprint compile time: 0.00 seconds
[2020.04.20-12.31.25:338][  0]LogShaderCompilers: Display: Worker (1/5): shaders left to compile 27
[2020.04.20-12.31.25:338][  0]LogContentStreaming: Texture pool size now 1000 MB
[2020.04.20-12.31.25:660][  1]LoadErrors: Error: /Game/GroupFolders/Ged/InventoryComponet : Failed import for ObjectProperty /Game/GroupFolders/Ged/InventoryUI/HUD.HUD_C:HUD_Canvas Referenced by export Function /Game/GroupFolders/Ged/InventoryComponet.InventoryComponet_C:ToggleInventory
[2020.04.20-12.31.25:660][  1]LogFileCache: Retrieving MD5 hashes for directory 'C:/Users/Gabe/Downloads/PhinalPhantasy1.3-master(1)/PhinalPhantasy1.3-master/PhinalPhantasy 4.23/Content/' took 0.50s
[2020.04.20-12.31.25:945][  4]LogShaderCompilers: Display: Worker (2/5): shaders left to compile 21
[2020.04.20-12.31.26:436][  7]LogSlate: Took 0.000340 seconds to synchronously load lazily loaded font '../../../Engine/Content/Slate/Fonts/Roboto-Light.ttf' (167K)
[2020.04.20-12.31.26:633][  9]LogShaderCompilers: Display: Worker (3/5): shaders left to compile 15
[2020.04.20-12.31.26:730][ 10]LogShaderCompilers: Display: Worker (4/5): shaders left to compile 11
[2020.04.20-12.31.27:745][ 20]LogShaderCompilers: Display: Worker (1/5): shaders left to compile 8
[2020.04.20-12.31.28:628][ 25]LogShaderCompilers: Display: Worker (4/5): shaders left to compile 5
[2020.04.20-12.31.29:007][ 29]LogShaderCompilers: Display: Worker (3/5): shaders left to compile 3
[2020.04.20-12.31.29:095][ 30]LogShaderCompilers: Display: Worker (2/5): shaders left to compile 2
[2020.04.20-12.31.29:259][ 32]LogShaderCompilers: Display: Worker (1/5): shaders left to compile 1
[2020.04.20-12.31.30:298][ 43]LogSlate: FSceneViewport::OnFocusLost() reason 0
[2020.04.20-12.31.32:066][ 63]LogAssetRegistry: Asset discovery search completed in 97.3434 seconds
[2020.04.20-12.31.32:070][ 63]LogCollectionManager: Rebuilt the object cache for 0 collections in 0.000006 seconds (found 0 objects)
[2020.04.20-12.31.32:070][ 63]LogCollectionManager: Fixed up redirectors for 0 collections in 0.000071 seconds (updated 0 objects)
[2020.04.20-12.31.40:976][499]LogEditorViewport: Clicking on Actor (LMB): StaticMeshActor (Shape_Plane)
[2020.04.20-12.31.44:081][576]Cmd: CAMERA ALIGN ACTIVEVIEWPORTONLY
[2020.04.20-12.31.45:952][681]LogEditorViewport: Clicking on Actor (LMB): MiniBoss_C (MiniBoss)
[2020.04.20-12.31.47:225][714]LogSlate: FSceneViewport::OnFocusLost() reason 0
[2020.04.20-12.31.47:368][721]LogUObjectHash: Compacting FUObjectHashTables data took   0.94ms
[2020.04.20-12.31.47:501][721]LogSlate: Window 'PhinalPhantasy - Unreal Editor' being destroyed
[2020.04.20-12.31.47:502][721]LogWindowsTextInputMethodSystem: Display: IME system now deactivated.
[2020.04.20-12.31.47:636][722]Cmd: QUIT_EDITOR
[2020.04.20-12.31.47:698][722]LogExit: Preparing to exit.
[2020.04.20-12.31.47:944][722]LogWorld: UWorld::CleanupWorld for World_1, bSessionEnded=true, bCleanupResources=true
[2020.04.20-12.31.47:944][722]LogWorld: UWorld::CleanupWorld for World_0, bSessionEnded=true, bCleanupResources=true
[2020.04.20-12.31.47:944][722]LogWorld: UWorld::CleanupWorld for World_2, bSessionEnded=true, bCleanupResources=true
[2020.04.20-12.31.47:977][722]LogDemo: Cleaned up 0 splitscreen connections with owner deletion
[2020.04.20-12.31.47:992][722]LogWorld: UWorld::CleanupWorld for None, bSessionEnded=true, bCleanupResources=true
[2020.04.20-12.31.47:992][722]LogExit: Editor shut down
[2020.04.20-12.31.47:993][722]LogExit: Transaction tracking system shut down
[2020.04.20-12.31.48:254][722]LogExit: Object subsystem successfully closed.
[2020.04.20-12.31.48:284][722]LogShaderCompilers: Display: Shaders left to compile 0
[2020.04.20-12.31.48:320][722]LogModuleManager: Shutting down and abandoning module HierarchicalLODOutliner (668)
[2020.04.20-12.31.48:320][722]LogModuleManager: Shutting down and abandoning module SceneOutliner (666)
[2020.04.20-12.31.48:320][722]LogModuleManager: Shutting down and abandoning module AddContentDialog (664)
[2020.04.20-12.31.48:321][722]LogModuleManager: Shutting down and abandoning module WidgetCarousel (663)
[2020.04.20-12.31.48:321][722]LogModuleManager: Shutting down and abandoning module EditorWidgets (660)
[2020.04.20-12.31.48:321][722]LogModuleManager: Shutting down and abandoning module CollectionManager (658)
[2020.04.20-12.31.48:321][722]LogModuleManager: Shutting down and abandoning module StatsViewer (656)
[2020.04.20-12.31.48:321][722]LogModuleManager: Shutting down and abandoning module VirtualTexturingEditor (654)
[2020.04.20-12.31.48:321][722]LogModuleManager: Shutting down and abandoning module FoliageEdit (652)
[2020.04.20-12.31.48:321][722]LogModuleManager: Shutting down and abandoning module LandscapeEditor (650)
[2020.04.20-12.31.48:321][722]LogModuleManager: Shutting down and abandoning module MeshPaintMode (648)
[2020.04.20-12.31.48:321][722]LogModuleManager: Shutting down and abandoning module SceneDepthPickerMode (646)
[2020.04.20-12.31.48:321][722]LogModuleManager: Shutting down and abandoning module ActorPickerMode (644)
[2020.04.20-12.31.48:321][722]LogModuleManager: Shutting down and abandoning module GeometryMode (642)
[2020.04.20-12.31.48:321][722]LogModuleManager: Shutting down and abandoning module TextureAlignMode (640)
[2020.04.20-12.31.48:321][722]LogModuleManager: Shutting down and abandoning module BspMode (638)
[2020.04.20-12.31.48:321][722]LogModuleManager: Shutting down and abandoning module PIEPreviewDeviceProfileSelector (636)
[2020.04.20-12.31.48:321][722]LogModuleManager: Shutting down and abandoning module SequenceRecorderSections (634)
[2020.04.20-12.31.48:321][722]LogModuleManager: Shutting down and abandoning module AutomationWorker (632)
[2020.04.20-12.31.48:321][722]LogModuleManager: Shutting down and abandoning module OculusMR (630)
[2020.04.20-12.31.48:321][722]LogModuleManager: Shutting down and abandoning module AudioCaptureEditor (628)
[2020.04.20-12.31.48:321][722]LogModuleManager: Shutting down and abandoning module MatineeToLevelSequence (626)
[2020.04.20-12.31.48:322][722]LogModuleManager: Shutting down and abandoning module LevelSequenceEditor (624)
[2020.04.20-12.31.48:322][722]LogModuleManager: Shutting down and abandoning module PlacementMode (623)
[2020.04.20-12.31.48:322][722]LogModuleManager: Shutting down and abandoning module MaterialEditor (622)
[2020.04.20-12.31.48:322][722]LogModuleManager: Shutting down and abandoning module ActorSequenceEditor (618)
[2020.04.20-12.31.48:322][722]LogModuleManager: Shutting down and abandoning module WmfMediaFactory (616)
[2020.04.20-12.31.48:322][722]LogModuleManager: Shutting down and abandoning module WmfMediaEditor (614)
[2020.04.20-12.31.48:322][722]LogModuleManager: Shutting down and abandoning module WebMMediaFactory (612)
[2020.04.20-12.31.48:322][722]LogModuleManager: Shutting down and abandoning module WebMMediaEditor (610)
[2020.04.20-12.31.48:322][722]LogModuleManager: Shutting down and abandoning module WebMMedia (608)
[2020.04.20-12.31.48:322][722]LogModuleManager: Shutting down and abandoning module MediaPlayerEditor (606)
[2020.04.20-12.31.48:322][722]LogModuleManager: Shutting down and abandoning module MediaCompositingEditor (604)
[2020.04.20-12.31.48:322][722]LogModuleManager: Shutting down and abandoning module SequenceRecorder (603)
[2020.04.20-12.31.48:322][722]LogModuleManager: Shutting down and abandoning module OpenExrWrapper (600)
[2020.04.20-12.31.48:322][722]LogModuleManager: Shutting down and abandoning module ImgMediaFactory (598)
[2020.04.20-12.31.48:322][722]LogModuleManager: Shutting down and abandoning module ImgMediaEditor (596)
[2020.04.20-12.31.48:322][722]LogModuleManager: Shutting down and abandoning module AvfMediaFactory (594)
[2020.04.20-12.31.48:322][722]LogModuleManager: Shutting down and abandoning module AvfMediaEditor (592)
[2020.04.20-12.31.48:322][722]LogModuleManager: Shutting down and abandoning module AndroidMediaFactory (590)
[2020.04.20-12.31.48:322][722]LogModuleManager: Shutting down and abandoning module AndroidMediaEditor (588)
[2020.04.20-12.31.48:322][722]LogModuleManager: Shutting down and abandoning module MagicLeapCameraPreviewFactory (586)
[2020.04.20-12.31.48:322][722]LogModuleManager: Shutting down and abandoning module MagicLeapMediaCodecFactory (584)
[2020.04.20-12.31.48:322][722]LogModuleManager: Shutting down and abandoning module MagicLeapMediaFactory (582)
[2020.04.20-12.31.48:322][722]LogModuleManager: Shutting down and abandoning module MagicLeapMediaEditor (580)
[2020.04.20-12.31.48:322][722]LogModuleManager: Shutting down and abandoning module CharacterAI (578)
[2020.04.20-12.31.48:322][722]LogModuleManager: Shutting down and abandoning module SmartSnapping (576)
[2020.04.20-12.31.48:322][722]LogModuleManager: Shutting down and abandoning module SessionServices (574)
[2020.04.20-12.31.48:322][722]LogModuleManager: Shutting down and abandoning module MeshPaint (572)
[2020.04.20-12.31.48:322][722]LogModuleManager: Shutting down and abandoning module ViewportSnapping (570)
[2020.04.20-12.31.48:322][722]LogModuleManager: Shutting down and abandoning module ViewportInteraction (568)
[2020.04.20-12.31.48:322][722]LogModuleManager: Shutting down and abandoning module ClothPainter (566)
[2020.04.20-12.31.48:322][722]LogModuleManager: Shutting down and abandoning module SkeletalMeshEditor (565)
[2020.04.20-12.31.48:322][722]LogModuleManager: Shutting down and abandoning module LogVisualizer (562)
[2020.04.20-12.31.48:322][722]LogModuleManager: Shutting down and abandoning module IntroTutorials (560)
[2020.04.20-12.31.48:322][722]LogModuleManager: Shutting down and abandoning module GameProjectGeneration (559)
[2020.04.20-12.31.48:323][722]LogModuleManager: Shutting down and abandoning module LuminPlatformEditor (556)
[2020.04.20-12.31.48:323][722]LogModuleManager: Shutting down and abandoning module IOSPlatformEditor (554)
[2020.04.20-12.31.48:323][722]LogModuleManager: Shutting down and abandoning module HTML5PlatformEditor (552)
[2020.04.20-12.31.48:323][722]LogModuleManager: Shutting down and abandoning module AndroidPlatformEditor (550)
[2020.04.20-12.31.48:323][722]LogModuleManager: Shutting down and abandoning module AndroidDeviceDetection (549)
[2020.04.20-12.31.48:677][722]LogModuleManager: Shutting down and abandoning module WindowsPlatformEditor (546)
[2020.04.20-12.31.48:677][722]LogModuleManager: Shutting down and abandoning module LuminRuntimeSettings (544)
[2020.04.20-12.31.48:677][722]LogModuleManager: Shutting down and abandoning module IOSRuntimeSettings (542)
[2020.04.20-12.31.48:677][722]LogModuleManager: Shutting down and abandoning module AndroidRuntimeSettings (540)
[2020.04.20-12.31.48:677][722]LogModuleManager: Shutting down and abandoning module TimeManagementEditor (538)
[2020.04.20-12.31.48:677][722]LogModuleManager: Shutting down and abandoning module InputBindingEditor (536)
[2020.04.20-12.31.48:677][722]LogModuleManager: Shutting down and abandoning module MergeActors (534)
[2020.04.20-12.31.48:677][722]LogModuleManager: Shutting down and abandoning module LocalizationDashboard (532)
[2020.04.20-12.31.48:677][722]LogModuleManager: Shutting down and abandoning module LocalizationService (531)
[2020.04.20-12.31.48:677][722]LogModuleManager: Shutting down and abandoning module HardwareTargeting (528)
[2020.04.20-12.31.48:677][722]LogModuleManager: Shutting down and abandoning module DeviceProfileEditor (526)
[2020.04.20-12.31.48:677][722]LogModuleManager: Shutting down and abandoning module UndoHistory (524)
[2020.04.20-12.31.48:677][722]LogModuleManager: Shutting down and abandoning module XmlParser (522)
[2020.04.20-12.31.48:677][722]LogModuleManager: Shutting down and abandoning module Blutility (520)
[2020.04.20-12.31.48:677][722]LogModuleManager: Shutting down and abandoning module ProjectSettingsViewer (518)
[2020.04.20-12.31.48:678][722]LogModuleManager: Shutting down and abandoning module ProjectTargetPlatformEditor (517)
[2020.04.20-12.31.48:678][722]LogModuleManager: Shutting down and abandoning module EditorSettingsViewer (514)
[2020.04.20-12.31.48:678][722]LogModuleManager: Shutting down and abandoning module SettingsEditor (512)
[2020.04.20-12.31.48:678][722]LogModuleManager: Shutting down and abandoning module ProjectLauncher (510)
[2020.04.20-12.31.48:678][722]LogModuleManager: Shutting down and abandoning module SessionFrontend (508)
[2020.04.20-12.31.48:678][722]LogModuleManager: Shutting down and abandoning module ProfilerClient (506)
[2020.04.20-12.31.48:678][722]LogModuleManager: Shutting down and abandoning module DeviceManager (504)
[2020.04.20-12.31.48:678][722]LogModuleManager: Shutting down and abandoning module TargetDeviceServices (503)
[2020.04.20-12.31.48:733][722]LogModuleManager: Shutting down and abandoning module AutomationController (500)
[2020.04.20-12.31.48:733][722]LogModuleManager: Shutting down and abandoning module AutomationWindow (498)
[2020.04.20-12.31.48:733][722]LogModuleManager: Shutting down and abandoning module Layers (496)
[2020.04.20-12.31.48:733][722]LogModuleManager: Shutting down and abandoning module ComponentVisualizers (494)
[2020.04.20-12.31.48:733][722]LogModuleManager: Shutting down and abandoning module DetailCustomizations (492)
[2020.04.20-12.31.48:733][722]LogModuleManager: Shutting down and abandoning module PackagesDialog (490)
[2020.04.20-12.31.48:733][722]LogModuleManager: Shutting down and abandoning module AnimationBlueprintEditor (488)
[2020.04.20-12.31.48:733][722]LogModuleManager: Shutting down and abandoning module Persona (486)
[2020.04.20-12.31.48:733][722]LogModuleManager: Shutting down and abandoning module AdvancedPreviewScene (485)
[2020.04.20-12.31.48:733][722]LogModuleManager: Shutting down and abandoning module AnimGraph (483)
[2020.04.20-12.31.48:733][722]LogModuleManager: Shutting down and abandoning module Kismet (480)
[2020.04.20-12.31.48:736][722]LogModuleManager: Shutting down and abandoning module KismetWidgets (479)
[2020.04.20-12.31.48:736][722]LogModuleManager: Shutting down and abandoning module GraphEditor (476)
[2020.04.20-12.31.48:736][722]LogModuleManager: Shutting down and abandoning module StructViewer (474)
[2020.04.20-12.31.48:736][722]LogModuleManager: Shutting down and abandoning module ClassViewer (472)
[2020.04.20-12.31.48:736][722]LogModuleManager: Shutting down and abandoning module Toolbox (470)
[2020.04.20-12.31.48:736][722]LogModuleManager: Shutting down and abandoning module ModuleUI (468)
[2020.04.20-12.31.48:736][722]LogModuleManager: Shutting down and abandoning module MovieSceneTools (466)
[2020.04.20-12.31.48:736][722]LogModuleManager: Shutting down and abandoning module OutputLog (464)
[2020.04.20-12.31.48:737][722]LogModuleManager: Shutting down and abandoning module GammaUI (462)
[2020.04.20-12.31.48:737][722]LogModuleManager: Shutting down and abandoning module Documentation (460)
[2020.04.20-12.31.48:737][722]LogModuleManager: Shutting down and abandoning module LiveCoding (458)
[2020.04.20-12.31.48:737][722]LogModuleManager: Shutting down and abandoning module LevelSequence (456)
[2020.04.20-12.31.48:737][722]LogModuleManager: Shutting down and abandoning module MovieSceneTracks (454)
[2020.04.20-12.31.48:737][722]LogModuleManager: Shutting down and abandoning module MovieScene (452)
[2020.04.20-12.31.48:737][722]LogModuleManager: Shutting down and abandoning module StreamingPauseRendering (450)
[2020.04.20-12.31.48:737][722]LogModuleManager: Shutting down and abandoning module LauncherPlatform (448)
[2020.04.20-12.31.48:737][722]LogModuleManager: Shutting down and abandoning module AnalyticsET (446)
[2020.04.20-12.31.48:737][722]LogModuleManager: Shutting down and abandoning module PortalServices (444)
[2020.04.20-12.31.48:737][722]LogModuleManager: Shutting down and abandoning module PortalRpc (442)
[2020.04.20-12.31.48:737][722]LogModuleManager: Shutting down and abandoning module MessagingRpc (440)
[2020.04.20-12.31.48:737][722]LogModuleManager: Shutting down and abandoning module AIModule (438)
[2020.04.20-12.31.48:737][722]LogModuleManager: Shutting down and abandoning module GameplayDebugger (437)
[2020.04.20-12.31.48:737][722]LogModuleManager: Shutting down and abandoning module AITestSuite (435)
[2020.04.20-12.31.48:737][722]LogModuleManager: Shutting down and abandoning module NavigationSystem (433)
[2020.04.20-12.31.48:737][722]LogModuleManager: Shutting down and abandoning module DesktopPlatform (430)
[2020.04.20-12.31.48:737][722]LogModuleManager: Shutting down and abandoning module ImageWriteQueue (428)
[2020.04.20-12.31.48:743][722]LogModuleManager: Shutting down and abandoning module ProfilerService (426)
[2020.04.20-12.31.48:842][722]LogModuleManager: Shutting down and abandoning module TaskGraph (424)
[2020.04.20-12.31.48:842][722]LogModuleManager: Shutting down and abandoning module ScreenshotTools (422)
[2020.04.20-12.31.48:842][722]LogModuleManager: Shutting down and abandoning module SteamVRController (420)
[2020.04.20-12.31.48:842][722]LogModuleManager: Shutting down and abandoning module ProceduralMeshComponentEditor (418)
[2020.04.20-12.31.48:842][722]LogModuleManager: Shutting down and abandoning module ProceduralMeshComponent (416)
[2020.04.20-12.31.48:842][722]LogModuleManager: Shutting down and abandoning module OculusEditor (414)
[2020.04.20-12.31.48:842][722]LogModuleManager: Shutting down and abandoning module OculusInput (412)
[2020.04.20-12.31.48:842][722]LogModuleManager: Shutting down and abandoning module MobilePatchingUtils (410)
[2020.04.20-12.31.48:842][722]LogModuleManager: Shutting down and abandoning module EditableMesh (408)
[2020.04.20-12.31.48:842][722]LogModuleManager: Shutting down and abandoning module CustomMeshComponent (406)
[2020.04.20-12.31.48:842][722]LogModuleManager: Shutting down and abandoning module CableComponent (404)
[2020.04.20-12.31.48:842][722]LogModuleManager: Shutting down and abandoning module AudioCapture (402)
[2020.04.20-12.31.48:842][722]LogModuleManager: Shutting down and abandoning module ArchVisCharacter (400)
[2020.04.20-12.31.48:842][722]LogModuleManager: Shutting down and abandoning module AppleImageUtilsBlueprintSupport (398)
[2020.04.20-12.31.48:842][722]LogModuleManager: Shutting down and abandoning module AppleImageUtils (396)
[2020.04.20-12.31.48:842][722]LogModuleManager: Shutting down and abandoning module AndroidPermission (394)
[2020.04.20-12.31.48:842][722]LogModuleManager: Shutting down and abandoning module NUTUnrealEngine4 (392)
[2020.04.20-12.31.48:842][722]LogModuleManager: Shutting down and abandoning module NetcodeUnitTest (390)
[2020.04.20-12.31.48:843][722]LogModuleManager: Shutting down and abandoning module MediaCompositing (388)
[2020.04.20-12.31.48:843][722]LogModuleManager: Shutting down and abandoning module ImgMedia (386)
[2020.04.20-12.31.48:843][722]LogModuleManager: Shutting down and abandoning module MagicLeapHelperVulkan (384)
[2020.04.20-12.31.48:843][722]LogModuleManager: Shutting down and abandoning module MagicLeapHelperOpenGL (382)
[2020.04.20-12.31.48:843][722]LogModuleManager: Shutting down and abandoning module MagicLeapAudio (380)
[2020.04.20-12.31.48:843][722]LogModuleManager: Shutting down and abandoning module HTML5Networking (378)
[2020.04.20-12.31.48:843][722]LogModuleManager: Shutting down and abandoning module GeometryCacheTracks (376)
[2020.04.20-12.31.48:843][722]LogModuleManager: Shutting down and abandoning module GeometryCacheSequencer (374)
[2020.04.20-12.31.48:843][722]LogModuleManager: Shutting down and abandoning module BackChannel (372)
[2020.04.20-12.31.48:843][722]LogModuleManager: Shutting down and abandoning module AutomationUtilsEditor (370)
[2020.04.20-12.31.48:843][722]LogModuleManager: Shutting down and abandoning module AutomationUtils (368)
[2020.04.20-12.31.48:843][722]LogModuleManager: Shutting down and abandoning module AlembicImporter (366)
[2020.04.20-12.31.48:843][722]LogModuleManager: Shutting down and abandoning module AlembicLibrary (365)
[2020.04.20-12.31.48:843][722]LogModuleManager: Shutting down and abandoning module GeometryCache (364)
[2020.04.20-12.31.48:843][722]LogModuleManager: Shutting down and abandoning module GeometryCacheEd (363)
[2020.04.20-12.31.48:843][722]LogModuleManager: Shutting down and abandoning module VariantManagerContent (358)
[2020.04.20-12.31.48:843][722]LogModuleManager: Shutting down and abandoning module DatasmithContentEditor (356)
[2020.04.20-12.31.48:843][722]LogModuleManager: Shutting down and abandoning module SpeedTreeImporter (354)
[2020.04.20-12.31.48:843][722]LogModuleManager: Shutting down and abandoning module PluginBrowser (352)
[2020.04.20-12.31.48:843][722]LogModuleManager: Shutting down and abandoning module MobileLauncherProfileWizard (350)
[2020.04.20-12.31.48:843][722]LogModuleManager: Shutting down and abandoning module MaterialAnalyzer (348)
[2020.04.20-12.31.48:843][722]LogModuleManager: Shutting down and abandoning module CurveEditorTools (346)
[2020.04.20-12.31.48:843][722]LogModuleManager: Shutting down and abandoning module CurveEditor (345)
[2020.04.20-12.31.48:844][722]LogModuleManager: Shutting down and abandoning module CryptoKeysOpenSSL (342)
[2020.04.20-12.31.48:844][722]LogModuleManager: Shutting down and abandoning module CryptoKeys (340)
[2020.04.20-12.31.48:844][722]LogModuleManager: Shutting down and abandoning module VisualStudioSourceCodeAccess (338)
[2020.04.20-12.31.48:844][722]LogModuleManager: Shutting down and abandoning module VisualStudioCodeSourceCodeAccess (336)
[2020.04.20-12.31.48:844][722]LogModuleManager: Shutting down and abandoning module UObjectPlugin (334)
[2020.04.20-12.31.48:844][722]LogModuleManager: Shutting down and abandoning module SubversionSourceControl (332)
[2020.04.20-12.31.48:844][722]LogModuleManager: Shutting down and abandoning module PerforceSourceControl (330)
[2020.04.20-12.31.48:844][722]LogModuleManager: Shutting down and abandoning module GitSourceControl (328)
[2020.04.20-12.31.48:844][722]LogModuleManager: Shutting down and abandoning module SourceControl (327)
[2020.04.20-12.31.48:844][722]LogModuleManager: Shutting down and abandoning module CLionSourceCodeAccess (324)
[2020.04.20-12.31.48:844][722]LogModuleManager: Shutting down and abandoning module AnimationSharingEd (322)
[2020.04.20-12.31.48:844][722]LogModuleManager: Shutting down and abandoning module ActorLayerUtilitiesEditor (320)
[2020.04.20-12.31.48:844][722]LogModuleManager: Shutting down and abandoning module ActorLayerUtilities (318)
[2020.04.20-12.31.48:844][722]LogModuleManager: Shutting down and abandoning module LightPropagationVolumeEditor (316)
[2020.04.20-12.31.48:844][722]LogModuleManager: Shutting down and abandoning module PaperTiledImporter (314)
[2020.04.20-12.31.48:844][722]LogModuleManager: Shutting down and abandoning module PaperSpriteSheetImporter (312)
[2020.04.20-12.31.48:844][722]LogModuleManager: Shutting down and abandoning module Paper2DEditor (310)
[2020.04.20-12.31.48:844][722]LogModuleManager: Shutting down and abandoning module SignificanceManager (308)
[2020.04.20-12.31.48:844][722]LogModuleManager: Shutting down and abandoning module RuntimePhysXCooking (306)
[2020.04.20-12.31.48:844][722]LogModuleManager: Shutting down and abandoning module PhysXVehiclesEditor (304)
[2020.04.20-12.31.48:844][722]LogModuleManager: Shutting down and abandoning module LocationServicesBPLibrary (300)
[2020.04.20-12.31.48:844][722]LogModuleManager: Shutting down and abandoning module ActorSequence (298)
[2020.04.20-12.31.48:844][722]LogModuleManager: Shutting down and abandoning module UdpMessaging (296)
[2020.04.20-12.31.48:946][722]LogModuleManager: Shutting down and abandoning module TcpMessaging (294)
[2020.04.20-12.31.49:047][722]LogModuleManager: Shutting down and abandoning module MagicLeapIdentity (292)
[2020.04.20-12.31.49:047][722]LogModuleManager: Shutting down and abandoning module MagicLeapSecureStorage (290)
[2020.04.20-12.31.49:047][722]LogModuleManager: Shutting down and abandoning module MagicLeapHandTracking (288)
[2020.04.20-12.31.49:047][722]LogModuleManager: Shutting down and abandoning module MagicLeapEyeTracker (286)
[2020.04.20-12.31.49:047][722]LogModuleManager: Shutting down and abandoning module MagicLeapController (284)
[2020.04.20-12.31.49:047][722]LogSlate: Slate User Destroyed.  User Index 0, Is Virtual User: 0
[2020.04.20-12.31.49:047][722]LogModuleManager: Shutting down and abandoning module MagicLeapAR (282)
[2020.04.20-12.31.49:047][722]LogModuleManager: Shutting down and abandoning module AugmentedReality (281)
[2020.04.20-12.31.49:047][722]LogModuleManager: Shutting down and abandoning module GameplayTagsEditor (278)
[2020.04.20-12.31.49:047][722]LogModuleManager: Shutting down and abandoning module FacialAnimationEditor (276)
[2020.04.20-12.31.49:047][722]LogModuleManager: Shutting down and abandoning module FacialAnimation (274)
[2020.04.20-12.31.49:047][722]LogModuleManager: Shutting down and abandoning module DataValidation (272)
[2020.04.20-12.31.49:047][722]LogModuleManager: Shutting down and abandoning module AssetManagerEditor (270)
[2020.04.20-12.31.49:048][722]LogModuleManager: Shutting down and abandoning module LevelEditor (269)
[2020.04.20-12.31.49:049][722]LogModuleManager: Shutting down and abandoning module PixelInspectorModule (268)
[2020.04.20-12.31.49:049][722]LogModuleManager: Shutting down and abandoning module CommonMenuExtensions (266)
[2020.04.20-12.31.49:049][722]LogModuleManager: Shutting down and abandoning module MainFrame (264)
[2020.04.20-12.31.49:049][722]LogModuleManager: Shutting down and abandoning module HotReload (263)
[2020.04.20-12.31.49:050][722]LogModuleManager: Shutting down and abandoning module ContentBrowser (259)
[2020.04.20-12.31.49:052][722]LogModuleManager: Shutting down and abandoning module TreeMap (257)
[2020.04.20-12.31.49:052][722]LogModuleManager: Shutting down and abandoning module AnimationSharing (254)
[2020.04.20-12.31.49:052][722]LogModuleManager: Shutting down and abandoning module LightPropagationVolumeRuntime (252)
[2020.04.20-12.31.49:052][722]LogModuleManager: Shutting down and abandoning module Paper2D (250)
[2020.04.20-12.31.49:052][722]LogModuleManager: Shutting down and abandoning module WindowsMoviePlayer (248)
[2020.04.20-12.31.49:055][722]LogModuleManager: Shutting down and abandoning module WebMMoviePlayer (246)
[2020.04.20-12.31.49:055][722]LogModuleManager: Shutting down and abandoning module NetworkReplayStreaming (244)
[2020.04.20-12.31.49:055][722]LogModuleManager: Shutting down and abandoning module PacketHandler (242)
[2020.04.20-12.31.49:055][722]LogModuleManager: Shutting down and abandoning module ClothingSystemEditor (240)
[2020.04.20-12.31.49:055][722]LogModuleManager: Shutting down and abandoning module ClothingSystemRuntime (238)
[2020.04.20-12.31.49:055][722]LogModuleManager: Shutting down and abandoning module MediaAssets (236)
[2020.04.20-12.31.49:055][722]LogModuleManager: Shutting down and abandoning module Overlay (234)
[2020.04.20-12.31.49:055][722]LogModuleManager: Shutting down and abandoning module OverlayEditor (233)
[2020.04.20-12.31.49:055][722]LogModuleManager: Shutting down and abandoning module VREditor (230)
[2020.04.20-12.31.49:055][722]LogModuleManager: Shutting down and abandoning module StringTableEditor (228)
[2020.04.20-12.31.49:055][722]LogModuleManager: Shutting down and abandoning module GameplayTasksEditor (226)
[2020.04.20-12.31.49:055][722]LogModuleManager: Shutting down and abandoning module BehaviorTreeEditor (224)
[2020.04.20-12.31.49:055][722]LogModuleManager: Shutting down and abandoning module FunctionalTesting (222)
[2020.04.20-12.31.49:055][722]LogModuleManager: Shutting down and abandoning module CollisionAnalyzer (220)
[2020.04.20-12.31.49:055][722]LogModuleManager: Shutting down and abandoning module WorkspaceMenuStructure (219)
[2020.04.20-12.31.49:055][722]LogModuleManager: Shutting down and abandoning module UMG (216)
[2020.04.20-12.31.49:055][722]LogModuleManager: Shutting down and abandoning module UMGEditor (215)
[2020.04.20-12.31.49:055][722]LogModuleManager: Shutting down and abandoning module Sequencer (214)
[2020.04.20-12.31.49:056][722]LogModuleManager: Shutting down and abandoning module MessageLog (211)
[2020.04.20-12.31.49:056][722]LogModuleManager: Shutting down and abandoning module SlateReflector (206)
[2020.04.20-12.31.49:056][722]LogModuleManager: Shutting down and abandoning module Slate (204)
[2020.04.20-12.31.49:056][722]LogModuleManager: Shutting down and abandoning module LandscapeEditorUtilities (202)
[2020.04.20-12.31.49:056][722]LogModuleManager: Shutting down and abandoning module EditorStyle (200)
[2020.04.20-12.31.49:057][722]LogModuleManager: Shutting down and abandoning module UnrealEd (198)
[2020.04.20-12.31.49:057][722]LogModuleManager: Shutting down and abandoning module MRMesh (196)
[2020.04.20-12.31.49:057][722]LogModuleManager: Shutting down and abandoning module SourceCodeAccess (194)
[2020.04.20-12.31.49:057][722]LogModuleManager: Shutting down and abandoning module HeadMountedDisplay (192)
[2020.04.20-12.31.49:057][722]LogModuleManager: Shutting down and abandoning module XAudio2 (190)
[2020.04.20-12.31.49:057][722]LogModuleManager: Shutting down and abandoning module Networking (188)
[2020.04.20-12.31.49:057][722]LogModuleManager: Shutting down and abandoning module Core (186)
[2020.04.20-12.31.49:057][722]LogModuleManager: Shutting down and abandoning module KismetCompiler (184)
[2020.04.20-12.31.49:057][722]LogModuleManager: Shutting down and abandoning module MeshUtilities (182)
[2020.04.20-12.31.49:057][722]LogModuleManager: Shutting down and abandoning module MeshMergeUtilities (181)
[2020.04.20-12.31.49:057][722]LogModuleManager: Shutting down and abandoning module MeshReductionInterface (180)
[2020.04.20-12.31.49:057][722]LogModuleManager: Shutting down and abandoning module SkeletalMeshReduction (179)
[2020.04.20-12.31.49:057][722]LogModuleManager: Shutting down and abandoning module ProxyLODMeshReduction (177)
[2020.04.20-12.31.49:057][722]LogModuleManager: Shutting down and abandoning module QuadricMeshReduction (175)
[2020.04.20-12.31.49:057][722]LogModuleManager: Shutting down and abandoning module MaterialBaking (171)
[2020.04.20-12.31.49:057][722]LogModuleManager: Shutting down and abandoning module NullInstallBundleManager (166)
[2020.04.20-12.31.49:057][722]LogModuleManager: Shutting down and abandoning module DerivedDataCache (164)
[2020.04.20-12.31.49:338][722]LogDerivedDataCache: Shutdown
[2020.04.20-12.31.49:338][722]LogModuleManager: Shutting down and abandoning module XGEController (162)
[2020.04.20-12.31.49:338][722]LogModuleManager: Shutting down and abandoning module TargetPlatform (160)
[2020.04.20-12.31.49:339][722]LogModuleManager: Shutting down and abandoning module VulkanShaderFormat (159)
[2020.04.20-12.31.49:339][722]LogModuleManager: Shutting down and abandoning module ShaderFormatVectorVM (157)
[2020.04.20-12.31.49:339][722]LogModuleManager: Shutting down and abandoning module ShaderFormatOpenGL (155)
[2020.04.20-12.31.49:339][722]LogModuleManager: Shutting down and abandoning module ShaderFormatD3D (153)
[2020.04.20-12.31.49:339][722]LogModuleManager: Shutting down and abandoning module MetalShaderFormat (151)
[2020.04.20-12.31.49:339][722]LogModuleManager: Shutting down and abandoning module TextureFormatUncompressed (149)
[2020.04.20-12.31.49:339][722]LogModuleManager: Shutting down and abandoning module TextureFormatPVR (147)
[2020.04.20-12.31.49:339][722]LogModuleManager: Shutting down and abandoning module TextureFormatDXT (145)
[2020.04.20-12.31.49:339][722]LogModuleManager: Shutting down and abandoning module TextureFormatIntelISPCTexComp (143)
[2020.04.20-12.31.49:339][722]LogModuleManager: Shutting down and abandoning module TextureFormatASTC (141)
[2020.04.20-12.31.49:339][722]LogModuleManager: Shutting down and abandoning module ImageWrapper (140)
[2020.04.20-12.31.49:339][722]LogModuleManager: Shutting down and abandoning module TextureFormatAndroid (137)
[2020.04.20-12.31.49:339][722]LogModuleManager: Shutting down and abandoning module AudioFormatOpus (135)
[2020.04.20-12.31.49:339][722]LogModuleManager: Shutting down and abandoning module AudioFormatOgg (133)
[2020.04.20-12.31.49:339][722]LogModuleManager: Shutting down and abandoning module AudioFormatADPCM (131)
[2020.04.20-12.31.49:339][722]LogModuleManager: Shutting down and abandoning module LuminTargetPlatform (129)
[2020.04.20-12.31.49:340][722]LogModuleManager: Shutting down and abandoning module LinuxTargetPlatform (127)
[2020.04.20-12.31.49:340][722]LogModuleManager: Shutting down and abandoning module LinuxServerTargetPlatform (125)
[2020.04.20-12.31.49:340][722]LogModuleManager: Shutting down and abandoning module LinuxNoEditorTargetPlatform (123)
[2020.04.20-12.31.49:340][722]LogModuleManager: Shutting down and abandoning module LinuxClientTargetPlatform (121)
[2020.04.20-12.31.49:340][722]LogModuleManager: Shutting down and abandoning module TVOSTargetPlatform (119)
[2020.04.20-12.31.49:342][722]LogModuleManager: Shutting down and abandoning module Messaging (117)
[2020.04.20-12.31.49:342][722]LogModuleManager: Shutting down and abandoning module IOSTargetPlatform (115)
[2020.04.20-12.31.49:343][722]LogModuleManager: Shutting down and abandoning module HTML5TargetPlatform (113)
[2020.04.20-12.31.49:343][722]LogModuleManager: Shutting down and abandoning module AndroidTargetPlatform (111)
[2020.04.20-12.31.49:355][722]LogModuleManager: Shutting down and abandoning module WindowsTargetPlatform (109)
[2020.04.20-12.31.49:355][722]LogModuleManager: Shutting down and abandoning module WindowsServerTargetPlatform (107)
[2020.04.20-12.31.49:355][722]LogModuleManager: Shutting down and abandoning module WindowsNoEditorTargetPlatform (105)
[2020.04.20-12.31.49:355][722]LogModuleManager: Shutting down and abandoning module WindowsClientTargetPlatform (103)
[2020.04.20-12.31.49:355][722]LogModuleManager: Shutting down and abandoning module MacTargetPlatform (101)
[2020.04.20-12.31.49:355][722]LogModuleManager: Shutting down and abandoning module MacServerTargetPlatform (99)
[2020.04.20-12.31.49:355][722]LogModuleManager: Shutting down and abandoning module MacNoEditorTargetPlatform (97)
[2020.04.20-12.31.49:355][722]LogModuleManager: Shutting down and abandoning module MacClientTargetPlatform (95)
[2020.04.20-12.31.49:355][722]LogModuleManager: Shutting down and abandoning module AllDesktopTargetPlatform (93)
[2020.04.20-12.31.49:355][722]LogModuleManager: Shutting down and abandoning module InputCore (90)
[2020.04.20-12.31.49:355][722]LogModuleManager: Shutting down and abandoning module Settings (88)
[2020.04.20-12.31.49:355][722]LogModuleManager: Shutting down and abandoning module DirectoryWatcher (86)
[2020.04.20-12.31.49:355][722]LogModuleManager: Shutting down and abandoning module PhysXCooking (84)
[2020.04.20-12.31.49:355][722]LogModuleManager: Shutting down and abandoning module WindowsPlatformFeatures (82)
[2020.04.20-12.31.49:355][722]LogModuleManager: Shutting down and abandoning module GameplayMediaEncoder (81)
[2020.04.20-12.31.49:355][722]LogModuleManager: Shutting down and abandoning module SteamVR (78)
[2020.04.20-12.31.49:355][722]LogHMD: Freeing OpenVRDLLHandle.
[2020.04.20-12.31.49:355][722]LogModuleManager: Shutting down and abandoning module OculusHMD (76)
[2020.04.20-12.31.49:355][722]LogModuleManager: Shutting down and abandoning module ExampleDeviceProfileSelector (74)
[2020.04.20-12.31.49:356][722]LogModuleManager: Shutting down and abandoning module LauncherChunkInstaller (72)
[2020.04.20-12.31.49:356][722]LogModuleManager: Shutting down and abandoning module OnlineBlueprintSupport (70)
[2020.04.20-12.31.49:356][722]LogModuleManager: Shutting down and abandoning module OnlineSubsystem (66)
[2020.04.20-12.31.49:357][722]LogModuleManager: Shutting down and abandoning module XMPP (61)
[2020.04.20-12.31.49:357][722]LogModuleManager: Shutting down and abandoning module WebSockets (60)
[2020.04.20-12.31.49:390][722]LogModuleManager: Shutting down and abandoning module HTTP (57)
[2020.04.20-12.31.49:390][722]LogHttp: Display: Http module shutting down, but needs to wait on 1 outstanding Http requests:
[2020.04.20-12.31.49:390][722]LogHttp: Display: 	verb=[POST] url=[https://datarouter.ol.epicgames.com/datarouter/api/v1/public/data?SessionID=%7B20055DCD-4028-7F32-FBC2-17B3ADBFC1FC%7D&AppID=UEEditor.Rocket.Release&AppVersion=4.23.1-9631420%2B%2B%2BUE4%2BRelease-4.23&UserID=01eb7cea452b4c7b2b41cbb1ec10d698%7C944867e13b9f4ddabf16e39d24cde4ca%7C10303b75-405c-4f62-953f-4fc6b2e671f2&AppEnvironment=datacollector-binary&UploadType=eteventstream] status=Processing
[2020.04.20-12.31.49:413][722]LogModuleManager: Shutting down and abandoning module SSL (56)
[2020.04.20-12.31.49:414][722]LogModuleManager: Shutting down and abandoning module WmfMedia (52)
[2020.04.20-12.31.49:416][722]LogModuleManager: Shutting down and abandoning module Media (51)
[2020.04.20-12.31.49:417][722]LogModuleManager: Shutting down and abandoning module MagicLeap (48)
[2020.04.20-12.31.49:417][722]LogModuleManager: Shutting down and abandoning module DatasmithContent (46)
[2020.04.20-12.31.49:417][722]LogModuleManager: Shutting down and abandoning module AISupportModule (44)
[2020.04.20-12.31.49:417][722]LogModuleManager: Shutting down and abandoning module PlatformCryptoOpenSSL (42)
[2020.04.20-12.31.49:417][722]LogModuleManager: Shutting down and abandoning module PlatformCrypto (40)
[2020.04.20-12.31.49:417][722]LogModuleManager: Shutting down and abandoning module AnimationModifiers (38)
[2020.04.20-12.31.49:417][722]LogModuleManager: Shutting down and abandoning module PropertyEditor (37)
[2020.04.20-12.31.49:418][722]LogModuleManager: Shutting down and abandoning module AudioEditor (34)
[2020.04.20-12.31.49:418][722]LogModuleManager: Shutting down and abandoning module TextureCompressor (32)
[2020.04.20-12.31.49:418][722]LogModuleManager: Shutting down and abandoning module RenderCore (30)
[2020.04.20-12.31.49:418][722]LogModuleManager: Shutting down and abandoning module Landscape (28)
[2020.04.20-12.31.49:418][722]LogModuleManager: Shutting down and abandoning module SlateRHIRenderer (26)
[2020.04.20-12.31.49:419][722]LogModuleManager: Shutting down and abandoning module OpenGLDrv (24)
[2020.04.20-12.31.49:419][722]LogModuleManager: Shutting down and abandoning module D3D11RHI (22)
[2020.04.20-12.31.49:419][722]LogModuleManager: Shutting down and abandoning module AnimGraphRuntime (20)
[2020.04.20-12.31.49:420][722]LogModuleManager: Shutting down and abandoning module Renderer (18)
[2020.04.20-12.31.49:420][722]LogModuleManager: Shutting down and abandoning module Engine (16)
[2020.04.20-12.31.49:420][722]LogModuleManager: Shutting down and abandoning module CoreUObject (14)
[2020.04.20-12.31.49:420][722]LogModuleManager: Shutting down and abandoning module NetworkFile (12)
[2020.04.20-12.31.49:420][722]LogModuleManager: Shutting down and abandoning module CookedIterativeFile (10)
[2020.04.20-12.31.49:420][722]LogModuleManager: Shutting down and abandoning module StreamingFile (8)
[2020.04.20-12.31.49:420][722]LogModuleManager: Shutting down and abandoning module SandboxFile (6)
[2020.04.20-12.31.49:420][722]LogModuleManager: Shutting down and abandoning module PakFile (4)
[2020.04.20-12.31.49:420][722]LogModuleManager: Shutting down and abandoning module RSA (3)
[2020.04.20-12.31.49:420][722]LogD3D11RHI: Shutdown
[2020.04.20-12.31.49:420][722]LogD3D11RHI: CleanupD3DDevice
[2020.04.20-12.31.49:421][722]LogRendererCore: FGlobalDynamicReadBuffer::Cleanup()
[2020.04.20-12.31.49:421][722]LogRendererCore: FGlobalDynamicReadBuffer::Cleanup()
[2020.04.20-12.31.49:421][722]LogRendererCore: FGlobalDynamicReadBuffer::Cleanup()
[2020.04.20-12.31.51:463][722]LogD3D11RHI: ~FD3D11DynamicRHI
[2020.04.20-12.31.51:474][722]LogExit: Exiting.
[2020.04.20-12.31.51:566][722]Log file closed, 04/20/20 08:31:51
